Open5GS daemon v2.7.2

[32m07/10 01:57:55.915[0m: [[33mapp[0m] [1;32mINFO[0m: Configuration: '/open5gs/config-map/ausf.yaml' (../lib/app/ogs-init.c:133)
[32m07/10 01:57:55.915[0m: [[33mapp[0m] [1;32mINFO[0m: File Logging: '/var/log/open5gs/ausf.log' (../lib/app/ogs-init.c:136)
[32m07/10 01:57:55.919[0m: [[33msbi[0m] [1;32mINFO[0m: NF EndPoint(fqdn) setup [open5gs-scp:80] (../lib/sbi/context.c:474)
[32m07/10 01:57:55.919[0m: [[33mausf[0m] [1;36mWARNING[0m: unknown key `metrics` (../src/ausf/context.c:116)
[32m07/10 01:57:55.919[0m: [[33msbi[0m] [1;32mINFO[0m: NF Service [nausf-auth] (../lib/sbi/context.c:1829)
[32m07/10 01:57:55.920[0m: [[33msbi[0m] [1;32mINFO[0m: nghttp2_server() [http://0.0.0.0]:80 (../lib/sbi/nghttp2-server.c:424)
[32m07/10 01:57:55.920[0m: [[33mapp[0m] [1;32mINFO[0m: AUSF initialize...done (../src/ausf/app.c:31)
[32m07/10 01:58:06.931[0m: [[33msbi[0m] [1;33mERROR[0m: Connection timer expired (../lib/sbi/client.c:605)
[32m07/10 01:58:06.931[0m: [[33msbi[0m] [1;36mWARNING[0m: ogs_sbi_client_handler() failed [-3] (../lib/sbi/path.c:62)
[32m07/10 01:58:06.931[0m: [[33msbi[0m] [1;36mWARNING[0m: [d31ea742-5d52-41f0-842f-3739d17b9e6b] Retry registration with NRF (../lib/sbi/nf-sm.c:169)
[32m07/10 01:58:06.933[0m: [[33msbi[0m] [1;32mINFO[0m: [d31ea742-5d52-41f0-842f-3739d17b9e6b] NF registered [Heartbeat:10s] (../lib/sbi/nf-sm.c:208)
[32m07/10 01:58:06.934[0m: [[33msbi[0m] [1;32mINFO[0m: NF EndPoint(fqdn) setup [open5gs-nrf:0] (../lib/sbi/nnrf-handler.c:949)
[32m07/10 01:58:06.934[0m: [[33msbi[0m] [1;32mINFO[0m: [d9af72bc-5d52-41f0-97ea-6bf869add9b5] Subscription created until 2025-07-11T01:58:06.934148-04:00 [duration:86400000000,validity:86400.000000,patch:43200.000000] (../lib/sbi/nnrf-handler.c:868)
[32m07/10 01:58:06.935[0m: [[33msbi[0m] [1;32mINFO[0m: NF EndPoint(fqdn) setup [open5gs-nrf:0] (../lib/sbi/nnrf-handler.c:949)
[32m07/10 01:58:06.935[0m: [[33msbi[0m] [1;32mINFO[0m: [d9af79ec-5d52-41f0-97ea-6bf869add9b5] Subscription created until 2025-07-11T01:58:06.934283-04:00 [duration:86400000000,validity:86400.000000,patch:43200.000000] (../lib/sbi/nnrf-handler.c:868)
[32m07/10 01:58:07.130[0m: [[33msbi[0m] [1;32mINFO[0m: [d33cb8f4-5d52-41f0-a6f9-01de33d714e5] (NRF-notify) NF registered (../lib/sbi/nnrf-handler.c:1133)
[32m07/10 01:58:07.130[0m: [[33msbi[0m] [1;32mINFO[0m: [d33cb8f4-5d52-41f0-a6f9-01de33d714e5] (NRF-notify) NF Profile updated [type:UDM] (../lib/sbi/nnrf-handler.c:1147)
[32m07/10 01:58:07.130[0m: [[33msbi[0m] [1;32mINFO[0m: NF EndPoint(fqdn) setup [open5gs-udm:0] (../lib/sbi/context.c:2195)
[32m07/10 01:58:07.130[0m: [[33msbi[0m] [1;32mINFO[0m: NF EndPoint(fqdn) setup [open5gs-udm:0] (../lib/sbi/context.c:1934)
[32m07/10 02:00:50.073[0m: [[33msbi[0m] [1;32mINFO[0m: [d33cb8f4-5d52-41f0-a6f9-01de33d714e5] NF Instance setup [type:UDM validity:0s] (../lib/sbi/path.c:297)
[32m07/10 02:00:50.092[0m: [[33mausf[0m] [1;32mINFO[0m: NF EndPoint(fqdn) setup [open5gs-udm:0] (../src/ausf/nudm-handler.c:337)
