Open5GS daemon v2.7.2

[32m07/10 01:57:55.708[0m: [[33mapp[0m] [1;32mINFO[0m: Configuration: '/open5gs/config-map/nrf.yaml' (../lib/app/ogs-init.c:133)
[32m07/10 01:57:55.708[0m: [[33mapp[0m] [1;32mINFO[0m: File Logging: '/var/log/open5gs/nrf.log' (../lib/app/ogs-init.c:136)
[32m07/10 01:57:55.712[0m: [[33msbi[0m] [1;32mINFO[0m: nghttp2_server() [http://0.0.0.0]:80 (../lib/sbi/nghttp2-server.c:424)
[32m07/10 01:57:55.712[0m: [[33mapp[0m] [1;32mINFO[0m: NRF initialize...done (../src/nrf/app.c:31)
[32m07/10 01:58:02.085[0m: [[33mnrf[0m] [1;36mWARNING[0m: Not found [8b2f93de-5d51-41f0-bfba-b7f58fd84515] (../src/nrf/nrf-sm.c:158)
[32m07/10 01:58:04.089[0m: [[33msbi[0m] [1;32mINFO[0m: NF EndPoint(fqdn) setup [open5gs-smf:0] (../lib/sbi/context.c:2195)
[32m07/10 01:58:04.089[0m: [[33msbi[0m] [1;32mINFO[0m: NF EndPoint(fqdn) setup [open5gs-smf:0] (../lib/sbi/context.c:1934)
[32m07/10 01:58:04.089[0m: [[33mnrf[0m] [1;32mINFO[0m: [8b2f93de-5d51-41f0-bfba-b7f58fd84515] NF registered [Heartbeat:10s] (../src/nrf/nf-sm.c:202)
[32m07/10 01:58:04.090[0m: [[33mnrf[0m] [1;32mINFO[0m: NF EndPoint(fqdn) setup [open5gs-smf:0] (../src/nrf/nnrf-handler.c:418)
[32m07/10 01:58:04.090[0m: [[33mnrf[0m] [1;32mINFO[0m: [d7fd7996-5d52-41f0-97ea-6bf869add9b5] Subscription created until 2025-07-11T01:58:04.090039-04:00 [duration:86400000000,validity:86400.000000] (../src/nrf/nnrf-handler.c:446)
[32m07/10 01:58:04.090[0m: [[33mnrf[0m] [1;32mINFO[0m: NF EndPoint(fqdn) setup [open5gs-smf:0] (../src/nrf/nnrf-handler.c:418)
[32m07/10 01:58:04.090[0m: [[33mnrf[0m] [1;32mINFO[0m: [d7fd8008-5d52-41f0-97ea-6bf869add9b5] Subscription created until 2025-07-11T01:58:04.090178-04:00 [duration:86400000000,validity:86400.000000] (../src/nrf/nnrf-handler.c:446)
[32m07/10 01:58:04.090[0m: [[33mnrf[0m] [1;32mINFO[0m: NF EndPoint(fqdn) setup [open5gs-smf:0] (../src/nrf/nnrf-handler.c:418)
[32m07/10 01:58:04.090[0m: [[33mnrf[0m] [1;32mINFO[0m: [d7fd8580-5d52-41f0-97ea-6bf869add9b5] Subscription created until 2025-07-11T01:58:04.090322-04:00 [duration:86400000000,validity:86400.000000] (../src/nrf/nnrf-handler.c:446)
[32m07/10 01:58:04.090[0m: [[33mnrf[0m] [1;32mINFO[0m: NF EndPoint(fqdn) setup [open5gs-smf:0] (../src/nrf/nnrf-handler.c:418)
[32m07/10 01:58:04.090[0m: [[33mnrf[0m] [1;32mINFO[0m: [d7fd8c24-5d52-41f0-97ea-6bf869add9b5] Subscription created until 2025-07-11T01:58:04.090486-04:00 [duration:86400000000,validity:86400.000000] (../src/nrf/nnrf-handler.c:446)
[32m07/10 01:58:04.090[0m: [[33mnrf[0m] [1;32mINFO[0m: NF EndPoint(fqdn) setup [open5gs-smf:0] (../src/nrf/nnrf-handler.c:418)
[32m07/10 01:58:04.090[0m: [[33mnrf[0m] [1;32mINFO[0m: [d7fd8f3a-5d52-41f0-97ea-6bf869add9b5] Subscription created until 2025-07-11T01:58:04.090565-04:00 [duration:86400000000,validity:86400.000000] (../src/nrf/nnrf-handler.c:446)
[32m07/10 01:58:06.501[0m: [[33msbi[0m] [1;32mINFO[0m: NF EndPoint(fqdn) setup [open5gs-bsf:0] (../lib/sbi/context.c:2195)
[32m07/10 01:58:06.501[0m: [[33msbi[0m] [1;32mINFO[0m: NF EndPoint(fqdn) setup [open5gs-bsf:0] (../lib/sbi/context.c:1934)
[32m07/10 01:58:06.501[0m: [[33mnrf[0m] [1;32mINFO[0m: [d2dcbd78-5d52-41f0-9a78-0380d1cf6886] NF registered [Heartbeat:10s] (../src/nrf/nf-sm.c:202)
[32m07/10 01:58:06.501[0m: [[33mnrf[0m] [1;32mINFO[0m: NF EndPoint(fqdn) setup [open5gs-bsf:0] (../src/nrf/nnrf-handler.c:418)
[32m07/10 01:58:06.501[0m: [[33mnrf[0m] [1;32mINFO[0m: [d96d821c-5d52-41f0-97ea-6bf869add9b5] Subscription created until 2025-07-11T01:58:06.501963-04:00 [duration:86400000000,validity:86400.000000] (../src/nrf/nnrf-handler.c:446)
[32m07/10 01:58:06.514[0m: [[33msbi[0m] [1;32mINFO[0m: NF EndPoint(fqdn) setup [open5gs-nssf:0] (../lib/sbi/context.c:2195)
[32m07/10 01:58:06.514[0m: [[33msbi[0m] [1;32mINFO[0m: NF EndPoint(fqdn) setup [open5gs-nssf:0] (../lib/sbi/context.c:1934)
[32m07/10 01:58:06.514[0m: [[33mnrf[0m] [1;32mINFO[0m: [d2df5b00-5d52-41f0-92ae-b1ece5fa4ec2] NF registered [Heartbeat:10s] (../src/nrf/nf-sm.c:202)
[32m07/10 01:58:06.515[0m: [[33mnrf[0m] [1;32mINFO[0m: NF EndPoint(fqdn) setup [open5gs-nssf:0] (../src/nrf/nnrf-handler.c:418)
[32m07/10 01:58:06.515[0m: [[33mnrf[0m] [1;32mINFO[0m: [d96f85ee-5d52-41f0-97ea-6bf869add9b5] Subscription created until 2025-07-11T01:58:06.515163-04:00 [duration:86400000000,validity:86400.000000] (../src/nrf/nnrf-handler.c:446)
[32m07/10 01:58:06.611[0m: [[33msbi[0m] [1;32mINFO[0m: NF EndPoint(fqdn) setup [open5gs-smf:0] (../lib/sbi/context.c:2195)
[32m07/10 01:58:06.611[0m: [[33msbi[0m] [1;32mINFO[0m: NF EndPoint(fqdn) setup [open5gs-smf:0] (../lib/sbi/context.c:1934)
[32m07/10 01:58:06.611[0m: [[33mnrf[0m] [1;32mINFO[0m: [d2ec3fe6-5d52-41f0-a7cb-dd063abd57bd] NF registered [Heartbeat:10s] (../src/nrf/nf-sm.c:202)
[32m07/10 01:58:06.612[0m: [[33mnrf[0m] [1;32mINFO[0m: NF EndPoint(fqdn) setup [open5gs-smf:0] (../src/nrf/nnrf-handler.c:418)
[32m07/10 01:58:06.612[0m: [[33mnrf[0m] [1;32mINFO[0m: [d97e5862-5d52-41f0-97ea-6bf869add9b5] Subscription created until 2025-07-11T01:58:06.612326-04:00 [duration:86400000000,validity:86400.000000] (../src/nrf/nnrf-handler.c:446)
[32m07/10 01:58:06.612[0m: [[33mnrf[0m] [1;32mINFO[0m: NF EndPoint(fqdn) setup [open5gs-smf:0] (../src/nrf/nnrf-handler.c:418)
[32m07/10 01:58:06.612[0m: [[33mnrf[0m] [1;32mINFO[0m: [d97e5fc4-5d52-41f0-97ea-6bf869add9b5] Subscription created until 2025-07-11T01:58:06.612488-04:00 [duration:86400000000,validity:86400.000000] (../src/nrf/nnrf-handler.c:446)
[32m07/10 01:58:06.612[0m: [[33mnrf[0m] [1;32mINFO[0m: NF EndPoint(fqdn) setup [open5gs-smf:0] (../src/nrf/nnrf-handler.c:418)
[32m07/10 01:58:06.612[0m: [[33mnrf[0m] [1;32mINFO[0m: [d97e66b8-5d52-41f0-97ea-6bf869add9b5] Subscription created until 2025-07-11T01:58:06.612666-04:00 [duration:86400000000,validity:86400.000000] (../src/nrf/nnrf-handler.c:446)
[32m07/10 01:58:06.612[0m: [[33mnrf[0m] [1;32mINFO[0m: NF EndPoint(fqdn) setup [open5gs-smf:0] (../src/nrf/nnrf-handler.c:418)
[32m07/10 01:58:06.612[0m: [[33mnrf[0m] [1;32mINFO[0m: [d97e6d16-5d52-41f0-97ea-6bf869add9b5] Subscription created until 2025-07-11T01:58:06.612828-04:00 [duration:86400000000,validity:86400.000000] (../src/nrf/nnrf-handler.c:446)
[32m07/10 01:58:06.612[0m: [[33mnrf[0m] [1;32mINFO[0m: NF EndPoint(fqdn) setup [open5gs-smf:0] (../src/nrf/nnrf-handler.c:418)
[32m07/10 01:58:06.612[0m: [[33mnrf[0m] [1;32mINFO[0m: [d97e6eec-5d52-41f0-97ea-6bf869add9b5] Subscription created until 2025-07-11T01:58:06.612876-04:00 [duration:86400000000,validity:86400.000000] (../src/nrf/nnrf-handler.c:446)
[32m07/10 01:58:06.930[0m: [[33msbi[0m] [1;32mINFO[0m: NF EndPoint(fqdn) setup [open5gs-scp:80] (../lib/sbi/context.c:2195)
[32m07/10 01:58:06.930[0m: [[33mnrf[0m] [1;32mINFO[0m: [d31ff142-5d52-41f0-b3bf-436e8bc2b2fa] NF registered [Heartbeat:10s] (../src/nrf/nf-sm.c:202)
[32m07/10 01:58:06.931[0m: [[33mnrf[0m] [1;32mINFO[0m: NF EndPoint(fqdn) setup [open5gs-scp:0] (../src/nrf/nnrf-handler.c:418)
[32m07/10 01:58:06.931[0m: [[33mnrf[0m] [1;32mINFO[0m: [d9af01f6-5d52-41f0-97ea-6bf869add9b5] Subscription created until 2025-07-11T01:58:06.931235-04:00 [duration:86400000000,validity:86400.000000] (../src/nrf/nnrf-handler.c:446)
[32m07/10 01:58:06.931[0m: [[33mnrf[0m] [1;32mINFO[0m: NF EndPoint(fqdn) setup [open5gs-scp:0] (../src/nrf/nnrf-handler.c:418)
[32m07/10 01:58:06.931[0m: [[33mnrf[0m] [1;32mINFO[0m: [d9af089a-5d52-41f0-97ea-6bf869add9b5] Subscription created until 2025-07-11T01:58:06.931383-04:00 [duration:86400000000,validity:86400.000000] (../src/nrf/nnrf-handler.c:446)
[32m07/10 01:58:06.931[0m: [[33mnrf[0m] [1;32mINFO[0m: NF EndPoint(fqdn) setup [open5gs-scp:0] (../src/nrf/nnrf-handler.c:418)
[32m07/10 01:58:06.931[0m: [[33mnrf[0m] [1;32mINFO[0m: [d9af0f52-5d52-41f0-97ea-6bf869add9b5] Subscription created until 2025-07-11T01:58:06.931554-04:00 [duration:86400000000,validity:86400.000000] (../src/nrf/nnrf-handler.c:446)
[32m07/10 01:58:06.931[0m: [[33mnrf[0m] [1;32mINFO[0m: NF EndPoint(fqdn) setup [open5gs-scp:0] (../src/nrf/nnrf-handler.c:418)
[32m07/10 01:58:06.931[0m: [[33mnrf[0m] [1;32mINFO[0m: [d9af10ec-5d52-41f0-97ea-6bf869add9b5] Subscription created until 2025-07-11T01:58:06.931592-04:00 [duration:86400000000,validity:86400.000000] (../src/nrf/nnrf-handler.c:446)
[32m07/10 01:58:06.931[0m: [[33mnrf[0m] [1;32mINFO[0m: NF EndPoint(fqdn) setup [open5gs-scp:0] (../src/nrf/nnrf-handler.c:418)
[32m07/10 01:58:06.931[0m: [[33mnrf[0m] [1;32mINFO[0m: [d9af1240-5d52-41f0-97ea-6bf869add9b5] Subscription created until 2025-07-11T01:58:06.931625-04:00 [duration:86400000000,validity:86400.000000] (../src/nrf/nnrf-handler.c:446)
[32m07/10 01:58:06.931[0m: [[33mnrf[0m] [1;32mINFO[0m: NF EndPoint(fqdn) setup [open5gs-scp:0] (../src/nrf/nnrf-handler.c:418)
[32m07/10 01:58:06.931[0m: [[33mnrf[0m] [1;32mINFO[0m: [d9af1754-5d52-41f0-97ea-6bf869add9b5] Subscription created until 2025-07-11T01:58:06.931758-04:00 [duration:86400000000,validity:86400.000000] (../src/nrf/nnrf-handler.c:446)
[32m07/10 01:58:06.931[0m: [[33mnrf[0m] [1;32mINFO[0m: NF EndPoint(fqdn) setup [open5gs-scp:0] (../src/nrf/nnrf-handler.c:418)
[32m07/10 01:58:06.931[0m: [[33mnrf[0m] [1;32mINFO[0m: [d9af18e4-5d52-41f0-97ea-6bf869add9b5] Subscription created until 2025-07-11T01:58:06.931796-04:00 [duration:86400000000,validity:86400.000000] (../src/nrf/nnrf-handler.c:446)
[32m07/10 01:58:06.931[0m: [[33mnrf[0m] [1;32mINFO[0m: NF EndPoint(fqdn) setup [open5gs-scp:0] (../src/nrf/nnrf-handler.c:418)
[32m07/10 01:58:06.931[0m: [[33mnrf[0m] [1;32mINFO[0m: [d9af1b0a-5d52-41f0-97ea-6bf869add9b5] Subscription created until 2025-07-11T01:58:06.931851-04:00 [duration:86400000000,validity:86400.000000] (../src/nrf/nnrf-handler.c:446)
[32m07/10 01:58:06.931[0m: [[33mnrf[0m] [1;32mINFO[0m: NF EndPoint(fqdn) setup [open5gs-scp:0] (../src/nrf/nnrf-handler.c:418)
[32m07/10 01:58:06.931[0m: [[33mnrf[0m] [1;32mINFO[0m: [d9af1da8-5d52-41f0-97ea-6bf869add9b5] Subscription created until 2025-07-11T01:58:06.931918-04:00 [duration:86400000000,validity:86400.000000] (../src/nrf/nnrf-handler.c:446)
[32m07/10 01:58:06.932[0m: [[33msbi[0m] [1;32mINFO[0m: NF EndPoint(fqdn) setup [open5gs-ausf:0] (../lib/sbi/context.c:2195)
[32m07/10 01:58:06.932[0m: [[33msbi[0m] [1;32mINFO[0m: NF EndPoint(fqdn) setup [open5gs-ausf:0] (../lib/sbi/context.c:1934)
[32m07/10 01:58:06.932[0m: [[33mnrf[0m] [1;32mINFO[0m: [d31ea742-5d52-41f0-842f-3739d17b9e6b] NF registered [Heartbeat:10s] (../src/nrf/nf-sm.c:202)
[32m07/10 01:58:06.934[0m: [[33mnrf[0m] [1;32mINFO[0m: NF EndPoint(fqdn) setup [open5gs-ausf:0] (../src/nrf/nnrf-handler.c:418)
[32m07/10 01:58:06.934[0m: [[33mnrf[0m] [1;32mINFO[0m: [d9af72bc-5d52-41f0-97ea-6bf869add9b5] Subscription created until 2025-07-11T01:58:06.934148-04:00 [duration:86400000000,validity:86400.000000] (../src/nrf/nnrf-handler.c:446)
[32m07/10 01:58:06.934[0m: [[33mnrf[0m] [1;32mINFO[0m: NF EndPoint(fqdn) setup [open5gs-ausf:0] (../src/nrf/nnrf-handler.c:418)
[32m07/10 01:58:06.934[0m: [[33mnrf[0m] [1;32mINFO[0m: [d9af79ec-5d52-41f0-97ea-6bf869add9b5] Subscription created until 2025-07-11T01:58:06.934283-04:00 [duration:86400000000,validity:86400.000000] (../src/nrf/nnrf-handler.c:446)
[32m07/10 01:58:07.035[0m: [[33msbi[0m] [1;32mINFO[0m: NF EndPoint(fqdn) setup [open5gs-pcf:0] (../lib/sbi/context.c:2195)
[32m07/10 01:58:07.035[0m: [[33msbi[0m] [1;32mINFO[0m: NF EndPoint(fqdn) setup [open5gs-pcf:0] (../lib/sbi/context.c:1934)
[32m07/10 01:58:07.035[0m: [[33msbi[0m] [1;32mINFO[0m: NF EndPoint(fqdn) setup [open5gs-pcf:0] (../lib/sbi/context.c:1934)
[32m07/10 01:58:07.035[0m: [[33msbi[0m] [1;32mINFO[0m: NF EndPoint(fqdn) setup [open5gs-pcf:0] (../lib/sbi/context.c:1934)
[32m07/10 01:58:07.035[0m: [[33mnrf[0m] [1;32mINFO[0m: [d32dfbb6-5d52-41f0-970d-a7c37351747b] NF registered [Heartbeat:10s] (../src/nrf/nf-sm.c:202)
[32m07/10 01:58:07.037[0m: [[33msbi[0m] [1;32mINFO[0m: NF EndPoint(fqdn) setup [open5gs-udr:0] (../lib/sbi/context.c:2195)
[32m07/10 01:58:07.037[0m: [[33msbi[0m] [1;32mINFO[0m: NF EndPoint(fqdn) setup [open5gs-udr:0] (../lib/sbi/context.c:1934)
[32m07/10 01:58:07.037[0m: [[33mnrf[0m] [1;32mINFO[0m: [d32e6696-5d52-41f0-b834-59d43e96048d] NF registered [Heartbeat:10s] (../src/nrf/nf-sm.c:202)
[32m07/10 01:58:07.038[0m: [[33mnrf[0m] [1;32mINFO[0m: NF EndPoint(fqdn) setup [open5gs-udr:0] (../src/nrf/nnrf-handler.c:418)
[32m07/10 01:58:07.038[0m: [[33mnrf[0m] [1;32mINFO[0m: [d9bf72c0-5d52-41f0-97ea-6bf869add9b5] Subscription created until 2025-07-11T01:58:07.038967-04:00 [duration:86400000000,validity:86400.000000] (../src/nrf/nnrf-handler.c:446)
[32m07/10 01:58:07.039[0m: [[33mnrf[0m] [1;32mINFO[0m: NF EndPoint(fqdn) setup [open5gs-pcf:0] (../src/nrf/nnrf-handler.c:418)
[32m07/10 01:58:07.039[0m: [[33mnrf[0m] [1;32mINFO[0m: [d9bf827e-5d52-41f0-97ea-6bf869add9b5] Subscription created until 2025-07-11T01:58:07.039368-04:00 [duration:86400000000,validity:86400.000000] (../src/nrf/nnrf-handler.c:446)
[32m07/10 01:58:07.039[0m: [[33mnrf[0m] [1;32mINFO[0m: NF EndPoint(fqdn) setup [open5gs-pcf:0] (../src/nrf/nnrf-handler.c:418)
[32m07/10 01:58:07.039[0m: [[33mnrf[0m] [1;32mINFO[0m: [d9bf8986-5d52-41f0-97ea-6bf869add9b5] Subscription created until 2025-07-11T01:58:07.039545-04:00 [duration:86400000000,validity:86400.000000] (../src/nrf/nnrf-handler.c:446)
[32m07/10 01:58:07.039[0m: [[33mnrf[0m] [1;32mINFO[0m: NF EndPoint(fqdn) setup [open5gs-pcf:0] (../src/nrf/nnrf-handler.c:418)
[32m07/10 01:58:07.039[0m: [[33mnrf[0m] [1;32mINFO[0m: [d9bf8c10-5d52-41f0-97ea-6bf869add9b5] Subscription created until 2025-07-11T01:58:07.039605-04:00 [duration:86400000000,validity:86400.000000] (../src/nrf/nnrf-handler.c:446)
[32m07/10 01:58:07.123[0m: [[33msbi[0m] [1;32mINFO[0m: NF EndPoint(fqdn) setup [open5gs-amf:0] (../lib/sbi/context.c:2195)
[32m07/10 01:58:07.123[0m: [[33msbi[0m] [1;32mINFO[0m: NF EndPoint(fqdn) setup [open5gs-amf:0] (../lib/sbi/context.c:1934)
[32m07/10 01:58:07.123[0m: [[33mnrf[0m] [1;32mINFO[0m: [d33bd0ba-5d52-41f0-a670-45adbc08df8a] NF registered [Heartbeat:10s] (../src/nrf/nf-sm.c:202)
[32m07/10 01:58:07.125[0m: [[33mnrf[0m] [1;32mINFO[0m: NF EndPoint(fqdn) setup [open5gs-amf:0] (../src/nrf/nnrf-handler.c:418)
[32m07/10 01:58:07.125[0m: [[33mnrf[0m] [1;32mINFO[0m: [d9cc9c8e-5d52-41f0-97ea-6bf869add9b5] Subscription created until 2025-07-11T01:58:07.125263-04:00 [duration:86400000000,validity:86400.000000] (../src/nrf/nnrf-handler.c:446)
[32m07/10 01:58:07.125[0m: [[33mnrf[0m] [1;32mINFO[0m: NF EndPoint(fqdn) setup [open5gs-amf:0] (../src/nrf/nnrf-handler.c:418)
[32m07/10 01:58:07.125[0m: [[33mnrf[0m] [1;32mINFO[0m: [d9cca45e-5d52-41f0-97ea-6bf869add9b5] Subscription created until 2025-07-11T01:58:07.125429-04:00 [duration:86400000000,validity:86400.000000] (../src/nrf/nnrf-handler.c:446)
[32m07/10 01:58:07.125[0m: [[33mnrf[0m] [1;32mINFO[0m: NF EndPoint(fqdn) setup [open5gs-amf:0] (../src/nrf/nnrf-handler.c:418)
[32m07/10 01:58:07.125[0m: [[33mnrf[0m] [1;32mINFO[0m: [d9ccab16-5d52-41f0-97ea-6bf869add9b5] Subscription created until 2025-07-11T01:58:07.125597-04:00 [duration:86400000000,validity:86400.000000] (../src/nrf/nnrf-handler.c:446)
[32m07/10 01:58:07.125[0m: [[33mnrf[0m] [1;32mINFO[0m: NF EndPoint(fqdn) setup [open5gs-amf:0] (../src/nrf/nnrf-handler.c:418)
[32m07/10 01:58:07.125[0m: [[33mnrf[0m] [1;32mINFO[0m: [d9ccaff8-5d52-41f0-97ea-6bf869add9b5] Subscription created until 2025-07-11T01:58:07.125722-04:00 [duration:86400000000,validity:86400.000000] (../src/nrf/nnrf-handler.c:446)
[32m07/10 01:58:07.125[0m: [[33mnrf[0m] [1;32mINFO[0m: NF EndPoint(fqdn) setup [open5gs-amf:0] (../src/nrf/nnrf-handler.c:418)
[32m07/10 01:58:07.125[0m: [[33mnrf[0m] [1;32mINFO[0m: [d9ccb480-5d52-41f0-97ea-6bf869add9b5] Subscription created until 2025-07-11T01:58:07.125838-04:00 [duration:86400000000,validity:86400.000000] (../src/nrf/nnrf-handler.c:446)
[32m07/10 01:58:07.125[0m: [[33mnrf[0m] [1;32mINFO[0m: NF EndPoint(fqdn) setup [open5gs-amf:0] (../src/nrf/nnrf-handler.c:418)
[32m07/10 01:58:07.126[0m: [[33mnrf[0m] [1;32mINFO[0m: [d9ccbad4-5d52-41f0-97ea-6bf869add9b5] Subscription created until 2025-07-11T01:58:07.125999-04:00 [duration:86400000000,validity:86400.000000] (../src/nrf/nnrf-handler.c:446)
[32m07/10 01:58:07.126[0m: [[33mnrf[0m] [1;32mINFO[0m: NF EndPoint(fqdn) setup [open5gs-amf:0] (../src/nrf/nnrf-handler.c:418)
[32m07/10 01:58:07.126[0m: [[33mnrf[0m] [1;32mINFO[0m: [d9ccbe94-5d52-41f0-97ea-6bf869add9b5] Subscription created until 2025-07-11T01:58:07.126095-04:00 [duration:86400000000,validity:86400.000000] (../src/nrf/nnrf-handler.c:446)
[32m07/10 01:58:07.126[0m: [[33msbi[0m] [1;32mINFO[0m: NF EndPoint(fqdn) setup [open5gs-udm:0] (../lib/sbi/context.c:2195)
[32m07/10 01:58:07.126[0m: [[33msbi[0m] [1;32mINFO[0m: NF EndPoint(fqdn) setup [open5gs-udm:0] (../lib/sbi/context.c:1934)
[32m07/10 01:58:07.126[0m: [[33msbi[0m] [1;32mINFO[0m: NF EndPoint(fqdn) setup [open5gs-udm:0] (../lib/sbi/context.c:1934)
[32m07/10 01:58:07.126[0m: [[33msbi[0m] [1;32mINFO[0m: NF EndPoint(fqdn) setup [open5gs-udm:0] (../lib/sbi/context.c:1934)
[32m07/10 01:58:07.126[0m: [[33mnrf[0m] [1;32mINFO[0m: [d33cb8f4-5d52-41f0-a6f9-01de33d714e5] NF registered [Heartbeat:10s] (../src/nrf/nf-sm.c:202)
[32m07/10 01:58:07.131[0m: [[33mnrf[0m] [1;32mINFO[0m: NF EndPoint(fqdn) setup [open5gs-udm:0] (../src/nrf/nnrf-handler.c:418)
[32m07/10 01:58:07.131[0m: [[33mnrf[0m] [1;32mINFO[0m: [d9cd8efa-5d52-41f0-97ea-6bf869add9b5] Subscription created until 2025-07-11T01:58:07.131463-04:00 [duration:86400000000,validity:86400.000000] (../src/nrf/nnrf-handler.c:446)
[32m07/10 01:58:07.131[0m: [[33mnrf[0m] [1;32mINFO[0m: NF EndPoint(fqdn) setup [open5gs-udm:0] (../src/nrf/nnrf-handler.c:418)
[32m07/10 01:58:07.131[0m: [[33mnrf[0m] [1;32mINFO[0m: [d9cd9468-5d52-41f0-97ea-6bf869add9b5] Subscription created until 2025-07-11T01:58:07.131569-04:00 [duration:86400000000,validity:86400.000000] (../src/nrf/nnrf-handler.c:446)
[32m07/10 01:58:35.113[0m: [[33mnrf[0m] [1;36mWARNING[0m: [8b2f93de-5d51-41f0-bfba-b7f58fd84515] No heartbeat (../src/nrf/nrf-sm.c:278)
[32m07/10 01:58:35.113[0m: [[33mnrf[0m] [1;32mINFO[0m: [8b2f93de-5d51-41f0-bfba-b7f58fd84515] NF de-registered (../src/nrf/nf-sm.c:218)
[32m07/10 01:58:35.115[0m: [[33mnrf[0m] [1;36mWARNING[0m: Subscription notification failed [404] (../src/nrf/sbi-path.c:155)
[32m07/10 01:58:35.115[0m: [[33mnrf[0m] [1;36mWARNING[0m: Subscription notification failed [404] (../src/nrf/sbi-path.c:155)
