1
MongoDB is ready!
Open5GS daemon v2.7.2

[32m07/10 01:57:56.016[0m: [[33mapp[0m] [1;32mINFO[0m: Configuration: '/open5gs/config-map/pcf.yaml' (../lib/app/ogs-init.c:133)
[32m07/10 01:57:56.016[0m: [[33mapp[0m] [1;32mINFO[0m: File Logging: '/var/log/open5gs/pcf.log' (../lib/app/ogs-init.c:136)
[32m07/10 01:57:56.020[0m: [[33msbi[0m] [1;32mINFO[0m: NF EndPoint(fqdn) setup [open5gs-scp:80] (../lib/sbi/context.c:474)
[32m07/10 01:57:56.020[0m: [[33mmetrics[0m] [1;32mINFO[0m: metrics_server() [http://0.0.0.0]:9090 (../lib/metrics/prometheus/context.c:299)
[32m07/10 01:57:56.022[0m: [[33mdbi[0m] [1;32mINFO[0m: MongoDB URI: 'mongodb://mongodb-svc/open5gs' (../lib/dbi/ogs-mongoc.c:130)
[32m07/10 01:57:56.022[0m: [[33msbi[0m] [1;32mINFO[0m: NF Service [npcf-am-policy-control] (../lib/sbi/context.c:1829)
[32m07/10 01:57:56.022[0m: [[33msbi[0m] [1;32mINFO[0m: NF Service [npcf-smpolicycontrol] (../lib/sbi/context.c:1829)
[32m07/10 01:57:56.022[0m: [[33msbi[0m] [1;32mINFO[0m: NF Service [npcf-policyauthorization] (../lib/sbi/context.c:1829)
[32m07/10 01:57:56.023[0m: [[33msbi[0m] [1;32mINFO[0m: nghttp2_server() [http://0.0.0.0]:80 (../lib/sbi/nghttp2-server.c:424)
[32m07/10 01:57:56.023[0m: [[33mapp[0m] [1;32mINFO[0m: PCF initialize...done (../src/pcf/app.c:31)
[32m07/10 01:57:56.024[0m: [[33msbi[0m] [1;36mWARNING[0m: [7] Failed to connect to open5gs-scp port 80 after 1 ms: Connection refused (../lib/sbi/client.c:698)
[32m07/10 01:57:56.024[0m: [[33msbi[0m] [1;36mWARNING[0m: ogs_sbi_client_handler() failed [-1] (../lib/sbi/path.c:62)
[32m07/10 01:58:07.033[0m: [[33msbi[0m] [1;36mWARNING[0m: [d32dfbb6-5d52-41f0-970d-a7c37351747b] Retry registration with NRF (../lib/sbi/nf-sm.c:169)
[32m07/10 01:58:07.037[0m: [[33msbi[0m] [1;32mINFO[0m: [d32dfbb6-5d52-41f0-970d-a7c37351747b] NF registered [Heartbeat:10s] (../lib/sbi/nf-sm.c:208)
[32m07/10 01:58:07.040[0m: [[33msbi[0m] [1;32mINFO[0m: NF EndPoint(fqdn) setup [open5gs-nrf:0] (../lib/sbi/nnrf-handler.c:949)
[32m07/10 01:58:07.040[0m: [[33msbi[0m] [1;32mINFO[0m: [d9bf827e-5d52-41f0-97ea-6bf869add9b5] Subscription created until 2025-07-11T01:58:07.039368-04:00 [duration:86400000000,validity:86400.000000,patch:43200.000000] (../lib/sbi/nnrf-handler.c:868)
[32m07/10 01:58:07.040[0m: [[33msbi[0m] [1;32mINFO[0m: NF EndPoint(fqdn) setup [open5gs-nrf:0] (../lib/sbi/nnrf-handler.c:949)
[32m07/10 01:58:07.040[0m: [[33msbi[0m] [1;32mINFO[0m: [d9bf8986-5d52-41f0-97ea-6bf869add9b5] Subscription created until 2025-07-11T01:58:07.039545-04:00 [duration:86400000000,validity:86400.000000,patch:43200.000000] (../lib/sbi/nnrf-handler.c:868)
[32m07/10 01:58:07.040[0m: [[33msbi[0m] [1;32mINFO[0m: NF EndPoint(fqdn) setup [open5gs-nrf:0] (../lib/sbi/nnrf-handler.c:949)
[32m07/10 01:58:07.040[0m: [[33msbi[0m] [1;32mINFO[0m: [d9bf8c10-5d52-41f0-97ea-6bf869add9b5] Subscription created until 2025-07-11T01:58:07.039605-04:00 [duration:86400000000,validity:86400.000000,patch:43200.000000] (../lib/sbi/nnrf-handler.c:868)
[32m07/10 02:00:50.102[0m: [[33mpcf[0m] [1;32mINFO[0m: NF EndPoint(fqdn) setup [open5gs-amf:0] (../src/pcf/npcf-handler.c:114)
[32m07/10 02:00:50.106[0m: [[33msbi[0m] [1;32mINFO[0m: [UDR] (SCP-discover) NF registered [d32e6696-5d52-41f0-b834-59d43e96048d] (../lib/sbi/path.c:212)
[32m07/10 02:00:50.106[0m: [[33msbi[0m] [1;32mINFO[0m: [d32e6696-5d52-41f0-b834-59d43e96048d] NF Instance setup [type:UDR validity:0s] (../lib/sbi/path.c:227)
[32m07/10 02:00:50.324[0m: [[33mpcf[0m] [1;32mINFO[0m: NF EndPoint(fqdn) setup [open5gs-smf:0] (../src/pcf/npcf-handler.c:447)
[32m07/10 02:00:50.326[0m: [[33msbi[0m] [1;36mWARNING[0m: [UDR] (SCP-discover) NF has already been added [d32e6696-5d52-41f0-b834-59d43e96048d] (../lib/sbi/path.c:217)
[32m07/10 02:00:50.326[0m: [[33msbi[0m] [1;32mINFO[0m: [d32e6696-5d52-41f0-b834-59d43e96048d] NF Instance setup [type:UDR validity:0s] (../lib/sbi/path.c:227)
[32m07/10 02:00:50.326[0m: [[33mpcf[0m] [1;32mINFO[0m: [d32dfbb6-5d52-41f0-970d-a7c37351747b] NF Instance setup [type:PCF validity:0s] (../src/pcf/nudr-handler.c:227)
[32m07/10 02:00:50.328[0m: [[33msbi[0m] [1;32mINFO[0m: [BSF] (SCP-discover) NF registered [d2dcbd78-5d52-41f0-9a78-0380d1cf6886] (../lib/sbi/path.c:212)
[32m07/10 02:00:50.328[0m: [[33msbi[0m] [1;32mINFO[0m: [d2dcbd78-5d52-41f0-9a78-0380d1cf6886] NF Instance setup [type:BSF validity:0s] (../lib/sbi/path.c:227)
[32m07/10 02:00:50.329[0m: [[33mpcf[0m] [1;32mINFO[0m: NF EndPoint(fqdn) setup [open5gs-bsf:0] (../src/pcf/nbsf-handler.c:151)
