Open5GS daemon v2.7.2

[32m07/10 01:57:56.106[0m: [[33mapp[0m] [1;32mINFO[0m: Configuration: '/open5gs/config-map/amf.yaml' (../lib/app/ogs-init.c:133)
[32m07/10 01:57:56.106[0m: [[33mapp[0m] [1;32mINFO[0m: File Logging: '/var/log/open5gs/amf.log' (../lib/app/ogs-init.c:136)
[32m07/10 01:57:56.112[0m: [[33msbi[0m] [1;32mINFO[0m: NF EndPoint(fqdn) setup [open5gs-scp:80] (../lib/sbi/context.c:474)
[32m07/10 01:57:56.113[0m: [[33mmetrics[0m] [1;32mINFO[0m: metrics_server() [http://0.0.0.0]:9090 (../lib/metrics/prometheus/context.c:299)
[32m07/10 01:57:56.113[0m: [[33msbi[0m] [1;32mINFO[0m: NF Service [namf-comm] (../lib/sbi/context.c:1829)
[32m07/10 01:57:56.113[0m: [[33msbi[0m] [1;32mINFO[0m: nghttp2_server() [http://0.0.0.0]:80 (../lib/sbi/nghttp2-server.c:424)
[32m07/10 01:57:56.113[0m: [[33mamf[0m] [1;32mINFO[0m: ngap_server() [10.244.1.41]:38412 (../src/amf/ngap-sctp.c:61)
[32m07/10 01:57:56.113[0m: [[33msctp[0m] [1;32mINFO[0m: AMF initialize...done (../src/amf/app.c:33)
[32m07/10 01:57:56.114[0m: [[33msbi[0m] [1;36mWARNING[0m: [7] Failed to connect to open5gs-scp port 80 after 0 ms: Connection refused (../lib/sbi/client.c:698)
[32m07/10 01:57:56.114[0m: [[33msbi[0m] [1;36mWARNING[0m: ogs_sbi_client_handler() failed [-1] (../lib/sbi/path.c:62)
[32m07/10 01:58:07.121[0m: [[33msbi[0m] [1;36mWARNING[0m: [d33bd0ba-5d52-41f0-a670-45adbc08df8a] Retry registration with NRF (../lib/sbi/nf-sm.c:169)
[32m07/10 01:58:07.124[0m: [[33msbi[0m] [1;32mINFO[0m: [d33bd0ba-5d52-41f0-a670-45adbc08df8a] NF registered [Heartbeat:10s] (../lib/sbi/nf-sm.c:208)
[32m07/10 01:58:07.126[0m: [[33msbi[0m] [1;32mINFO[0m: NF EndPoint(fqdn) setup [open5gs-nrf:0] (../lib/sbi/nnrf-handler.c:949)
[32m07/10 01:58:07.126[0m: [[33msbi[0m] [1;32mINFO[0m: [d9cc9c8e-5d52-41f0-97ea-6bf869add9b5] Subscription created until 2025-07-11T01:58:07.125263-04:00 [duration:86400000000,validity:86400.000000,patch:43200.000000] (../lib/sbi/nnrf-handler.c:868)
[32m07/10 01:58:07.126[0m: [[33msbi[0m] [1;32mINFO[0m: NF EndPoint(fqdn) setup [open5gs-nrf:0] (../lib/sbi/nnrf-handler.c:949)
[32m07/10 01:58:07.126[0m: [[33msbi[0m] [1;32mINFO[0m: [d9cca45e-5d52-41f0-97ea-6bf869add9b5] Subscription created until 2025-07-11T01:58:07.125429-04:00 [duration:86400000000,validity:86400.000000,patch:43200.000000] (../lib/sbi/nnrf-handler.c:868)
[32m07/10 01:58:07.126[0m: [[33msbi[0m] [1;32mINFO[0m: NF EndPoint(fqdn) setup [open5gs-nrf:0] (../lib/sbi/nnrf-handler.c:949)
[32m07/10 01:58:07.126[0m: [[33msbi[0m] [1;32mINFO[0m: [d9ccab16-5d52-41f0-97ea-6bf869add9b5] Subscription created until 2025-07-11T01:58:07.125597-04:00 [duration:86400000000,validity:86400.000000,patch:43200.000000] (../lib/sbi/nnrf-handler.c:868)
[32m07/10 01:58:07.126[0m: [[33msbi[0m] [1;32mINFO[0m: NF EndPoint(fqdn) setup [open5gs-nrf:0] (../lib/sbi/nnrf-handler.c:949)
[32m07/10 01:58:07.126[0m: [[33msbi[0m] [1;32mINFO[0m: [d9ccaff8-5d52-41f0-97ea-6bf869add9b5] Subscription created until 2025-07-11T01:58:07.125722-04:00 [duration:86400000000,validity:86400.000000,patch:43200.000000] (../lib/sbi/nnrf-handler.c:868)
[32m07/10 01:58:07.126[0m: [[33msbi[0m] [1;32mINFO[0m: NF EndPoint(fqdn) setup [open5gs-nrf:0] (../lib/sbi/nnrf-handler.c:949)
[32m07/10 01:58:07.126[0m: [[33msbi[0m] [1;32mINFO[0m: [d9ccb480-5d52-41f0-97ea-6bf869add9b5] Subscription created until 2025-07-11T01:58:07.125838-04:00 [duration:86400000000,validity:86400.000000,patch:43200.000000] (../lib/sbi/nnrf-handler.c:868)
[32m07/10 01:58:07.127[0m: [[33msbi[0m] [1;32mINFO[0m: NF EndPoint(fqdn) setup [open5gs-nrf:0] (../lib/sbi/nnrf-handler.c:949)
[32m07/10 01:58:07.127[0m: [[33msbi[0m] [1;32mINFO[0m: [d9ccbad4-5d52-41f0-97ea-6bf869add9b5] Subscription created until 2025-07-11T01:58:07.125999-04:00 [duration:86400000000,validity:86400.000000,patch:43200.000000] (../lib/sbi/nnrf-handler.c:868)
[32m07/10 01:58:07.127[0m: [[33msbi[0m] [1;32mINFO[0m: NF EndPoint(fqdn) setup [open5gs-nrf:0] (../lib/sbi/nnrf-handler.c:949)
[32m07/10 01:58:07.127[0m: [[33msbi[0m] [1;32mINFO[0m: [d9ccbe94-5d52-41f0-97ea-6bf869add9b5] Subscription created until 2025-07-11T01:58:07.126095-04:00 [duration:86400000000,validity:86400.000000,patch:43200.000000] (../lib/sbi/nnrf-handler.c:868)
[32m07/10 01:58:07.130[0m: [[33msbi[0m] [1;32mINFO[0m: [d33cb8f4-5d52-41f0-a6f9-01de33d714e5] (NRF-notify) NF registered (../lib/sbi/nnrf-handler.c:1133)
[32m07/10 01:58:07.130[0m: [[33msbi[0m] [1;32mINFO[0m: [d33cb8f4-5d52-41f0-a6f9-01de33d714e5] (NRF-notify) NF Profile updated [type:UDM] (../lib/sbi/nnrf-handler.c:1147)
[32m07/10 01:58:07.130[0m: [[33msbi[0m] [1;32mINFO[0m: NF EndPoint(fqdn) setup [open5gs-udm:0] (../lib/sbi/context.c:2195)
[32m07/10 01:58:07.130[0m: [[33msbi[0m] [1;32mINFO[0m: NF EndPoint(fqdn) setup [open5gs-udm:0] (../lib/sbi/context.c:1934)
[32m07/10 01:58:07.130[0m: [[33msbi[0m] [1;36mWARNING[0m: [d33cb8f4-5d52-41f0-a6f9-01de33d714e5] (NRF-notify) NF has already been added [type:UDM] (../lib/sbi/nnrf-handler.c:1135)
[32m07/10 01:58:07.130[0m: [[33msbi[0m] [1;32mINFO[0m: [d33cb8f4-5d52-41f0-a6f9-01de33d714e5] (NRF-notify) NF Profile updated [type:UDM] (../lib/sbi/nnrf-handler.c:1147)
[32m07/10 01:58:07.130[0m: [[33msbi[0m] [1;36mWARNING[0m: NF EndPoint(fqdn) updated [open5gs-udm:0] (../lib/sbi/context.c:2195)
[32m07/10 01:58:07.130[0m: [[33msbi[0m] [1;32mINFO[0m: NF EndPoint(fqdn) setup [open5gs-udm:0] (../lib/sbi/context.c:2195)
[32m07/10 01:58:07.130[0m: [[33msbi[0m] [1;36mWARNING[0m: NF EndPoint(fqdn) updated [open5gs-udm:0] (../lib/sbi/context.c:1934)
[32m07/10 01:58:07.130[0m: [[33msbi[0m] [1;32mINFO[0m: NF EndPoint(fqdn) setup [open5gs-udm:0] (../lib/sbi/context.c:1934)
[32m07/10 01:58:07.130[0m: [[33msbi[0m] [1;32mINFO[0m: NF EndPoint(fqdn) setup [open5gs-udm:0] (../lib/sbi/context.c:1934)
[32m07/10 01:58:35.115[0m: [[33msbi[0m] [1;36mWARNING[0m: [8b2f93de-5d51-41f0-bfba-b7f58fd84515] (NRF-notify) Not found (../lib/sbi/nnrf-handler.c:1171)
[32m07/10 02:00:50.061[0m: [[33mamf[0m] [1;32mINFO[0m: gNB-N2 accepted[10.244.2.36]:9487 in ng-path module (../src/amf/ngap-sctp.c:113)
[32m07/10 02:00:50.061[0m: [[33mamf[0m] [1;32mINFO[0m: gNB-N2 accepted[10.244.2.36] in master_sm module (../src/amf/amf-sm.c:796)
[32m07/10 02:00:50.066[0m: [[33mamf[0m] [1;32mINFO[0m: [Added] Number of gNBs is now 1 (../src/amf/context.c:1238)
[32m07/10 02:00:50.066[0m: [[33mamf[0m] [1;32mINFO[0m: gNB-N2[10.244.2.36] max_num_of_ostreams : 30 (../src/amf/amf-sm.c:842)
[32m07/10 02:00:50.070[0m: [[33mamf[0m] [1;32mINFO[0m: InitialUEMessage (../src/amf/ngap-handler.c:435)
[32m07/10 02:00:50.070[0m: [[33mamf[0m] [1;32mINFO[0m: [Added] Number of gNB-UEs is now 1 (../src/amf/context.c:2694)
[32m07/10 02:00:50.070[0m: [[33mamf[0m] [1;32mINFO[0m:     RAN_UE_NGAP_ID[1291845632] AMF_UE_NGAP_ID[1] TAC[1] CellID[0x1] (../src/amf/ngap-handler.c:596)
[32m07/10 02:00:50.070[0m: [[33mamf[0m] [1;32mINFO[0m: [suci-0-208-93-0-0-0-0000000002] Unknown UE by SUCI (../src/amf/context.c:1861)
[32m07/10 02:00:50.070[0m: [[33mamf[0m] [1;32mINFO[0m: [Added] Number of AMF-UEs is now 1 (../src/amf/context.c:1638)
[32m07/10 02:00:50.070[0m: [[33mgmm[0m] [1;32mINFO[0m: Registration request (../src/amf/gmm-sm.c:1220)
[32m07/10 02:00:50.070[0m: [[33mgmm[0m] [1;32mINFO[0m: [suci-0-208-93-0-0-0-0000000002]    SUCI (../src/amf/gmm-handler.c:174)
[32m07/10 02:00:50.084[0m: [[33msbi[0m] [1;32mINFO[0m: [AUSF] (SCP-discover) NF registered [d31ea742-5d52-41f0-842f-3739d17b9e6b] (../lib/sbi/path.c:212)
[32m07/10 02:00:50.084[0m: [[33msbi[0m] [1;32mINFO[0m: [d31ea742-5d52-41f0-842f-3739d17b9e6b] NF Instance setup [type:AUSF validity:0s] (../lib/sbi/path.c:227)
[32m07/10 02:00:50.084[0m: [[33mamf[0m] [1;32mINFO[0m: NF EndPoint(fqdn) setup [open5gs-ausf:0] (../src/amf/nausf-handler.c:130)
[32m07/10 02:00:50.094[0m: [[33mnas[0m] [1;36mWARNING[0m: Spec warning : bcd[16] = 0x0, 0x30 (../lib/nas/common/conv.c:48)
[32m07/10 02:00:50.094[0m: [[33msbi[0m] [1;32mINFO[0m: [d33cb8f4-5d52-41f0-a6f9-01de33d714e5] NF Instance setup [type:UDM validity:0s] (../lib/sbi/path.c:297)
[32m07/10 02:00:50.096[0m: [[33msbi[0m] [1;32mINFO[0m: [d33cb8f4-5d52-41f0-a6f9-01de33d714e5] NF Instance setup [type:UDM validity:0s] (../lib/sbi/path.c:297)
[32m07/10 02:00:50.099[0m: [[33mamf[0m] [1;32mINFO[0m: NF EndPoint(fqdn) setup [open5gs-udm:0] (../src/amf/nudm-handler.c:355)
[32m07/10 02:00:50.107[0m: [[33msbi[0m] [1;32mINFO[0m: [PCF] (SCP-discover) NF registered [d32dfbb6-5d52-41f0-970d-a7c37351747b] (../lib/sbi/path.c:212)
[32m07/10 02:00:50.107[0m: [[33msbi[0m] [1;32mINFO[0m: [d32dfbb6-5d52-41f0-970d-a7c37351747b] NF Instance setup [type:PCF validity:0s] (../lib/sbi/path.c:227)
[32m07/10 02:00:50.108[0m: [[33mamf[0m] [1;36mWARNING[0m: NF EndPoint(fqdn) updated [open5gs-udm:0] (../src/amf/npcf-handler.c:143)
[32m07/10 02:00:50.108[0m: [[33mamf[0m] [1;32mINFO[0m: NF EndPoint(fqdn) setup [open5gs-pcf:0] (../src/amf/npcf-handler.c:143)
[32m07/10 02:00:50.313[0m: [[33mgmm[0m] [1;32mINFO[0m: [imsi-208930000000002] Registration complete (../src/amf/gmm-sm.c:2288)
[32m07/10 02:00:50.313[0m: [[33mamf[0m] [1;32mINFO[0m: [imsi-208930000000002] Configuration update command (../src/amf/nas-path.c:607)
[32m07/10 02:00:50.313[0m: [[33mgmm[0m] [1;32mINFO[0m:     UTC [2025-07-10T06:00:50] Timezone[0]/DST[0] (../src/amf/gmm-build.c:558)
[32m07/10 02:00:50.313[0m: [[33mgmm[0m] [1;32mINFO[0m:     LOCAL [2025-07-10T02:00:50] Timezone[-14400]/DST[1] (../src/amf/gmm-build.c:563)
[32m07/10 02:00:50.313[0m: [[33mamf[0m] [1;32mINFO[0m: [Added] Number of AMF-Sessions is now 1 (../src/amf/context.c:2715)
[32m07/10 02:00:50.313[0m: [[33mgmm[0m] [1;32mINFO[0m: UE SUPI[imsi-208930000000002] DNN[internet] S_NSSAI[SST:1 SD:0xffffff] smContextRef[NULL] smContextResourceURI[NULL] (../src/amf/gmm-handler.c:1368)
[32m07/10 02:00:50.313[0m: [[33mgmm[0m] [1;32mINFO[0m: No SMF Instance (../src/amf/gmm-handler.c:1407)
[32m07/10 02:00:50.317[0m: [[33msbi[0m] [1;32mINFO[0m: [NSSF] (SCP-discover) NF registered [d2df5b00-5d52-41f0-92ae-b1ece5fa4ec2] (../lib/sbi/path.c:212)
[32m07/10 02:00:50.317[0m: [[33msbi[0m] [1;32mINFO[0m: [d2df5b00-5d52-41f0-92ae-b1ece5fa4ec2] NF Instance setup [type:NSSF validity:0s] (../lib/sbi/path.c:227)
[32m07/10 02:00:50.324[0m: [[33msbi[0m] [1;32mINFO[0m: [SMF] (SCP-discover) NF registered [d2ec3fe6-5d52-41f0-a7cb-dd063abd57bd] (../lib/sbi/path.c:212)
[32m07/10 02:00:50.324[0m: [[33msbi[0m] [1;32mINFO[0m: [d2ec3fe6-5d52-41f0-a7cb-dd063abd57bd] NF Instance setup [type:SMF validity:0s] (../lib/sbi/path.c:227)
[32m07/10 02:00:50.325[0m: [[33mamf[0m] [1;32mINFO[0m: NF EndPoint(fqdn) setup [open5gs-smf:0] (../src/amf/nsmf-handler.c:144)
[32m07/10 02:00:50.839[0m: [[33mamf[0m] [1;32mINFO[0m: [imsi-208930000000002:10:11][0:0:NULL] /nsmf-pdusession/v1/sm-contexts/{smContextRef}/modify (../src/amf/nsmf-handler.c:916)
[32m07/10 02:00:53.937[0m: [[33mamf[0m] [1;32mINFO[0m: [imsi-208930000000002:10] Receive Update SM context(N2-RELEASED) (../src/amf/nsmf-handler.c:651)
[32m07/10 02:00:53.937[0m: [[33mamf[0m] [1;32mINFO[0m: [imsi-208930000000002:10:17][0:1:NULL] /nsmf-pdusession/v1/sm-contexts/{smContextRef}/modify (../src/amf/nsmf-handler.c:916)
[32m07/10 02:00:54.142[0m: [[33mamf[0m] [1;32mINFO[0m: [imsi-208930000000002:10] Receive Update SM context(N1-RELEASED) (../src/amf/nsmf-handler.c:663)
[32m07/10 02:00:54.142[0m: [[33mamf[0m] [1;32mINFO[0m: [imsi-208930000000002:10:18][1:1:NULL] /nsmf-pdusession/v1/sm-contexts/{smContextRef}/modify (../src/amf/nsmf-handler.c:916)
[32m07/10 02:00:54.144[0m: [[33mamf[0m] [1;32mINFO[0m: [imsi-208930000000002:10][1:1:RELEASED] /namf-callback/v1/{supi}/sm-context-status/{psi} (../src/amf/namf-handler.c:588)
[32m07/10 02:00:54.144[0m: [[33mamf[0m] [1;32mINFO[0m: [imsi-208930000000002:10] Release SM Context [state:31] (../src/amf/nsmf-handler.c:1137)
[32m07/10 02:00:54.144[0m: [[33mamf[0m] [1;32mINFO[0m: [Removed] Number of AMF-Sessions is now 0 (../src/amf/context.c:2722)
[32m07/10 02:01:03.961[0m: [[33mamf[0m] [1;32mINFO[0m: gNB-N2[10.244.2.36] connection refused!!! (../src/amf/amf-sm.c:855)
[32m07/10 02:01:03.962[0m: [[33mamf[0m] [1;32mINFO[0m: [Removed] Number of gNB-UEs is now 0 (../src/amf/context.c:2701)
[32m07/10 02:01:03.962[0m: [[33mamf[0m] [1;32mINFO[0m: [Removed] Number of gNBs is now 0 (../src/amf/context.c:1265)
