Open5GS daemon v2.7.2

[32m07/10 01:57:55.924[0m: [[33mapp[0m] [1;32mINFO[0m: Configuration: '/open5gs/config-map/scp.yaml' (../lib/app/ogs-init.c:133)
[32m07/10 01:57:55.924[0m: [[33mapp[0m] [1;32mINFO[0m: File Logging: '/var/log/open5gs/scp.log' (../lib/app/ogs-init.c:136)
[32m07/10 01:57:55.928[0m: [[33msbi[0m] [1;32mINFO[0m: NF EndPoint(fqdn) setup [open5gs-nrf:80] (../lib/sbi/context.c:426)
[32m07/10 01:57:55.928[0m: [[33mscp[0m] [1;36mWARNING[0m: unknown key `metrics` (../src/scp/context.c:296)
[32m07/10 01:57:55.929[0m: [[33msbi[0m] [1;32mINFO[0m: nghttp2_server() [http://0.0.0.0]:80 (../lib/sbi/nghttp2-server.c:424)
[32m07/10 01:57:55.929[0m: [[33mapp[0m] [1;32mINFO[0m: SCP initialize...done (../src/scp/app.c:31)
[32m07/10 01:58:06.929[0m: [[33msbi[0m] [1;33mERROR[0m: Connection timer expired (../lib/sbi/client.c:605)
[32m07/10 01:58:06.929[0m: [[33msbi[0m] [1;36mWARNING[0m: ogs_sbi_client_handler() failed [-3] (../lib/sbi/path.c:62)
[32m07/10 01:58:06.929[0m: [[33msbi[0m] [1;36mWARNING[0m: [d31ff142-5d52-41f0-b3bf-436e8bc2b2fa] Retry registration with NRF (../lib/sbi/nf-sm.c:169)
[32m07/10 01:58:06.930[0m: [[33msbi[0m] [1;32mINFO[0m: [d31ff142-5d52-41f0-b3bf-436e8bc2b2fa] NF registered [Heartbeat:10s] (../lib/sbi/nf-sm.c:208)
[32m07/10 01:58:06.931[0m: [[33msbi[0m] [1;32mINFO[0m: NF EndPoint(fqdn) setup [open5gs-nrf:0] (../lib/sbi/nnrf-handler.c:949)
[32m07/10 01:58:06.931[0m: [[33msbi[0m] [1;32mINFO[0m: [d9af01f6-5d52-41f0-97ea-6bf869add9b5] Subscription created until 2025-07-11T01:58:06.931235-04:00 [duration:86400000000,validity:86400.000000,patch:43200.000000] (../lib/sbi/nnrf-handler.c:868)
[32m07/10 01:58:06.932[0m: [[33msbi[0m] [1;32mINFO[0m: NF EndPoint(fqdn) setup [open5gs-nrf:0] (../lib/sbi/nnrf-handler.c:949)
[32m07/10 01:58:06.932[0m: [[33msbi[0m] [1;32mINFO[0m: [d9af089a-5d52-41f0-97ea-6bf869add9b5] Subscription created until 2025-07-11T01:58:06.931383-04:00 [duration:86400000000,validity:86400.000000,patch:43200.000000] (../lib/sbi/nnrf-handler.c:868)
[32m07/10 01:58:06.932[0m: [[33msbi[0m] [1;32mINFO[0m: NF EndPoint(fqdn) setup [open5gs-nrf:0] (../lib/sbi/nnrf-handler.c:949)
[32m07/10 01:58:06.932[0m: [[33msbi[0m] [1;32mINFO[0m: [d9af0f52-5d52-41f0-97ea-6bf869add9b5] Subscription created until 2025-07-11T01:58:06.931554-04:00 [duration:86400000000,validity:86400.000000,patch:43200.000000] (../lib/sbi/nnrf-handler.c:868)
[32m07/10 01:58:06.932[0m: [[33msbi[0m] [1;32mINFO[0m: NF EndPoint(fqdn) setup [open5gs-nrf:0] (../lib/sbi/nnrf-handler.c:949)
[32m07/10 01:58:06.932[0m: [[33msbi[0m] [1;32mINFO[0m: [d9af10ec-5d52-41f0-97ea-6bf869add9b5] Subscription created until 2025-07-11T01:58:06.931592-04:00 [duration:86400000000,validity:86400.000000,patch:43200.000000] (../lib/sbi/nnrf-handler.c:868)
[32m07/10 01:58:06.932[0m: [[33msbi[0m] [1;32mINFO[0m: NF EndPoint(fqdn) setup [open5gs-nrf:0] (../lib/sbi/nnrf-handler.c:949)
[32m07/10 01:58:06.932[0m: [[33msbi[0m] [1;32mINFO[0m: [d9af1240-5d52-41f0-97ea-6bf869add9b5] Subscription created until 2025-07-11T01:58:06.931625-04:00 [duration:86400000000,validity:86400.000000,patch:43200.000000] (../lib/sbi/nnrf-handler.c:868)
[32m07/10 01:58:06.932[0m: [[33msbi[0m] [1;32mINFO[0m: NF EndPoint(fqdn) setup [open5gs-nrf:0] (../lib/sbi/nnrf-handler.c:949)
[32m07/10 01:58:06.932[0m: [[33msbi[0m] [1;32mINFO[0m: [d9af1754-5d52-41f0-97ea-6bf869add9b5] Subscription created until 2025-07-11T01:58:06.931758-04:00 [duration:86400000000,validity:86400.000000,patch:43200.000000] (../lib/sbi/nnrf-handler.c:868)
[32m07/10 01:58:06.932[0m: [[33msbi[0m] [1;32mINFO[0m: NF EndPoint(fqdn) setup [open5gs-nrf:0] (../lib/sbi/nnrf-handler.c:949)
[32m07/10 01:58:06.932[0m: [[33msbi[0m] [1;32mINFO[0m: [d9af18e4-5d52-41f0-97ea-6bf869add9b5] Subscription created until 2025-07-11T01:58:06.931796-04:00 [duration:86400000000,validity:86400.000000,patch:43200.000000] (../lib/sbi/nnrf-handler.c:868)
[32m07/10 01:58:06.932[0m: [[33msbi[0m] [1;32mINFO[0m: NF EndPoint(fqdn) setup [open5gs-nrf:0] (../lib/sbi/nnrf-handler.c:949)
[32m07/10 01:58:06.932[0m: [[33msbi[0m] [1;32mINFO[0m: [d9af1b0a-5d52-41f0-97ea-6bf869add9b5] Subscription created until 2025-07-11T01:58:06.931851-04:00 [duration:86400000000,validity:86400.000000,patch:43200.000000] (../lib/sbi/nnrf-handler.c:868)
[32m07/10 01:58:06.932[0m: [[33msbi[0m] [1;32mINFO[0m: NF EndPoint(fqdn) setup [open5gs-nrf:0] (../lib/sbi/nnrf-handler.c:949)
[32m07/10 01:58:06.933[0m: [[33msbi[0m] [1;32mINFO[0m: [d9af1da8-5d52-41f0-97ea-6bf869add9b5] Subscription created until 2025-07-11T01:58:06.931918-04:00 [duration:86400000000,validity:86400.000000,patch:43200.000000] (../lib/sbi/nnrf-handler.c:868)
[32m07/10 01:58:06.934[0m: [[33mscp[0m] [1;32mINFO[0m: NF EndPoint(fqdn) setup [open5gs-scp:0] (../src/scp/sbi-path.c:429)
[32m07/10 01:58:06.936[0m: [[33msbi[0m] [1;32mINFO[0m: [d31ea742-5d52-41f0-842f-3739d17b9e6b] (NRF-notify) NF registered (../lib/sbi/nnrf-handler.c:1133)
[32m07/10 01:58:06.936[0m: [[33msbi[0m] [1;32mINFO[0m: [d31ea742-5d52-41f0-842f-3739d17b9e6b] (NRF-notify) NF Profile updated [type:AUSF] (../lib/sbi/nnrf-handler.c:1147)
[32m07/10 01:58:06.936[0m: [[33msbi[0m] [1;32mINFO[0m: NF EndPoint(fqdn) setup [open5gs-ausf:0] (../lib/sbi/context.c:2195)
[32m07/10 01:58:06.936[0m: [[33msbi[0m] [1;32mINFO[0m: NF EndPoint(fqdn) setup [open5gs-ausf:0] (../lib/sbi/context.c:1934)
[32m07/10 01:58:07.036[0m: [[33mscp[0m] [1;32mINFO[0m: NF EndPoint(fqdn) setup [open5gs-smf:0] (../src/scp/sbi-path.c:429)
[32m07/10 01:58:07.036[0m: [[33mscp[0m] [1;32mINFO[0m: NF EndPoint(fqdn) setup [open5gs-smf:0] (../src/scp/sbi-path.c:429)
[32m07/10 01:58:07.036[0m: [[33mscp[0m] [1;32mINFO[0m: NF EndPoint(fqdn) setup [open5gs-scp:0] (../src/scp/sbi-path.c:429)
[32m07/10 01:58:07.037[0m: [[33msbi[0m] [1;32mINFO[0m: [d32dfbb6-5d52-41f0-970d-a7c37351747b] (NRF-notify) NF registered (../lib/sbi/nnrf-handler.c:1133)
[32m07/10 01:58:07.037[0m: [[33msbi[0m] [1;32mINFO[0m: [d32dfbb6-5d52-41f0-970d-a7c37351747b] (NRF-notify) NF Profile updated [type:PCF] (../lib/sbi/nnrf-handler.c:1147)
[32m07/10 01:58:07.037[0m: [[33msbi[0m] [1;32mINFO[0m: NF EndPoint(fqdn) setup [open5gs-pcf:0] (../lib/sbi/context.c:2195)
[32m07/10 01:58:07.037[0m: [[33msbi[0m] [1;32mINFO[0m: NF EndPoint(fqdn) setup [open5gs-pcf:0] (../lib/sbi/context.c:1934)
[32m07/10 01:58:07.037[0m: [[33msbi[0m] [1;32mINFO[0m: NF EndPoint(fqdn) setup [open5gs-pcf:0] (../lib/sbi/context.c:1934)
[32m07/10 01:58:07.037[0m: [[33msbi[0m] [1;32mINFO[0m: NF EndPoint(fqdn) setup [open5gs-pcf:0] (../lib/sbi/context.c:1934)
[32m07/10 01:58:07.037[0m: [[33mscp[0m] [1;32mINFO[0m: NF EndPoint(fqdn) setup [open5gs-scp:0] (../src/scp/sbi-path.c:429)
[32m07/10 01:58:07.039[0m: [[33msbi[0m] [1;32mINFO[0m: [d32e6696-5d52-41f0-b834-59d43e96048d] (NRF-notify) NF registered (../lib/sbi/nnrf-handler.c:1133)
[32m07/10 01:58:07.039[0m: [[33msbi[0m] [1;32mINFO[0m: [d32e6696-5d52-41f0-b834-59d43e96048d] (NRF-notify) NF Profile updated [type:UDR] (../lib/sbi/nnrf-handler.c:1147)
[32m07/10 01:58:07.039[0m: [[33msbi[0m] [1;32mINFO[0m: NF EndPoint(fqdn) setup [open5gs-udr:0] (../lib/sbi/context.c:2195)
[32m07/10 01:58:07.039[0m: [[33msbi[0m] [1;32mINFO[0m: NF EndPoint(fqdn) setup [open5gs-udr:0] (../lib/sbi/context.c:1934)
[32m07/10 01:58:07.123[0m: [[33mscp[0m] [1;32mINFO[0m: NF EndPoint(fqdn) setup [open5gs-smf:0] (../src/scp/sbi-path.c:429)
[32m07/10 01:58:07.123[0m: [[33mscp[0m] [1;32mINFO[0m: NF EndPoint(fqdn) setup [open5gs-smf:0] (../src/scp/sbi-path.c:429)
[32m07/10 01:58:07.123[0m: [[33mscp[0m] [1;32mINFO[0m: NF EndPoint(fqdn) setup [open5gs-scp:0] (../src/scp/sbi-path.c:429)
[32m07/10 01:58:07.124[0m: [[33msbi[0m] [1;32mINFO[0m: [d33bd0ba-5d52-41f0-a670-45adbc08df8a] (NRF-notify) NF registered (../lib/sbi/nnrf-handler.c:1133)
[32m07/10 01:58:07.124[0m: [[33msbi[0m] [1;32mINFO[0m: [d33bd0ba-5d52-41f0-a670-45adbc08df8a] (NRF-notify) NF Profile updated [type:AMF] (../lib/sbi/nnrf-handler.c:1147)
[32m07/10 01:58:07.124[0m: [[33msbi[0m] [1;32mINFO[0m: NF EndPoint(fqdn) setup [open5gs-amf:0] (../lib/sbi/context.c:2195)
[32m07/10 01:58:07.124[0m: [[33msbi[0m] [1;32mINFO[0m: NF EndPoint(fqdn) setup [open5gs-amf:0] (../lib/sbi/context.c:1934)
[32m07/10 01:58:07.127[0m: [[33mscp[0m] [1;32mINFO[0m: NF EndPoint(fqdn) setup [open5gs-smf:0] (../src/scp/sbi-path.c:429)
[32m07/10 01:58:07.127[0m: [[33mscp[0m] [1;32mINFO[0m: NF EndPoint(fqdn) setup [open5gs-smf:0] (../src/scp/sbi-path.c:429)
[32m07/10 01:58:07.127[0m: [[33mscp[0m] [1;32mINFO[0m: NF EndPoint(fqdn) setup [open5gs-smf:0] (../src/scp/sbi-path.c:429)
[32m07/10 01:58:07.127[0m: [[33mscp[0m] [1;32mINFO[0m: NF EndPoint(fqdn) setup [open5gs-smf:0] (../src/scp/sbi-path.c:429)
[32m07/10 01:58:07.127[0m: [[33mscp[0m] [1;32mINFO[0m: NF EndPoint(fqdn) setup [open5gs-scp:0] (../src/scp/sbi-path.c:429)
[32m07/10 01:58:07.127[0m: [[33mscp[0m] [1;32mINFO[0m: NF EndPoint(fqdn) setup [open5gs-ausf:0] (../src/scp/sbi-path.c:429)
[32m07/10 01:58:07.127[0m: [[33mscp[0m] [1;32mINFO[0m: NF EndPoint(fqdn) setup [open5gs-amf:0] (../src/scp/sbi-path.c:429)
[32m07/10 01:58:07.127[0m: [[33mscp[0m] [1;32mINFO[0m: NF EndPoint(fqdn) setup [open5gs-amf:0] (../src/scp/sbi-path.c:429)
[32m07/10 01:58:07.128[0m: [[33msbi[0m] [1;32mINFO[0m: [d33cb8f4-5d52-41f0-a6f9-01de33d714e5] (NRF-notify) NF registered (../lib/sbi/nnrf-handler.c:1133)
[32m07/10 01:58:07.128[0m: [[33msbi[0m] [1;32mINFO[0m: [d33cb8f4-5d52-41f0-a6f9-01de33d714e5] (NRF-notify) NF Profile updated [type:UDM] (../lib/sbi/nnrf-handler.c:1147)
[32m07/10 01:58:07.128[0m: [[33msbi[0m] [1;32mINFO[0m: NF EndPoint(fqdn) setup [open5gs-udm:0] (../lib/sbi/context.c:2195)
[32m07/10 01:58:07.128[0m: [[33msbi[0m] [1;32mINFO[0m: NF EndPoint(fqdn) setup [open5gs-udm:0] (../lib/sbi/context.c:1934)
[32m07/10 01:58:07.128[0m: [[33msbi[0m] [1;32mINFO[0m: NF EndPoint(fqdn) setup [open5gs-udm:0] (../lib/sbi/context.c:1934)
[32m07/10 01:58:07.128[0m: [[33msbi[0m] [1;32mINFO[0m: NF EndPoint(fqdn) setup [open5gs-udm:0] (../lib/sbi/context.c:1934)
[32m07/10 01:58:35.114[0m: [[33mscp[0m] [1;32mINFO[0m: NF EndPoint(fqdn) setup [open5gs-scp:0] (../src/scp/sbi-path.c:429)
[32m07/10 01:58:35.114[0m: [[33mscp[0m] [1;32mINFO[0m: NF EndPoint(fqdn) setup [open5gs-amf:0] (../src/scp/sbi-path.c:429)
[32m07/10 01:58:35.115[0m: [[33msbi[0m] [1;36mWARNING[0m: [8b2f93de-5d51-41f0-bfba-b7f58fd84515] (NRF-notify) Not found (../lib/sbi/nnrf-handler.c:1171)
[32m07/10 02:00:50.071[0m: [[33msbi[0m] [1;36mWARNING[0m: [d31ea742-5d52-41f0-842f-3739d17b9e6b] (NRF-discover) NF has already been added [type:AUSF] (../lib/sbi/nnrf-handler.c:1249)
[32m07/10 02:00:50.071[0m: [[33msbi[0m] [1;36mWARNING[0m: NF EndPoint(fqdn) updated [open5gs-ausf:0] (../lib/sbi/context.c:2195)
[32m07/10 02:00:50.071[0m: [[33msbi[0m] [1;32mINFO[0m: NF EndPoint(fqdn) setup [open5gs-ausf:0] (../lib/sbi/context.c:2195)
[32m07/10 02:00:50.071[0m: [[33msbi[0m] [1;36mWARNING[0m: NF EndPoint(fqdn) updated [open5gs-ausf:0] (../lib/sbi/context.c:1934)
[32m07/10 02:00:50.071[0m: [[33msbi[0m] [1;32mINFO[0m: NF EndPoint(fqdn) setup [open5gs-ausf:0] (../lib/sbi/context.c:1934)
[32m07/10 02:00:50.071[0m: [[33msbi[0m] [1;32mINFO[0m: [d31ea742-5d52-41f0-842f-3739d17b9e6b] (NF-discover) NF Profile updated [type:AUSF validity:30s] (../lib/sbi/nnrf-handler.c:1290)
[32m07/10 02:00:50.074[0m: [[33mscp[0m] [1;32mINFO[0m: NF EndPoint(fqdn) setup [open5gs-udm:0] (../src/scp/sbi-path.c:429)
[32m07/10 02:00:50.077[0m: [[33msbi[0m] [1;36mWARNING[0m: [d32e6696-5d52-41f0-b834-59d43e96048d] (NRF-discover) NF has already been added [type:UDR] (../lib/sbi/nnrf-handler.c:1249)
[32m07/10 02:00:50.079[0m: [[33msbi[0m] [1;36mWARNING[0m: NF EndPoint(fqdn) updated [open5gs-udr:0] (../lib/sbi/context.c:2195)
[32m07/10 02:00:50.079[0m: [[33msbi[0m] [1;32mINFO[0m: NF EndPoint(fqdn) setup [open5gs-udr:0] (../lib/sbi/context.c:2195)
[32m07/10 02:00:50.079[0m: [[33msbi[0m] [1;36mWARNING[0m: NF EndPoint(fqdn) updated [open5gs-udr:0] (../lib/sbi/context.c:1934)
[32m07/10 02:00:50.079[0m: [[33msbi[0m] [1;32mINFO[0m: NF EndPoint(fqdn) setup [open5gs-udr:0] (../lib/sbi/context.c:1934)
[32m07/10 02:00:50.079[0m: [[33msbi[0m] [1;32mINFO[0m: [d32e6696-5d52-41f0-b834-59d43e96048d] (NF-discover) NF Profile updated [type:UDR validity:30s] (../lib/sbi/nnrf-handler.c:1290)
[32m07/10 02:00:50.087[0m: [[33mscp[0m] [1;32mINFO[0m: NF EndPoint(fqdn) setup [open5gs-ausf:0] (../src/scp/sbi-path.c:429)
[32m07/10 02:00:50.088[0m: [[33mscp[0m] [1;32mINFO[0m: NF EndPoint(fqdn) setup [open5gs-udm:0] (../src/scp/sbi-path.c:429)
[32m07/10 02:00:50.095[0m: [[33mscp[0m] [1;32mINFO[0m: NF EndPoint(fqdn) setup [open5gs-udm:0] (../src/scp/sbi-path.c:429)
[32m07/10 02:00:50.096[0m: [[33mscp[0m] [1;32mINFO[0m: NF EndPoint(fqdn) setup [open5gs-udm:0] (../src/scp/sbi-path.c:429)
[32m07/10 02:00:50.097[0m: [[33mscp[0m] [1;32mINFO[0m: NF EndPoint(fqdn) setup [open5gs-udm:0] (../src/scp/sbi-path.c:429)
[32m07/10 02:00:50.099[0m: [[33mscp[0m] [1;32mINFO[0m: NF EndPoint(fqdn) setup [open5gs-udm:0] (../src/scp/sbi-path.c:429)
[32m07/10 02:00:50.099[0m: [[33mscp[0m] [1;32mINFO[0m: NF EndPoint(fqdn) setup [open5gs-udm:0] (../src/scp/sbi-path.c:429)
[32m07/10 02:00:50.100[0m: [[33msbi[0m] [1;36mWARNING[0m: [d32dfbb6-5d52-41f0-970d-a7c37351747b] (NRF-discover) NF has already been added [type:PCF] (../lib/sbi/nnrf-handler.c:1249)
[32m07/10 02:00:50.100[0m: [[33msbi[0m] [1;36mWARNING[0m: NF EndPoint(fqdn) updated [open5gs-pcf:0] (../lib/sbi/context.c:2195)
[32m07/10 02:00:50.100[0m: [[33msbi[0m] [1;32mINFO[0m: NF EndPoint(fqdn) setup [open5gs-pcf:0] (../lib/sbi/context.c:2195)
[32m07/10 02:00:50.100[0m: [[33msbi[0m] [1;36mWARNING[0m: NF EndPoint(fqdn) updated [open5gs-pcf:0] (../lib/sbi/context.c:1934)
[32m07/10 02:00:50.100[0m: [[33msbi[0m] [1;32mINFO[0m: NF EndPoint(fqdn) setup [open5gs-pcf:0] (../lib/sbi/context.c:1934)
[32m07/10 02:00:50.100[0m: [[33msbi[0m] [1;36mWARNING[0m: NF EndPoint(fqdn) updated [open5gs-pcf:0] (../lib/sbi/context.c:1934)
[32m07/10 02:00:50.100[0m: [[33msbi[0m] [1;32mINFO[0m: NF EndPoint(fqdn) setup [open5gs-pcf:0] (../lib/sbi/context.c:1934)
[32m07/10 02:00:50.100[0m: [[33msbi[0m] [1;36mWARNING[0m: NF EndPoint(fqdn) updated [open5gs-pcf:0] (../lib/sbi/context.c:1934)
[32m07/10 02:00:50.100[0m: [[33msbi[0m] [1;32mINFO[0m: NF EndPoint(fqdn) setup [open5gs-pcf:0] (../lib/sbi/context.c:1934)
[32m07/10 02:00:50.100[0m: [[33msbi[0m] [1;32mINFO[0m: [d32dfbb6-5d52-41f0-970d-a7c37351747b] (NF-discover) NF Profile updated [type:PCF validity:30s] (../lib/sbi/nnrf-handler.c:1290)
[32m07/10 02:00:50.105[0m: [[33msbi[0m] [1;36mWARNING[0m: [d32e6696-5d52-41f0-b834-59d43e96048d] (NRF-discover) NF has already been added [type:UDR] (../lib/sbi/nnrf-handler.c:1249)
[32m07/10 02:00:50.105[0m: [[33msbi[0m] [1;36mWARNING[0m: NF EndPoint(fqdn) updated [open5gs-udr:0] (../lib/sbi/context.c:2195)
[32m07/10 02:00:50.105[0m: [[33msbi[0m] [1;32mINFO[0m: NF EndPoint(fqdn) setup [open5gs-udr:0] (../lib/sbi/context.c:2195)
[32m07/10 02:00:50.105[0m: [[33msbi[0m] [1;36mWARNING[0m: NF EndPoint(fqdn) updated [open5gs-udr:0] (../lib/sbi/context.c:1934)
[32m07/10 02:00:50.105[0m: [[33msbi[0m] [1;32mINFO[0m: NF EndPoint(fqdn) setup [open5gs-udr:0] (../lib/sbi/context.c:1934)
[32m07/10 02:00:50.105[0m: [[33msbi[0m] [1;32mINFO[0m: [d32e6696-5d52-41f0-b834-59d43e96048d] (NF-discover) NF Profile updated [type:UDR validity:30s] (../lib/sbi/nnrf-handler.c:1290)
[32m07/10 02:00:50.315[0m: [[33msbi[0m] [1;32mINFO[0m: [d2df5b00-5d52-41f0-92ae-b1ece5fa4ec2] (NRF-discover) NF registered [type:NULL] (../lib/sbi/nnrf-handler.c:1245)
[32m07/10 02:00:50.315[0m: [[33msbi[0m] [1;32mINFO[0m: NF EndPoint(fqdn) setup [open5gs-nssf:0] (../lib/sbi/context.c:2195)
[32m07/10 02:00:50.315[0m: [[33msbi[0m] [1;32mINFO[0m: NF EndPoint(fqdn) setup [open5gs-nssf:0] (../lib/sbi/context.c:1934)
[32m07/10 02:00:50.315[0m: [[33msbi[0m] [1;32mINFO[0m: [d2df5b00-5d52-41f0-92ae-b1ece5fa4ec2] (NF-discover) NF Profile updated [type:NSSF validity:30s] (../lib/sbi/nnrf-handler.c:1290)
[32m07/10 02:00:50.318[0m: [[33mscp[0m] [1;32mINFO[0m: NF EndPoint(fqdn) setup [open5gs-nrf:80] (../src/scp/sbi-path.c:536)
[32m07/10 02:00:50.318[0m: [[33msbi[0m] [1;32mINFO[0m: [d2ec3fe6-5d52-41f0-a7cb-dd063abd57bd] (NRF-discover) NF registered [type:NULL] (../lib/sbi/nnrf-handler.c:1245)
[32m07/10 02:00:50.318[0m: [[33msbi[0m] [1;32mINFO[0m: NF EndPoint(fqdn) setup [open5gs-smf:0] (../lib/sbi/context.c:2195)
[32m07/10 02:00:50.318[0m: [[33msbi[0m] [1;32mINFO[0m: NF EndPoint(fqdn) setup [open5gs-smf:0] (../lib/sbi/context.c:1934)
[32m07/10 02:00:50.318[0m: [[33msbi[0m] [1;32mINFO[0m: [d2ec3fe6-5d52-41f0-a7cb-dd063abd57bd] (NF-discover) NF Profile updated [type:SMF validity:30s] (../lib/sbi/nnrf-handler.c:1290)
[32m07/10 02:00:50.320[0m: [[33mscp[0m] [1;32mINFO[0m: NF EndPoint(fqdn) setup [open5gs-udm:0] (../src/scp/sbi-path.c:429)
[32m07/10 02:00:50.324[0m: [[33mscp[0m] [1;32mINFO[0m: NF EndPoint(fqdn) setup [open5gs-pcf:0] (../src/scp/sbi-path.c:429)
[32m07/10 02:00:50.325[0m: [[33msbi[0m] [1;36mWARNING[0m: [d32e6696-5d52-41f0-b834-59d43e96048d] (NRF-discover) NF has already been added [type:UDR] (../lib/sbi/nnrf-handler.c:1249)
[32m07/10 02:00:50.325[0m: [[33msbi[0m] [1;36mWARNING[0m: NF EndPoint(fqdn) updated [open5gs-udr:0] (../lib/sbi/context.c:2195)
[32m07/10 02:00:50.325[0m: [[33msbi[0m] [1;32mINFO[0m: NF EndPoint(fqdn) setup [open5gs-udr:0] (../lib/sbi/context.c:2195)
[32m07/10 02:00:50.325[0m: [[33msbi[0m] [1;36mWARNING[0m: NF EndPoint(fqdn) updated [open5gs-udr:0] (../lib/sbi/context.c:1934)
[32m07/10 02:00:50.325[0m: [[33msbi[0m] [1;32mINFO[0m: NF EndPoint(fqdn) setup [open5gs-udr:0] (../lib/sbi/context.c:1934)
[32m07/10 02:00:50.325[0m: [[33msbi[0m] [1;32mINFO[0m: [d32e6696-5d52-41f0-b834-59d43e96048d] (NF-discover) NF Profile updated [type:UDR validity:30s] (../lib/sbi/nnrf-handler.c:1290)
[32m07/10 02:00:50.327[0m: [[33msbi[0m] [1;32mINFO[0m: [d2dcbd78-5d52-41f0-9a78-0380d1cf6886] (NRF-discover) NF registered [type:NULL] (../lib/sbi/nnrf-handler.c:1245)
[32m07/10 02:00:50.327[0m: [[33msbi[0m] [1;32mINFO[0m: NF EndPoint(fqdn) setup [open5gs-bsf:0] (../lib/sbi/context.c:2195)
[32m07/10 02:00:50.327[0m: [[33msbi[0m] [1;32mINFO[0m: NF EndPoint(fqdn) setup [open5gs-bsf:0] (../lib/sbi/context.c:1934)
[32m07/10 02:00:50.327[0m: [[33msbi[0m] [1;32mINFO[0m: [d2dcbd78-5d52-41f0-9a78-0380d1cf6886] (NF-discover) NF Profile updated [type:BSF validity:30s] (../lib/sbi/nnrf-handler.c:1290)
[32m07/10 02:00:50.331[0m: [[33mscp[0m] [1;32mINFO[0m: NF EndPoint(fqdn) setup [open5gs-amf:0] (../src/scp/sbi-path.c:429)
[32m07/10 02:00:50.836[0m: [[33mscp[0m] [1;32mINFO[0m: NF EndPoint(fqdn) setup [open5gs-smf:0] (../src/scp/sbi-path.c:429)
[32m07/10 02:00:50.838[0m: [[33mscp[0m] [1;32mINFO[0m: NF EndPoint(fqdn) setup [open5gs-udm:0] (../src/scp/sbi-path.c:429)
[32m07/10 02:00:50.839[0m: [[33msbi[0m] [1;36mWARNING[0m: [d32e6696-5d52-41f0-b834-59d43e96048d] (NRF-discover) NF has already been added [type:UDR] (../lib/sbi/nnrf-handler.c:1249)
[32m07/10 02:00:50.839[0m: [[33msbi[0m] [1;36mWARNING[0m: NF EndPoint(fqdn) updated [open5gs-udr:0] (../lib/sbi/context.c:2195)
[32m07/10 02:00:50.839[0m: [[33msbi[0m] [1;32mINFO[0m: NF EndPoint(fqdn) setup [open5gs-udr:0] (../lib/sbi/context.c:2195)
[32m07/10 02:00:50.839[0m: [[33msbi[0m] [1;36mWARNING[0m: NF EndPoint(fqdn) updated [open5gs-udr:0] (../lib/sbi/context.c:1934)
[32m07/10 02:00:50.839[0m: [[33msbi[0m] [1;32mINFO[0m: NF EndPoint(fqdn) setup [open5gs-udr:0] (../lib/sbi/context.c:1934)
[32m07/10 02:00:50.839[0m: [[33msbi[0m] [1;32mINFO[0m: [d32e6696-5d52-41f0-b834-59d43e96048d] (NF-discover) NF Profile updated [type:UDR validity:30s] (../lib/sbi/nnrf-handler.c:1290)
[32m07/10 02:00:53.933[0m: [[33mscp[0m] [1;32mINFO[0m: NF EndPoint(fqdn) setup [open5gs-smf:0] (../src/scp/sbi-path.c:429)
[32m07/10 02:00:53.934[0m: [[33mscp[0m] [1;32mINFO[0m: NF EndPoint(fqdn) setup [open5gs-pcf:0] (../src/scp/sbi-path.c:429)
[32m07/10 02:00:53.934[0m: [[33mscp[0m] [1;32mINFO[0m: NF EndPoint(fqdn) setup [open5gs-bsf:0] (../src/scp/sbi-path.c:429)
[32m07/10 02:00:53.937[0m: [[33mscp[0m] [1;32mINFO[0m: NF EndPoint(fqdn) setup [open5gs-smf:0] (../src/scp/sbi-path.c:429)
[32m07/10 02:00:54.141[0m: [[33mscp[0m] [1;32mINFO[0m: NF EndPoint(fqdn) setup [open5gs-smf:0] (../src/scp/sbi-path.c:429)
[32m07/10 02:00:54.142[0m: [[33mscp[0m] [1;32mINFO[0m: NF EndPoint(fqdn) setup [open5gs-udm:0] (../src/scp/sbi-path.c:429)
[32m07/10 02:00:54.144[0m: [[33mscp[0m] [1;32mINFO[0m: NF EndPoint(fqdn) setup [open5gs-amf:0] (../src/scp/sbi-path.c:429)
[32m07/10 02:01:20.074[0m: [[33msbi[0m] [1;32mINFO[0m: [d31ea742-5d52-41f0-842f-3739d17b9e6b] NF expired [type:AUSF] (../lib/sbi/nf-sm.c:308)
[32m07/10 02:01:20.075[0m: [[33msbi[0m] [1;32mINFO[0m: [d31ea742-5d52-41f0-842f-3739d17b9e6b] NF de-registered [type:AUSF] (../lib/sbi/nf-sm.c:345)
[32m07/10 02:01:20.101[0m: [[33msbi[0m] [1;32mINFO[0m: [d32dfbb6-5d52-41f0-970d-a7c37351747b] NF expired [type:PCF] (../lib/sbi/nf-sm.c:308)
[32m07/10 02:01:20.101[0m: [[33msbi[0m] [1;32mINFO[0m: [d32dfbb6-5d52-41f0-970d-a7c37351747b] NF de-registered [type:PCF] (../lib/sbi/nf-sm.c:345)
[32m07/10 02:01:20.315[0m: [[33msbi[0m] [1;32mINFO[0m: [d2df5b00-5d52-41f0-92ae-b1ece5fa4ec2] NF expired [type:NSSF] (../lib/sbi/nf-sm.c:308)
[32m07/10 02:01:20.315[0m: [[33msbi[0m] [1;32mINFO[0m: [d2df5b00-5d52-41f0-92ae-b1ece5fa4ec2] NF de-registered [type:NSSF] (../lib/sbi/nf-sm.c:345)
[32m07/10 02:01:20.319[0m: [[33msbi[0m] [1;32mINFO[0m: [d2ec3fe6-5d52-41f0-a7cb-dd063abd57bd] NF expired [type:SMF] (../lib/sbi/nf-sm.c:308)
[32m07/10 02:01:20.319[0m: [[33msbi[0m] [1;32mINFO[0m: [d2ec3fe6-5d52-41f0-a7cb-dd063abd57bd] NF de-registered [type:SMF] (../lib/sbi/nf-sm.c:345)
[32m07/10 02:01:20.327[0m: [[33msbi[0m] [1;32mINFO[0m: [d2dcbd78-5d52-41f0-9a78-0380d1cf6886] NF expired [type:BSF] (../lib/sbi/nf-sm.c:308)
[32m07/10 02:01:20.327[0m: [[33msbi[0m] [1;32mINFO[0m: [d2dcbd78-5d52-41f0-9a78-0380d1cf6886] NF de-registered [type:BSF] (../lib/sbi/nf-sm.c:345)
[32m07/10 02:01:20.840[0m: [[33msbi[0m] [1;32mINFO[0m: [d32e6696-5d52-41f0-b834-59d43e96048d] NF expired [type:UDR] (../lib/sbi/nf-sm.c:308)
[32m07/10 02:01:20.840[0m: [[33msbi[0m] [1;32mINFO[0m: [d32e6696-5d52-41f0-b834-59d43e96048d] NF de-registered [type:UDR] (../lib/sbi/nf-sm.c:345)
