1
MongoDB is ready!
Open5GS daemon v2.7.2

[32m07/10 02:04:53.140[0m: [[33mapp[0m] [1;32mINFO[0m: Configuration: '/open5gs/config-map/pcf.yaml' (../lib/app/ogs-init.c:133)
[32m07/10 02:04:53.140[0m: [[33mapp[0m] [1;32mINFO[0m: File Logging: '/var/log/open5gs/pcf.log' (../lib/app/ogs-init.c:136)
[32m07/10 02:04:53.145[0m: [[33msbi[0m] [1;32mINFO[0m: NF EndPoint(fqdn) setup [open5gs-scp:80] (../lib/sbi/context.c:474)
[32m07/10 02:04:53.145[0m: [[33mmetrics[0m] [1;32mINFO[0m: metrics_server() [http://0.0.0.0]:9090 (../lib/metrics/prometheus/context.c:299)
[32m07/10 02:04:53.147[0m: [[33mdbi[0m] [1;32mINFO[0m: MongoDB URI: 'mongodb://mongodb-svc/open5gs' (../lib/dbi/ogs-mongoc.c:130)
[32m07/10 02:04:53.147[0m: [[33msbi[0m] [1;32mINFO[0m: NF Service [npcf-am-policy-control] (../lib/sbi/context.c:1829)
[32m07/10 02:04:53.147[0m: [[33msbi[0m] [1;32mINFO[0m: NF Service [npcf-smpolicycontrol] (../lib/sbi/context.c:1829)
[32m07/10 02:04:53.147[0m: [[33msbi[0m] [1;32mINFO[0m: NF Service [npcf-policyauthorization] (../lib/sbi/context.c:1829)
[32m07/10 02:04:53.147[0m: [[33msbi[0m] [1;32mINFO[0m: nghttp2_server() [http://0.0.0.0]:80 (../lib/sbi/nghttp2-server.c:424)
[32m07/10 02:04:53.147[0m: [[33mapp[0m] [1;32mINFO[0m: PCF initialize...done (../src/pcf/app.c:31)
[32m07/10 02:04:53.148[0m: [[33msbi[0m] [1;36mWARNING[0m: [7] Failed to connect to open5gs-scp port 80 after 1 ms: Connection refused (../lib/sbi/client.c:698)
[32m07/10 02:04:53.148[0m: [[33msbi[0m] [1;36mWARNING[0m: ogs_sbi_client_handler() failed [-1] (../lib/sbi/path.c:62)
[32m07/10 02:05:04.158[0m: [[33msbi[0m] [1;36mWARNING[0m: [cbce2912-5d53-41f0-92e1-1168974836f3] Retry registration with NRF (../lib/sbi/nf-sm.c:169)
[32m07/10 02:05:04.162[0m: [[33msbi[0m] [1;32mINFO[0m: [cbce2912-5d53-41f0-92e1-1168974836f3] NF registered [Heartbeat:10s] (../lib/sbi/nf-sm.c:208)
[32m07/10 02:05:04.166[0m: [[33msbi[0m] [1;32mINFO[0m: NF EndPoint(fqdn) setup [open5gs-nrf:0] (../lib/sbi/nnrf-handler.c:949)
[32m07/10 02:05:04.166[0m: [[33msbi[0m] [1;32mINFO[0m: [d25fa08a-5d53-41f0-bb38-49c5b981c6ea] Subscription created until 2025-07-11T02:05:04.163684-04:00 [duration:86400000000,validity:86400.000000,patch:43200.000000] (../lib/sbi/nnrf-handler.c:868)
[32m07/10 02:05:04.166[0m: [[33msbi[0m] [1;32mINFO[0m: NF EndPoint(fqdn) setup [open5gs-nrf:0] (../lib/sbi/nnrf-handler.c:949)
[32m07/10 02:05:04.166[0m: [[33msbi[0m] [1;32mINFO[0m: [d25fa4d6-5d53-41f0-bb38-49c5b981c6ea] Subscription created until 2025-07-11T02:05:04.163772-04:00 [duration:86400000000,validity:86400.000000,patch:43200.000000] (../lib/sbi/nnrf-handler.c:868)
[32m07/10 02:05:04.166[0m: [[33msbi[0m] [1;32mINFO[0m: NF EndPoint(fqdn) setup [open5gs-nrf:0] (../lib/sbi/nnrf-handler.c:949)
[32m07/10 02:05:04.166[0m: [[33msbi[0m] [1;32mINFO[0m: [d25fa742-5d53-41f0-bb38-49c5b981c6ea] Subscription created until 2025-07-11T02:05:04.163832-04:00 [duration:86400000000,validity:86400.000000,patch:43200.000000] (../lib/sbi/nnrf-handler.c:868)
[32m07/10 02:05:04.216[0m: [[33msbi[0m] [1;32mINFO[0m: [cbd69552-5d53-41f0-835b-6d6de931e488] (NRF-notify) NF registered (../lib/sbi/nnrf-handler.c:1133)
[32m07/10 02:05:04.216[0m: [[33msbi[0m] [1;32mINFO[0m: [cbd69552-5d53-41f0-835b-6d6de931e488] (NRF-notify) NF Profile updated [type:BSF] (../lib/sbi/nnrf-handler.c:1147)
[32m07/10 02:05:04.216[0m: [[33msbi[0m] [1;32mINFO[0m: NF EndPoint(fqdn) setup [open5gs-bsf:0] (../lib/sbi/context.c:2195)
[32m07/10 02:05:04.216[0m: [[33msbi[0m] [1;32mINFO[0m: NF EndPoint(fqdn) setup [open5gs-bsf:0] (../lib/sbi/context.c:1934)
[32m07/10 02:05:04.359[0m: [[33msbi[0m] [1;32mINFO[0m: [cbec8d80-5d53-41f0-897d-a92ca6331687] (NRF-notify) NF registered (../lib/sbi/nnrf-handler.c:1133)
[32m07/10 02:05:04.360[0m: [[33msbi[0m] [1;32mINFO[0m: [cbec8d80-5d53-41f0-897d-a92ca6331687] (NRF-notify) NF Profile updated [type:UDR] (../lib/sbi/nnrf-handler.c:1147)
[32m07/10 02:05:04.360[0m: [[33msbi[0m] [1;32mINFO[0m: NF EndPoint(fqdn) setup [open5gs-udr:0] (../lib/sbi/context.c:2195)
[32m07/10 02:05:04.360[0m: [[33msbi[0m] [1;32mINFO[0m: NF EndPoint(fqdn) setup [open5gs-udr:0] (../lib/sbi/context.c:1934)
[32m07/10 02:07:41.246[0m: [[33mpcf[0m] [1;32mINFO[0m: NF EndPoint(fqdn) setup [open5gs-amf:0] (../src/pcf/npcf-handler.c:114)
[32m07/10 02:07:41.246[0m: [[33msbi[0m] [1;32mINFO[0m: [cbec8d80-5d53-41f0-897d-a92ca6331687] NF Instance setup [type:UDR validity:0s] (../lib/sbi/path.c:297)
[32m07/10 02:07:41.460[0m: [[33mpcf[0m] [1;32mINFO[0m: NF EndPoint(fqdn) setup [open5gs-smf:0] (../src/pcf/npcf-handler.c:447)
[32m07/10 02:07:41.460[0m: [[33msbi[0m] [1;32mINFO[0m: [cbec8d80-5d53-41f0-897d-a92ca6331687] NF Instance setup [type:UDR validity:0s] (../lib/sbi/path.c:297)
[32m07/10 02:07:41.461[0m: [[33mpcf[0m] [1;32mINFO[0m: [cbce2912-5d53-41f0-92e1-1168974836f3] NF Instance setup [type:PCF validity:0s] (../src/pcf/nudr-handler.c:227)
[32m07/10 02:07:41.461[0m: [[33msbi[0m] [1;32mINFO[0m: [cbd69552-5d53-41f0-835b-6d6de931e488] NF Instance setup [type:BSF validity:0s] (../lib/sbi/path.c:297)
[32m07/10 02:07:41.463[0m: [[33mpcf[0m] [1;32mINFO[0m: NF EndPoint(fqdn) setup [open5gs-bsf:0] (../src/pcf/nbsf-handler.c:151)
