Open5GS daemon v2.7.2

[32m07/10 02:04:53.028[0m: [[33mapp[0m] [1;32mINFO[0m: Configuration: '/open5gs/config-map/nrf.yaml' (../lib/app/ogs-init.c:133)
[32m07/10 02:04:53.028[0m: [[33mapp[0m] [1;32mINFO[0m: File Logging: '/var/log/open5gs/nrf.log' (../lib/app/ogs-init.c:136)
[32m07/10 02:04:53.031[0m: [[33msbi[0m] [1;32mINFO[0m: nghttp2_server() [http://0.0.0.0]:80 (../lib/sbi/nghttp2-server.c:424)
[32m07/10 02:04:53.032[0m: [[33mapp[0m] [1;32mINFO[0m: NRF initialize...done (../src/nrf/app.c:31)
[32m07/10 02:04:56.850[0m: [[33mnrf[0m] [1;36mWARNING[0m: Not found [d2ec3fe6-5d52-41f0-a7cb-dd063abd57bd] (../src/nrf/nrf-sm.c:158)
[32m07/10 02:04:58.853[0m: [[33msbi[0m] [1;32mINFO[0m: NF EndPoint(fqdn) setup [open5gs-smf:0] (../lib/sbi/context.c:2195)
[32m07/10 02:04:58.853[0m: [[33msbi[0m] [1;32mINFO[0m: NF EndPoint(fqdn) setup [open5gs-smf:0] (../lib/sbi/context.c:1934)
[32m07/10 02:04:58.853[0m: [[33mnrf[0m] [1;32mINFO[0m: [d2ec3fe6-5d52-41f0-a7cb-dd063abd57bd] NF registered [Heartbeat:10s] (../src/nrf/nf-sm.c:202)
[32m07/10 02:04:58.854[0m: [[33mnrf[0m] [1;32mINFO[0m: NF EndPoint(fqdn) setup [open5gs-smf:0] (../src/nrf/nnrf-handler.c:418)
[32m07/10 02:04:58.854[0m: [[33mnrf[0m] [1;32mINFO[0m: [cf35905e-5d53-41f0-bb38-49c5b981c6ea] Subscription created until 2025-07-11T02:04:58.854842-04:00 [duration:86400000000,validity:86400.000000] (../src/nrf/nnrf-handler.c:446)
[32m07/10 02:04:58.854[0m: [[33mnrf[0m] [1;32mINFO[0m: NF EndPoint(fqdn) setup [open5gs-smf:0] (../src/nrf/nnrf-handler.c:418)
[32m07/10 02:04:58.855[0m: [[33mnrf[0m] [1;32mINFO[0m: [cf3596ee-5d53-41f0-bb38-49c5b981c6ea] Subscription created until 2025-07-11T02:04:58.855001-04:00 [duration:86400000000,validity:86400.000000] (../src/nrf/nnrf-handler.c:446)
[32m07/10 02:04:58.855[0m: [[33mnrf[0m] [1;32mINFO[0m: NF EndPoint(fqdn) setup [open5gs-smf:0] (../src/nrf/nnrf-handler.c:418)
[32m07/10 02:04:58.855[0m: [[33mnrf[0m] [1;32mINFO[0m: [cf359a72-5d53-41f0-bb38-49c5b981c6ea] Subscription created until 2025-07-11T02:04:58.855098-04:00 [duration:86400000000,validity:86400.000000] (../src/nrf/nnrf-handler.c:446)
[32m07/10 02:04:58.855[0m: [[33mnrf[0m] [1;32mINFO[0m: NF EndPoint(fqdn) setup [open5gs-smf:0] (../src/nrf/nnrf-handler.c:418)
[32m07/10 02:04:58.855[0m: [[33mnrf[0m] [1;32mINFO[0m: [cf359fd6-5d53-41f0-bb38-49c5b981c6ea] Subscription created until 2025-07-11T02:04:58.855228-04:00 [duration:86400000000,validity:86400.000000] (../src/nrf/nnrf-handler.c:446)
[32m07/10 02:04:58.855[0m: [[33mnrf[0m] [1;32mINFO[0m: NF EndPoint(fqdn) setup [open5gs-smf:0] (../src/nrf/nnrf-handler.c:418)
[32m07/10 02:04:58.855[0m: [[33mnrf[0m] [1;32mINFO[0m: [cf35a31e-5d53-41f0-bb38-49c5b981c6ea] Subscription created until 2025-07-11T02:04:58.855311-04:00 [duration:86400000000,validity:86400.000000] (../src/nrf/nnrf-handler.c:446)
[32m07/10 02:05:03.463[0m: [[33msbi[0m] [1;32mINFO[0m: NF EndPoint(fqdn) setup [open5gs-amf:0] (../lib/sbi/context.c:2195)
[32m07/10 02:05:03.463[0m: [[33msbi[0m] [1;32mINFO[0m: NF EndPoint(fqdn) setup [open5gs-amf:0] (../lib/sbi/context.c:1934)
[32m07/10 02:05:03.463[0m: [[33mnrf[0m] [1;32mINFO[0m: [cb63d094-5d53-41f0-965b-019d6b4f0271] NF registered [Heartbeat:10s] (../src/nrf/nf-sm.c:202)
[32m07/10 02:05:03.464[0m: [[33mnrf[0m] [1;32mINFO[0m: NF EndPoint(fqdn) setup [open5gs-amf:0] (../src/nrf/nnrf-handler.c:418)
[32m07/10 02:05:03.464[0m: [[33mnrf[0m] [1;32mINFO[0m: [d1f4f55a-5d53-41f0-bb38-49c5b981c6ea] Subscription created until 2025-07-11T02:05:03.464602-04:00 [duration:86400000000,validity:86400.000000] (../src/nrf/nnrf-handler.c:446)
[32m07/10 02:05:03.464[0m: [[33mnrf[0m] [1;32mINFO[0m: NF EndPoint(fqdn) setup [open5gs-amf:0] (../src/nrf/nnrf-handler.c:418)
[32m07/10 02:05:03.464[0m: [[33mnrf[0m] [1;32mINFO[0m: [d1f4fd0c-5d53-41f0-bb38-49c5b981c6ea] Subscription created until 2025-07-11T02:05:03.464796-04:00 [duration:86400000000,validity:86400.000000] (../src/nrf/nnrf-handler.c:446)
[32m07/10 02:05:03.464[0m: [[33mnrf[0m] [1;32mINFO[0m: NF EndPoint(fqdn) setup [open5gs-amf:0] (../src/nrf/nnrf-handler.c:418)
[32m07/10 02:05:03.464[0m: [[33mnrf[0m] [1;32mINFO[0m: [d1f502f2-5d53-41f0-bb38-49c5b981c6ea] Subscription created until 2025-07-11T02:05:03.464946-04:00 [duration:86400000000,validity:86400.000000] (../src/nrf/nnrf-handler.c:446)
[32m07/10 02:05:03.465[0m: [[33mnrf[0m] [1;32mINFO[0m: NF EndPoint(fqdn) setup [open5gs-amf:0] (../src/nrf/nnrf-handler.c:418)
[32m07/10 02:05:03.465[0m: [[33mnrf[0m] [1;32mINFO[0m: [d1f5068a-5d53-41f0-bb38-49c5b981c6ea] Subscription created until 2025-07-11T02:05:03.465037-04:00 [duration:86400000000,validity:86400.000000] (../src/nrf/nnrf-handler.c:446)
[32m07/10 02:05:03.465[0m: [[33mnrf[0m] [1;32mINFO[0m: NF EndPoint(fqdn) setup [open5gs-amf:0] (../src/nrf/nnrf-handler.c:418)
[32m07/10 02:05:03.465[0m: [[33mnrf[0m] [1;32mINFO[0m: [d1f50b26-5d53-41f0-bb38-49c5b981c6ea] Subscription created until 2025-07-11T02:05:03.465155-04:00 [duration:86400000000,validity:86400.000000] (../src/nrf/nnrf-handler.c:446)
[32m07/10 02:05:03.465[0m: [[33mnrf[0m] [1;32mINFO[0m: NF EndPoint(fqdn) setup [open5gs-amf:0] (../src/nrf/nnrf-handler.c:418)
[32m07/10 02:05:03.465[0m: [[33mnrf[0m] [1;32mINFO[0m: [d1f5127e-5d53-41f0-bb38-49c5b981c6ea] Subscription created until 2025-07-11T02:05:03.465347-04:00 [duration:86400000000,validity:86400.000000] (../src/nrf/nnrf-handler.c:446)
[32m07/10 02:05:03.465[0m: [[33mnrf[0m] [1;32mINFO[0m: NF EndPoint(fqdn) setup [open5gs-amf:0] (../src/nrf/nnrf-handler.c:418)
[32m07/10 02:05:03.465[0m: [[33mnrf[0m] [1;32mINFO[0m: [d1f52606-5d53-41f0-bb38-49c5b981c6ea] Subscription created until 2025-07-11T02:05:03.465847-04:00 [duration:86400000000,validity:86400.000000] (../src/nrf/nnrf-handler.c:446)
[32m07/10 02:05:03.541[0m: [[33msbi[0m] [1;32mINFO[0m: NF EndPoint(fqdn) setup [open5gs-smf:0] (../lib/sbi/context.c:2195)
[32m07/10 02:05:03.541[0m: [[33msbi[0m] [1;32mINFO[0m: NF EndPoint(fqdn) setup [open5gs-smf:0] (../lib/sbi/context.c:1934)
[32m07/10 02:05:03.541[0m: [[33mnrf[0m] [1;32mINFO[0m: [cb700792-5d53-41f0-9541-d3ec3a33f735] NF registered [Heartbeat:10s] (../src/nrf/nf-sm.c:202)
[32m07/10 02:05:03.542[0m: [[33mnrf[0m] [1;32mINFO[0m: NF EndPoint(fqdn) setup [open5gs-smf:0] (../src/nrf/nnrf-handler.c:418)
[32m07/10 02:05:03.542[0m: [[33mnrf[0m] [1;32mINFO[0m: [d200dfb4-5d53-41f0-bb38-49c5b981c6ea] Subscription created until 2025-07-11T02:05:03.542697-04:00 [duration:86400000000,validity:86400.000000] (../src/nrf/nnrf-handler.c:446)
[32m07/10 02:05:03.542[0m: [[33mnrf[0m] [1;32mINFO[0m: NF EndPoint(fqdn) setup [open5gs-smf:0] (../src/nrf/nnrf-handler.c:418)
[32m07/10 02:05:03.542[0m: [[33mnrf[0m] [1;32mINFO[0m: [d200e6ee-5d53-41f0-bb38-49c5b981c6ea] Subscription created until 2025-07-11T02:05:03.542874-04:00 [duration:86400000000,validity:86400.000000] (../src/nrf/nnrf-handler.c:446)
[32m07/10 02:05:03.542[0m: [[33mnrf[0m] [1;32mINFO[0m: NF EndPoint(fqdn) setup [open5gs-smf:0] (../src/nrf/nnrf-handler.c:418)
[32m07/10 02:05:03.542[0m: [[33mnrf[0m] [1;32mINFO[0m: [d200ebc6-5d53-41f0-bb38-49c5b981c6ea] Subscription created until 2025-07-11T02:05:03.542997-04:00 [duration:86400000000,validity:86400.000000] (../src/nrf/nnrf-handler.c:446)
[32m07/10 02:05:03.543[0m: [[33mnrf[0m] [1;32mINFO[0m: NF EndPoint(fqdn) setup [open5gs-smf:0] (../src/nrf/nnrf-handler.c:418)
[32m07/10 02:05:03.543[0m: [[33mnrf[0m] [1;32mINFO[0m: [d200fe90-5d53-41f0-bb38-49c5b981c6ea] Subscription created until 2025-07-11T02:05:03.543480-04:00 [duration:86400000000,validity:86400.000000] (../src/nrf/nnrf-handler.c:446)
[32m07/10 02:05:03.543[0m: [[33mnrf[0m] [1;32mINFO[0m: NF EndPoint(fqdn) setup [open5gs-smf:0] (../src/nrf/nnrf-handler.c:418)
[32m07/10 02:05:03.543[0m: [[33mnrf[0m] [1;32mINFO[0m: [d2010548-5d53-41f0-bb38-49c5b981c6ea] Subscription created until 2025-07-11T02:05:03.543650-04:00 [duration:86400000000,validity:86400.000000] (../src/nrf/nnrf-handler.c:446)
[32m07/10 02:05:03.679[0m: [[33msbi[0m] [1;32mINFO[0m: NF EndPoint(fqdn) setup [open5gs-ausf:0] (../lib/sbi/context.c:2195)
[32m07/10 02:05:03.680[0m: [[33msbi[0m] [1;32mINFO[0m: NF EndPoint(fqdn) setup [open5gs-ausf:0] (../lib/sbi/context.c:1934)
[32m07/10 02:05:03.680[0m: [[33mnrf[0m] [1;32mINFO[0m: [cb854346-5d53-41f0-a05b-0f35a729f8d7] NF registered [Heartbeat:10s] (../src/nrf/nf-sm.c:202)
[32m07/10 02:05:03.680[0m: [[33mnrf[0m] [1;32mINFO[0m: NF EndPoint(fqdn) setup [open5gs-ausf:0] (../src/nrf/nnrf-handler.c:418)
[32m07/10 02:05:03.680[0m: [[33mnrf[0m] [1;32mINFO[0m: [d215f840-5d53-41f0-bb38-49c5b981c6ea] Subscription created until 2025-07-11T02:05:03.680950-04:00 [duration:86400000000,validity:86400.000000] (../src/nrf/nnrf-handler.c:446)
[32m07/10 02:05:03.681[0m: [[33mnrf[0m] [1;32mINFO[0m: NF EndPoint(fqdn) setup [open5gs-ausf:0] (../src/nrf/nnrf-handler.c:418)
[32m07/10 02:05:03.681[0m: [[33mnrf[0m] [1;32mINFO[0m: [d215fe9e-5d53-41f0-bb38-49c5b981c6ea] Subscription created until 2025-07-11T02:05:03.681104-04:00 [duration:86400000000,validity:86400.000000] (../src/nrf/nnrf-handler.c:446)
[32m07/10 02:05:03.709[0m: [[33msbi[0m] [1;32mINFO[0m: NF EndPoint(fqdn) setup [open5gs-nssf:0] (../lib/sbi/context.c:2195)
[32m07/10 02:05:03.709[0m: [[33msbi[0m] [1;32mINFO[0m: NF EndPoint(fqdn) setup [open5gs-nssf:0] (../lib/sbi/context.c:1934)
[32m07/10 02:05:03.709[0m: [[33mnrf[0m] [1;32mINFO[0m: [cb8adbb2-5d53-41f0-82d3-c74107d6aa13] NF registered [Heartbeat:10s] (../src/nrf/nf-sm.c:202)
[32m07/10 02:05:03.710[0m: [[33mnrf[0m] [1;32mINFO[0m: NF EndPoint(fqdn) setup [open5gs-nssf:0] (../src/nrf/nnrf-handler.c:418)
[32m07/10 02:05:03.710[0m: [[33mnrf[0m] [1;32mINFO[0m: [d21a7500-5d53-41f0-bb38-49c5b981c6ea] Subscription created until 2025-07-11T02:05:03.710356-04:00 [duration:86400000000,validity:86400.000000] (../src/nrf/nnrf-handler.c:446)
[32m07/10 02:05:03.716[0m: [[33msbi[0m] [1;32mINFO[0m: NF EndPoint(fqdn) setup [open5gs-udm:0] (../lib/sbi/context.c:2195)
[32m07/10 02:05:03.716[0m: [[33msbi[0m] [1;32mINFO[0m: NF EndPoint(fqdn) setup [open5gs-udm:0] (../lib/sbi/context.c:1934)
[32m07/10 02:05:03.716[0m: [[33msbi[0m] [1;32mINFO[0m: NF EndPoint(fqdn) setup [open5gs-udm:0] (../lib/sbi/context.c:1934)
[32m07/10 02:05:03.716[0m: [[33msbi[0m] [1;32mINFO[0m: NF EndPoint(fqdn) setup [open5gs-udm:0] (../lib/sbi/context.c:1934)
[32m07/10 02:05:03.716[0m: [[33mnrf[0m] [1;32mINFO[0m: [cb8ab9e8-5d53-41f0-af8b-b3b15a17788f] NF registered [Heartbeat:10s] (../src/nrf/nf-sm.c:202)
[32m07/10 02:05:03.718[0m: [[33mnrf[0m] [1;32mINFO[0m: NF EndPoint(fqdn) setup [open5gs-udm:0] (../src/nrf/nnrf-handler.c:418)
[32m07/10 02:05:03.718[0m: [[33mnrf[0m] [1;32mINFO[0m: [d21baf7e-5d53-41f0-bb38-49c5b981c6ea] Subscription created until 2025-07-11T02:05:03.718426-04:00 [duration:86400000000,validity:86400.000000] (../src/nrf/nnrf-handler.c:446)
[32m07/10 02:05:03.718[0m: [[33mnrf[0m] [1;32mINFO[0m: NF EndPoint(fqdn) setup [open5gs-udm:0] (../src/nrf/nnrf-handler.c:418)
[32m07/10 02:05:03.718[0m: [[33mnrf[0m] [1;32mINFO[0m: [d21bb708-5d53-41f0-bb38-49c5b981c6ea] Subscription created until 2025-07-11T02:05:03.718595-04:00 [duration:86400000000,validity:86400.000000] (../src/nrf/nnrf-handler.c:446)
[32m07/10 02:05:03.818[0m: [[33msbi[0m] [1;32mINFO[0m: NF EndPoint(fqdn) setup [open5gs-scp:80] (../lib/sbi/context.c:2195)
[32m07/10 02:05:03.818[0m: [[33mnrf[0m] [1;32mINFO[0m: [cb9c266a-5d53-41f0-87e3-b3ee4c3f8112] NF registered [Heartbeat:10s] (../src/nrf/nf-sm.c:202)
[32m07/10 02:05:03.819[0m: [[33mnrf[0m] [1;32mINFO[0m: NF EndPoint(fqdn) setup [open5gs-scp:0] (../src/nrf/nnrf-handler.c:418)
[32m07/10 02:05:03.819[0m: [[33mnrf[0m] [1;32mINFO[0m: [d22b2c9c-5d53-41f0-bb38-49c5b981c6ea] Subscription created until 2025-07-11T02:05:03.819970-04:00 [duration:86400000000,validity:86400.000000] (../src/nrf/nnrf-handler.c:446)
[32m07/10 02:05:03.820[0m: [[33mnrf[0m] [1;32mINFO[0m: NF EndPoint(fqdn) setup [open5gs-scp:0] (../src/nrf/nnrf-handler.c:418)
[32m07/10 02:05:03.820[0m: [[33mnrf[0m] [1;32mINFO[0m: [d22b35de-5d53-41f0-bb38-49c5b981c6ea] Subscription created until 2025-07-11T02:05:03.820151-04:00 [duration:86400000000,validity:86400.000000] (../src/nrf/nnrf-handler.c:446)
[32m07/10 02:05:03.820[0m: [[33mnrf[0m] [1;32mINFO[0m: NF EndPoint(fqdn) setup [open5gs-scp:0] (../src/nrf/nnrf-handler.c:418)
[32m07/10 02:05:03.820[0m: [[33mnrf[0m] [1;32mINFO[0m: [d22b389a-5d53-41f0-bb38-49c5b981c6ea] Subscription created until 2025-07-11T02:05:03.820218-04:00 [duration:86400000000,validity:86400.000000] (../src/nrf/nnrf-handler.c:446)
[32m07/10 02:05:03.820[0m: [[33mnrf[0m] [1;32mINFO[0m: NF EndPoint(fqdn) setup [open5gs-scp:0] (../src/nrf/nnrf-handler.c:418)
[32m07/10 02:05:03.820[0m: [[33mnrf[0m] [1;32mINFO[0m: [d22b4222-5d53-41f0-bb38-49c5b981c6ea] Subscription created until 2025-07-11T02:05:03.820464-04:00 [duration:86400000000,validity:86400.000000] (../src/nrf/nnrf-handler.c:446)
[32m07/10 02:05:03.820[0m: [[33mnrf[0m] [1;32mINFO[0m: NF EndPoint(fqdn) setup [open5gs-scp:0] (../src/nrf/nnrf-handler.c:418)
[32m07/10 02:05:03.820[0m: [[33mnrf[0m] [1;32mINFO[0m: [d22b44f2-5d53-41f0-bb38-49c5b981c6ea] Subscription created until 2025-07-11T02:05:03.820534-04:00 [duration:86400000000,validity:86400.000000] (../src/nrf/nnrf-handler.c:446)
[32m07/10 02:05:03.820[0m: [[33mnrf[0m] [1;32mINFO[0m: NF EndPoint(fqdn) setup [open5gs-scp:0] (../src/nrf/nnrf-handler.c:418)
[32m07/10 02:05:03.820[0m: [[33mnrf[0m] [1;32mINFO[0m: [d22b4754-5d53-41f0-bb38-49c5b981c6ea] Subscription created until 2025-07-11T02:05:03.820593-04:00 [duration:86400000000,validity:86400.000000] (../src/nrf/nnrf-handler.c:446)
[32m07/10 02:05:03.820[0m: [[33mnrf[0m] [1;32mINFO[0m: NF EndPoint(fqdn) setup [open5gs-scp:0] (../src/nrf/nnrf-handler.c:418)
[32m07/10 02:05:03.820[0m: [[33mnrf[0m] [1;32mINFO[0m: [d22b4d62-5d53-41f0-bb38-49c5b981c6ea] Subscription created until 2025-07-11T02:05:03.820748-04:00 [duration:86400000000,validity:86400.000000] (../src/nrf/nnrf-handler.c:446)
[32m07/10 02:05:03.820[0m: [[33mnrf[0m] [1;32mINFO[0m: NF EndPoint(fqdn) setup [open5gs-scp:0] (../src/nrf/nnrf-handler.c:418)
[32m07/10 02:05:03.820[0m: [[33mnrf[0m] [1;32mINFO[0m: [d22b4f2e-5d53-41f0-bb38-49c5b981c6ea] Subscription created until 2025-07-11T02:05:03.820789-04:00 [duration:86400000000,validity:86400.000000] (../src/nrf/nnrf-handler.c:446)
[32m07/10 02:05:03.820[0m: [[33mnrf[0m] [1;32mINFO[0m: NF EndPoint(fqdn) setup [open5gs-scp:0] (../src/nrf/nnrf-handler.c:418)
[32m07/10 02:05:03.820[0m: [[33mnrf[0m] [1;32mINFO[0m: [d22b514a-5d53-41f0-bb38-49c5b981c6ea] Subscription created until 2025-07-11T02:05:03.820860-04:00 [duration:86400000000,validity:86400.000000] (../src/nrf/nnrf-handler.c:446)
[32m07/10 02:05:04.161[0m: [[33msbi[0m] [1;32mINFO[0m: NF EndPoint(fqdn) setup [open5gs-pcf:0] (../lib/sbi/context.c:2195)
[32m07/10 02:05:04.161[0m: [[33msbi[0m] [1;32mINFO[0m: NF EndPoint(fqdn) setup [open5gs-pcf:0] (../lib/sbi/context.c:1934)
[32m07/10 02:05:04.161[0m: [[33msbi[0m] [1;32mINFO[0m: NF EndPoint(fqdn) setup [open5gs-pcf:0] (../lib/sbi/context.c:1934)
[32m07/10 02:05:04.161[0m: [[33msbi[0m] [1;32mINFO[0m: NF EndPoint(fqdn) setup [open5gs-pcf:0] (../lib/sbi/context.c:1934)
[32m07/10 02:05:04.161[0m: [[33mnrf[0m] [1;32mINFO[0m: [cbce2912-5d53-41f0-92e1-1168974836f3] NF registered [Heartbeat:10s] (../src/nrf/nf-sm.c:202)
[32m07/10 02:05:04.163[0m: [[33mnrf[0m] [1;32mINFO[0m: NF EndPoint(fqdn) setup [open5gs-pcf:0] (../src/nrf/nnrf-handler.c:418)
[32m07/10 02:05:04.163[0m: [[33mnrf[0m] [1;32mINFO[0m: [d25fa08a-5d53-41f0-bb38-49c5b981c6ea] Subscription created until 2025-07-11T02:05:04.163684-04:00 [duration:86400000000,validity:86400.000000] (../src/nrf/nnrf-handler.c:446)
[32m07/10 02:05:04.163[0m: [[33mnrf[0m] [1;32mINFO[0m: NF EndPoint(fqdn) setup [open5gs-pcf:0] (../src/nrf/nnrf-handler.c:418)
[32m07/10 02:05:04.163[0m: [[33mnrf[0m] [1;32mINFO[0m: [d25fa4d6-5d53-41f0-bb38-49c5b981c6ea] Subscription created until 2025-07-11T02:05:04.163772-04:00 [duration:86400000000,validity:86400.000000] (../src/nrf/nnrf-handler.c:446)
[32m07/10 02:05:04.163[0m: [[33mnrf[0m] [1;32mINFO[0m: NF EndPoint(fqdn) setup [open5gs-pcf:0] (../src/nrf/nnrf-handler.c:418)
[32m07/10 02:05:04.163[0m: [[33mnrf[0m] [1;32mINFO[0m: [d25fa742-5d53-41f0-bb38-49c5b981c6ea] Subscription created until 2025-07-11T02:05:04.163832-04:00 [duration:86400000000,validity:86400.000000] (../src/nrf/nnrf-handler.c:446)
[32m07/10 02:05:04.213[0m: [[33msbi[0m] [1;32mINFO[0m: NF EndPoint(fqdn) setup [open5gs-bsf:0] (../lib/sbi/context.c:2195)
[32m07/10 02:05:04.213[0m: [[33msbi[0m] [1;32mINFO[0m: NF EndPoint(fqdn) setup [open5gs-bsf:0] (../lib/sbi/context.c:1934)
[32m07/10 02:05:04.213[0m: [[33mnrf[0m] [1;32mINFO[0m: [cbd69552-5d53-41f0-835b-6d6de931e488] NF registered [Heartbeat:10s] (../src/nrf/nf-sm.c:202)
[32m07/10 02:05:04.215[0m: [[33mnrf[0m] [1;32mINFO[0m: NF EndPoint(fqdn) setup [open5gs-bsf:0] (../src/nrf/nnrf-handler.c:418)
[32m07/10 02:05:04.215[0m: [[33mnrf[0m] [1;32mINFO[0m: [d2678502-5d53-41f0-bb38-49c5b981c6ea] Subscription created until 2025-07-11T02:05:04.215395-04:00 [duration:86400000000,validity:86400.000000] (../src/nrf/nnrf-handler.c:446)
[32m07/10 02:05:04.358[0m: [[33msbi[0m] [1;32mINFO[0m: NF EndPoint(fqdn) setup [open5gs-udr:0] (../lib/sbi/context.c:2195)
[32m07/10 02:05:04.358[0m: [[33msbi[0m] [1;32mINFO[0m: NF EndPoint(fqdn) setup [open5gs-udr:0] (../lib/sbi/context.c:1934)
[32m07/10 02:05:04.358[0m: [[33mnrf[0m] [1;32mINFO[0m: [cbec8d80-5d53-41f0-897d-a92ca6331687] NF registered [Heartbeat:10s] (../src/nrf/nf-sm.c:202)
[32m07/10 02:05:04.360[0m: [[33mnrf[0m] [1;32mINFO[0m: NF EndPoint(fqdn) setup [open5gs-udr:0] (../src/nrf/nnrf-handler.c:418)
[32m07/10 02:05:04.360[0m: [[33mnrf[0m] [1;32mINFO[0m: [d27daea4-5d53-41f0-bb38-49c5b981c6ea] Subscription created until 2025-07-11T02:05:04.360644-04:00 [duration:86400000000,validity:86400.000000] (../src/nrf/nnrf-handler.c:446)
[32m07/10 02:05:29.868[0m: [[33mnrf[0m] [1;36mWARNING[0m: [d2ec3fe6-5d52-41f0-a7cb-dd063abd57bd] No heartbeat (../src/nrf/nrf-sm.c:278)
[32m07/10 02:05:29.868[0m: [[33mnrf[0m] [1;32mINFO[0m: [d2ec3fe6-5d52-41f0-a7cb-dd063abd57bd] NF de-registered (../src/nrf/nf-sm.c:218)
[32m07/10 02:05:29.870[0m: [[33mnrf[0m] [1;36mWARNING[0m: Subscription notification failed [404] (../src/nrf/sbi-path.c:155)
[32m07/10 02:05:29.870[0m: [[33mnrf[0m] [1;36mWARNING[0m: Subscription notification failed [404] (../src/nrf/sbi-path.c:155)
