Open5GS daemon v2.7.2

[32m07/10 02:04:52.663[0m: [[33mapp[0m] [1;32mINFO[0m: Configuration: '/open5gs/config-map/ausf.yaml' (../lib/app/ogs-init.c:133)
[32m07/10 02:04:52.663[0m: [[33mapp[0m] [1;32mINFO[0m: File Logging: '/var/log/open5gs/ausf.log' (../lib/app/ogs-init.c:136)
[32m07/10 02:04:52.667[0m: [[33msbi[0m] [1;32mINFO[0m: NF EndPoint(fqdn) setup [open5gs-scp:80] (../lib/sbi/context.c:474)
[32m07/10 02:04:52.667[0m: [[33mausf[0m] [1;36mWARNING[0m: unknown key `metrics` (../src/ausf/context.c:116)
[32m07/10 02:04:52.667[0m: [[33msbi[0m] [1;32mINFO[0m: NF Service [nausf-auth] (../lib/sbi/context.c:1829)
[32m07/10 02:04:52.667[0m: [[33msbi[0m] [1;32mINFO[0m: nghttp2_server() [http://0.0.0.0]:80 (../lib/sbi/nghttp2-server.c:424)
[32m07/10 02:04:52.667[0m: [[33mapp[0m] [1;32mINFO[0m: AUSF initialize...done (../src/ausf/app.c:31)
[32m07/10 02:04:52.668[0m: [[33msbi[0m] [1;36mWARNING[0m: [7] Failed to connect to open5gs-scp port 80 after 0 ms: Connection refused (../lib/sbi/client.c:698)
[32m07/10 02:04:52.668[0m: [[33msbi[0m] [1;36mWARNING[0m: ogs_sbi_client_handler() failed [-1] (../lib/sbi/path.c:62)
[32m07/10 02:05:03.678[0m: [[33msbi[0m] [1;36mWARNING[0m: [cb854346-5d53-41f0-a05b-0f35a729f8d7] Retry registration with NRF (../lib/sbi/nf-sm.c:169)
[32m07/10 02:05:03.680[0m: [[33msbi[0m] [1;32mINFO[0m: [cb854346-5d53-41f0-a05b-0f35a729f8d7] NF registered [Heartbeat:10s] (../lib/sbi/nf-sm.c:208)
[32m07/10 02:05:03.681[0m: [[33msbi[0m] [1;32mINFO[0m: NF EndPoint(fqdn) setup [open5gs-nrf:0] (../lib/sbi/nnrf-handler.c:949)
[32m07/10 02:05:03.681[0m: [[33msbi[0m] [1;32mINFO[0m: [d215f840-5d53-41f0-bb38-49c5b981c6ea] Subscription created until 2025-07-11T02:05:03.680950-04:00 [duration:86400000000,validity:86400.000000,patch:43200.000000] (../lib/sbi/nnrf-handler.c:868)
[32m07/10 02:05:03.681[0m: [[33msbi[0m] [1;32mINFO[0m: NF EndPoint(fqdn) setup [open5gs-nrf:0] (../lib/sbi/nnrf-handler.c:949)
[32m07/10 02:05:03.681[0m: [[33msbi[0m] [1;32mINFO[0m: [d215fe9e-5d53-41f0-bb38-49c5b981c6ea] Subscription created until 2025-07-11T02:05:03.681104-04:00 [duration:86400000000,validity:86400.000000,patch:43200.000000] (../lib/sbi/nnrf-handler.c:868)
[32m07/10 02:05:03.719[0m: [[33msbi[0m] [1;32mINFO[0m: [cb8ab9e8-5d53-41f0-af8b-b3b15a17788f] (NRF-notify) NF registered (../lib/sbi/nnrf-handler.c:1133)
[32m07/10 02:05:03.719[0m: [[33msbi[0m] [1;32mINFO[0m: [cb8ab9e8-5d53-41f0-af8b-b3b15a17788f] (NRF-notify) NF Profile updated [type:UDM] (../lib/sbi/nnrf-handler.c:1147)
[32m07/10 02:05:03.719[0m: [[33msbi[0m] [1;32mINFO[0m: NF EndPoint(fqdn) setup [open5gs-udm:0] (../lib/sbi/context.c:2195)
[32m07/10 02:05:03.719[0m: [[33msbi[0m] [1;32mINFO[0m: NF EndPoint(fqdn) setup [open5gs-udm:0] (../lib/sbi/context.c:1934)
[32m07/10 02:07:41.226[0m: [[33msbi[0m] [1;32mINFO[0m: [cb8ab9e8-5d53-41f0-af8b-b3b15a17788f] NF Instance setup [type:UDM validity:0s] (../lib/sbi/path.c:297)
[32m07/10 02:07:41.238[0m: [[33mausf[0m] [1;32mINFO[0m: NF EndPoint(fqdn) setup [open5gs-udm:0] (../src/ausf/nudm-handler.c:337)
