Open5GS daemon v2.7.2

[32m07/10 02:04:52.443[0m: [[33mapp[0m] [1;32mINFO[0m: Configuration: '/open5gs/config-map/amf.yaml' (../lib/app/ogs-init.c:133)
[32m07/10 02:04:52.443[0m: [[33mapp[0m] [1;32mINFO[0m: File Logging: '/var/log/open5gs/amf.log' (../lib/app/ogs-init.c:136)
[32m07/10 02:04:52.450[0m: [[33msbi[0m] [1;32mINFO[0m: NF EndPoint(fqdn) setup [open5gs-scp:80] (../lib/sbi/context.c:474)
[32m07/10 02:04:52.450[0m: [[33mmetrics[0m] [1;32mINFO[0m: metrics_server() [http://0.0.0.0]:9090 (../lib/metrics/prometheus/context.c:299)
[32m07/10 02:04:52.450[0m: [[33msbi[0m] [1;32mINFO[0m: NF Service [namf-comm] (../lib/sbi/context.c:1829)
[32m07/10 02:04:52.451[0m: [[33msbi[0m] [1;32mINFO[0m: nghttp2_server() [http://0.0.0.0]:80 (../lib/sbi/nghttp2-server.c:424)
[32m07/10 02:04:52.451[0m: [[33mamf[0m] [1;32mINFO[0m: ngap_server() [10.244.1.45]:38412 (../src/amf/ngap-sctp.c:61)
[32m07/10 02:04:52.451[0m: [[33msctp[0m] [1;32mINFO[0m: AMF initialize...done (../src/amf/app.c:33)
[32m07/10 02:05:03.461[0m: [[33msbi[0m] [1;33mERROR[0m: Connection timer expired (../lib/sbi/client.c:605)
[32m07/10 02:05:03.462[0m: [[33msbi[0m] [1;36mWARNING[0m: ogs_sbi_client_handler() failed [-3] (../lib/sbi/path.c:62)
[32m07/10 02:05:03.462[0m: [[33msbi[0m] [1;36mWARNING[0m: [cb63d094-5d53-41f0-965b-019d6b4f0271] Retry registration with NRF (../lib/sbi/nf-sm.c:169)
[32m07/10 02:05:03.464[0m: [[33msbi[0m] [1;32mINFO[0m: [cb63d094-5d53-41f0-965b-019d6b4f0271] NF registered [Heartbeat:10s] (../lib/sbi/nf-sm.c:208)
[32m07/10 02:05:03.465[0m: [[33msbi[0m] [1;32mINFO[0m: NF EndPoint(fqdn) setup [open5gs-nrf:0] (../lib/sbi/nnrf-handler.c:949)
[32m07/10 02:05:03.465[0m: [[33msbi[0m] [1;32mINFO[0m: [d1f4f55a-5d53-41f0-bb38-49c5b981c6ea] Subscription created until 2025-07-11T02:05:03.464602-04:00 [duration:86400000000,validity:86400.000000,patch:43200.000000] (../lib/sbi/nnrf-handler.c:868)
[32m07/10 02:05:03.465[0m: [[33msbi[0m] [1;32mINFO[0m: NF EndPoint(fqdn) setup [open5gs-nrf:0] (../lib/sbi/nnrf-handler.c:949)
[32m07/10 02:05:03.465[0m: [[33msbi[0m] [1;32mINFO[0m: [d1f4fd0c-5d53-41f0-bb38-49c5b981c6ea] Subscription created until 2025-07-11T02:05:03.464796-04:00 [duration:86400000000,validity:86400.000000,patch:43200.000000] (../lib/sbi/nnrf-handler.c:868)
[32m07/10 02:05:03.465[0m: [[33msbi[0m] [1;32mINFO[0m: NF EndPoint(fqdn) setup [open5gs-nrf:0] (../lib/sbi/nnrf-handler.c:949)
[32m07/10 02:05:03.465[0m: [[33msbi[0m] [1;32mINFO[0m: [d1f502f2-5d53-41f0-bb38-49c5b981c6ea] Subscription created until 2025-07-11T02:05:03.464946-04:00 [duration:86400000000,validity:86400.000000,patch:43200.000000] (../lib/sbi/nnrf-handler.c:868)
[32m07/10 02:05:03.465[0m: [[33msbi[0m] [1;32mINFO[0m: NF EndPoint(fqdn) setup [open5gs-nrf:0] (../lib/sbi/nnrf-handler.c:949)
[32m07/10 02:05:03.465[0m: [[33msbi[0m] [1;32mINFO[0m: [d1f5068a-5d53-41f0-bb38-49c5b981c6ea] Subscription created until 2025-07-11T02:05:03.465037-04:00 [duration:86400000000,validity:86400.000000,patch:43200.000000] (../lib/sbi/nnrf-handler.c:868)
[32m07/10 02:05:03.466[0m: [[33msbi[0m] [1;32mINFO[0m: NF EndPoint(fqdn) setup [open5gs-nrf:0] (../lib/sbi/nnrf-handler.c:949)
[32m07/10 02:05:03.466[0m: [[33msbi[0m] [1;32mINFO[0m: [d1f50b26-5d53-41f0-bb38-49c5b981c6ea] Subscription created until 2025-07-11T02:05:03.465155-04:00 [duration:86400000000,validity:86400.000000,patch:43200.000000] (../lib/sbi/nnrf-handler.c:868)
[32m07/10 02:05:03.466[0m: [[33msbi[0m] [1;32mINFO[0m: NF EndPoint(fqdn) setup [open5gs-nrf:0] (../lib/sbi/nnrf-handler.c:949)
[32m07/10 02:05:03.466[0m: [[33msbi[0m] [1;32mINFO[0m: [d1f5127e-5d53-41f0-bb38-49c5b981c6ea] Subscription created until 2025-07-11T02:05:03.465347-04:00 [duration:86400000000,validity:86400.000000,patch:43200.000000] (../lib/sbi/nnrf-handler.c:868)
[32m07/10 02:05:03.466[0m: [[33msbi[0m] [1;32mINFO[0m: NF EndPoint(fqdn) setup [open5gs-nrf:0] (../lib/sbi/nnrf-handler.c:949)
[32m07/10 02:05:03.466[0m: [[33msbi[0m] [1;32mINFO[0m: [d1f52606-5d53-41f0-bb38-49c5b981c6ea] Subscription created until 2025-07-11T02:05:03.465847-04:00 [duration:86400000000,validity:86400.000000,patch:43200.000000] (../lib/sbi/nnrf-handler.c:868)
[32m07/10 02:05:03.543[0m: [[33msbi[0m] [1;32mINFO[0m: [cb700792-5d53-41f0-9541-d3ec3a33f735] (NRF-notify) NF registered (../lib/sbi/nnrf-handler.c:1133)
[32m07/10 02:05:03.543[0m: [[33msbi[0m] [1;32mINFO[0m: [cb700792-5d53-41f0-9541-d3ec3a33f735] (NRF-notify) NF Profile updated [type:SMF] (../lib/sbi/nnrf-handler.c:1147)
[32m07/10 02:05:03.543[0m: [[33msbi[0m] [1;32mINFO[0m: NF EndPoint(fqdn) setup [open5gs-smf:0] (../lib/sbi/context.c:2195)
[32m07/10 02:05:03.544[0m: [[33msbi[0m] [1;32mINFO[0m: NF EndPoint(fqdn) setup [open5gs-smf:0] (../lib/sbi/context.c:1934)
[32m07/10 02:05:03.680[0m: [[33msbi[0m] [1;32mINFO[0m: [cb854346-5d53-41f0-a05b-0f35a729f8d7] (NRF-notify) NF registered (../lib/sbi/nnrf-handler.c:1133)
[32m07/10 02:05:03.680[0m: [[33msbi[0m] [1;32mINFO[0m: [cb854346-5d53-41f0-a05b-0f35a729f8d7] (NRF-notify) NF Profile updated [type:AUSF] (../lib/sbi/nnrf-handler.c:1147)
[32m07/10 02:05:03.680[0m: [[33msbi[0m] [1;32mINFO[0m: NF EndPoint(fqdn) setup [open5gs-ausf:0] (../lib/sbi/context.c:2195)
[32m07/10 02:05:03.680[0m: [[33msbi[0m] [1;32mINFO[0m: NF EndPoint(fqdn) setup [open5gs-ausf:0] (../lib/sbi/context.c:1934)
[32m07/10 02:05:03.709[0m: [[33msbi[0m] [1;32mINFO[0m: [cb8adbb2-5d53-41f0-82d3-c74107d6aa13] (NRF-notify) NF registered (../lib/sbi/nnrf-handler.c:1133)
[32m07/10 02:05:03.709[0m: [[33msbi[0m] [1;32mINFO[0m: [cb8adbb2-5d53-41f0-82d3-c74107d6aa13] (NRF-notify) NF Profile updated [type:NSSF] (../lib/sbi/nnrf-handler.c:1147)
[32m07/10 02:05:03.709[0m: [[33msbi[0m] [1;32mINFO[0m: NF EndPoint(fqdn) setup [open5gs-nssf:0] (../lib/sbi/context.c:2195)
[32m07/10 02:05:03.709[0m: [[33msbi[0m] [1;32mINFO[0m: NF EndPoint(fqdn) setup [open5gs-nssf:0] (../lib/sbi/context.c:1934)
[32m07/10 02:05:03.717[0m: [[33msbi[0m] [1;32mINFO[0m: [cb8ab9e8-5d53-41f0-af8b-b3b15a17788f] (NRF-notify) NF registered (../lib/sbi/nnrf-handler.c:1133)
[32m07/10 02:05:03.717[0m: [[33msbi[0m] [1;32mINFO[0m: [cb8ab9e8-5d53-41f0-af8b-b3b15a17788f] (NRF-notify) NF Profile updated [type:UDM] (../lib/sbi/nnrf-handler.c:1147)
[32m07/10 02:05:03.717[0m: [[33msbi[0m] [1;32mINFO[0m: NF EndPoint(fqdn) setup [open5gs-udm:0] (../lib/sbi/context.c:2195)
[32m07/10 02:05:03.717[0m: [[33msbi[0m] [1;32mINFO[0m: NF EndPoint(fqdn) setup [open5gs-udm:0] (../lib/sbi/context.c:1934)
[32m07/10 02:05:03.717[0m: [[33msbi[0m] [1;36mWARNING[0m: [cb8ab9e8-5d53-41f0-af8b-b3b15a17788f] (NRF-notify) NF has already been added [type:UDM] (../lib/sbi/nnrf-handler.c:1135)
[32m07/10 02:05:03.717[0m: [[33msbi[0m] [1;32mINFO[0m: [cb8ab9e8-5d53-41f0-af8b-b3b15a17788f] (NRF-notify) NF Profile updated [type:UDM] (../lib/sbi/nnrf-handler.c:1147)
[32m07/10 02:05:03.717[0m: [[33msbi[0m] [1;36mWARNING[0m: NF EndPoint(fqdn) updated [open5gs-udm:0] (../lib/sbi/context.c:2195)
[32m07/10 02:05:03.717[0m: [[33msbi[0m] [1;32mINFO[0m: NF EndPoint(fqdn) setup [open5gs-udm:0] (../lib/sbi/context.c:2195)
[32m07/10 02:05:03.717[0m: [[33msbi[0m] [1;36mWARNING[0m: NF EndPoint(fqdn) updated [open5gs-udm:0] (../lib/sbi/context.c:1934)
[32m07/10 02:05:03.717[0m: [[33msbi[0m] [1;32mINFO[0m: NF EndPoint(fqdn) setup [open5gs-udm:0] (../lib/sbi/context.c:1934)
[32m07/10 02:05:03.717[0m: [[33msbi[0m] [1;32mINFO[0m: NF EndPoint(fqdn) setup [open5gs-udm:0] (../lib/sbi/context.c:1934)
[32m07/10 02:05:04.165[0m: [[33msbi[0m] [1;32mINFO[0m: [cbce2912-5d53-41f0-92e1-1168974836f3] (NRF-notify) NF registered (../lib/sbi/nnrf-handler.c:1133)
[32m07/10 02:05:04.165[0m: [[33msbi[0m] [1;32mINFO[0m: [cbce2912-5d53-41f0-92e1-1168974836f3] (NRF-notify) NF Profile updated [type:PCF] (../lib/sbi/nnrf-handler.c:1147)
[32m07/10 02:05:04.165[0m: [[33msbi[0m] [1;32mINFO[0m: NF EndPoint(fqdn) setup [open5gs-pcf:0] (../lib/sbi/context.c:2195)
[32m07/10 02:05:04.165[0m: [[33msbi[0m] [1;32mINFO[0m: NF EndPoint(fqdn) setup [open5gs-pcf:0] (../lib/sbi/context.c:1934)
[32m07/10 02:05:29.869[0m: [[33msbi[0m] [1;36mWARNING[0m: [d2ec3fe6-5d52-41f0-a7cb-dd063abd57bd] (NRF-notify) Not found (../lib/sbi/nnrf-handler.c:1171)
[32m07/10 02:07:41.212[0m: [[33mamf[0m] [1;32mINFO[0m: gNB-N2 accepted[10.244.3.47]:9487 in ng-path module (../src/amf/ngap-sctp.c:113)
[32m07/10 02:07:41.213[0m: [[33mamf[0m] [1;32mINFO[0m: gNB-N2 accepted[10.244.3.47] in master_sm module (../src/amf/amf-sm.c:796)
[32m07/10 02:07:41.218[0m: [[33mamf[0m] [1;32mINFO[0m: [Added] Number of gNBs is now 1 (../src/amf/context.c:1238)
[32m07/10 02:07:41.218[0m: [[33mamf[0m] [1;32mINFO[0m: gNB-N2[10.244.3.47] max_num_of_ostreams : 30 (../src/amf/amf-sm.c:842)
[32m07/10 02:07:41.222[0m: [[33mamf[0m] [1;32mINFO[0m: InitialUEMessage (../src/amf/ngap-handler.c:435)
[32m07/10 02:07:41.224[0m: [[33mamf[0m] [1;32mINFO[0m: [Added] Number of gNB-UEs is now 1 (../src/amf/context.c:2694)
[32m07/10 02:07:41.224[0m: [[33mamf[0m] [1;32mINFO[0m:     RAN_UE_NGAP_ID[2063597568] AMF_UE_NGAP_ID[1] TAC[1] CellID[0x1] (../src/amf/ngap-handler.c:596)
[32m07/10 02:07:41.224[0m: [[33mamf[0m] [1;32mINFO[0m: [suci-0-208-93-0-0-0-0000000001] Unknown UE by SUCI (../src/amf/context.c:1861)
[32m07/10 02:07:41.224[0m: [[33mamf[0m] [1;32mINFO[0m: [Added] Number of AMF-UEs is now 1 (../src/amf/context.c:1638)
[32m07/10 02:07:41.224[0m: [[33mgmm[0m] [1;32mINFO[0m: Registration request (../src/amf/gmm-sm.c:1220)
[32m07/10 02:07:41.224[0m: [[33mgmm[0m] [1;32mINFO[0m: [suci-0-208-93-0-0-0-0000000001]    SUCI (../src/amf/gmm-handler.c:174)
[32m07/10 02:07:41.224[0m: [[33msbi[0m] [1;32mINFO[0m: [cb854346-5d53-41f0-a05b-0f35a729f8d7] NF Instance setup [type:AUSF validity:0s] (../lib/sbi/path.c:297)
[32m07/10 02:07:41.234[0m: [[33mamf[0m] [1;32mINFO[0m: NF EndPoint(fqdn) setup [open5gs-ausf:0] (../src/amf/nausf-handler.c:130)
[32m07/10 02:07:41.240[0m: [[33mnas[0m] [1;36mWARNING[0m: Spec warning : bcd[16] = 0x0, 0x30 (../lib/nas/common/conv.c:48)
[32m07/10 02:07:41.240[0m: [[33msbi[0m] [1;32mINFO[0m: [cb8ab9e8-5d53-41f0-af8b-b3b15a17788f] NF Instance setup [type:UDM validity:0s] (../lib/sbi/path.c:297)
[32m07/10 02:07:41.241[0m: [[33msbi[0m] [1;32mINFO[0m: [cb8ab9e8-5d53-41f0-af8b-b3b15a17788f] NF Instance setup [type:UDM validity:0s] (../lib/sbi/path.c:297)
[32m07/10 02:07:41.244[0m: [[33mamf[0m] [1;32mINFO[0m: NF EndPoint(fqdn) setup [open5gs-udm:0] (../src/amf/nudm-handler.c:355)
[32m07/10 02:07:41.244[0m: [[33msbi[0m] [1;32mINFO[0m: [cbce2912-5d53-41f0-92e1-1168974836f3] NF Instance setup [type:PCF validity:0s] (../lib/sbi/path.c:297)
[32m07/10 02:07:41.250[0m: [[33mamf[0m] [1;36mWARNING[0m: NF EndPoint(fqdn) updated [open5gs-udm:0] (../src/amf/npcf-handler.c:143)
[32m07/10 02:07:41.250[0m: [[33mamf[0m] [1;32mINFO[0m: NF EndPoint(fqdn) setup [open5gs-pcf:0] (../src/amf/npcf-handler.c:143)
[32m07/10 02:07:41.453[0m: [[33mgmm[0m] [1;32mINFO[0m: [imsi-208930000000001] Registration complete (../src/amf/gmm-sm.c:2288)
[32m07/10 02:07:41.453[0m: [[33mamf[0m] [1;32mINFO[0m: [imsi-208930000000001] Configuration update command (../src/amf/nas-path.c:607)
[32m07/10 02:07:41.453[0m: [[33mgmm[0m] [1;32mINFO[0m:     UTC [2025-07-10T06:07:41] Timezone[0]/DST[0] (../src/amf/gmm-build.c:558)
[32m07/10 02:07:41.453[0m: [[33mgmm[0m] [1;32mINFO[0m:     LOCAL [2025-07-10T02:07:41] Timezone[-14400]/DST[1] (../src/amf/gmm-build.c:563)
[32m07/10 02:07:41.453[0m: [[33mamf[0m] [1;32mINFO[0m: [Added] Number of AMF-Sessions is now 1 (../src/amf/context.c:2715)
[32m07/10 02:07:41.453[0m: [[33mgmm[0m] [1;32mINFO[0m: UE SUPI[imsi-208930000000001] DNN[internet] S_NSSAI[SST:1 SD:0xffffff] smContextRef[NULL] smContextResourceURI[NULL] (../src/amf/gmm-handler.c:1368)
[32m07/10 02:07:41.453[0m: [[33mamf[0m] [1;32mINFO[0m: [cb700792-5d53-41f0-9541-d3ec3a33f735] NF Instance setup [type:SMF validity:0s] (../src/amf/context.c:2387)
[32m07/10 02:07:41.453[0m: [[33mgmm[0m] [1;32mINFO[0m: SMF Instance [cb700792-5d53-41f0-9541-d3ec3a33f735] (../src/amf/gmm-handler.c:1409)
[32m07/10 02:07:41.461[0m: [[33mamf[0m] [1;32mINFO[0m: NF EndPoint(fqdn) setup [open5gs-smf:0] (../src/amf/nsmf-handler.c:144)
[32m07/10 02:07:41.973[0m: [[33mamf[0m] [1;32mINFO[0m: [imsi-208930000000001:10:11][0:0:NULL] /nsmf-pdusession/v1/sm-contexts/{smContextRef}/modify (../src/amf/nsmf-handler.c:916)
[32m07/10 02:07:45.069[0m: [[33mamf[0m] [1;32mINFO[0m: [imsi-208930000000001:10:13][0:0:NULL] /nsmf-pdusession/v1/sm-contexts/{smContextRef}/modify (../src/amf/nsmf-handler.c:916)
[32m07/10 02:07:45.070[0m: [[33mamf[0m] [1;32mINFO[0m: UE Context Release [Action:2] (../src/amf/ngap-handler.c:1726)
[32m07/10 02:07:45.070[0m: [[33mamf[0m] [1;32mINFO[0m:     RAN_UE_NGAP_ID[2063597568] AMF_UE_NGAP_ID[1] (../src/amf/ngap-handler.c:1727)
[32m07/10 02:07:45.070[0m: [[33mamf[0m] [1;32mINFO[0m:     SUCI[suci-0-208-93-0-0-0-0000000001] (../src/amf/ngap-handler.c:1731)
[32m07/10 02:07:45.070[0m: [[33mamf[0m] [1;32mINFO[0m: [Removed] Number of gNB-UEs is now 0 (../src/amf/context.c:2701)
[32m07/10 02:07:45.273[0m: [[33mamf[0m] [1;32mINFO[0m: InitialUEMessage (../src/amf/ngap-handler.c:435)
[32m07/10 02:07:45.273[0m: [[33mamf[0m] [1;32mINFO[0m: [Added] Number of gNB-UEs is now 1 (../src/amf/context.c:2694)
[32m07/10 02:07:45.273[0m: [[33mamf[0m] [1;32mINFO[0m: Unknown UE by 5G-S_TMSI[AMF_ID:0x20200,M_TMSI:0xc00005d1] (../src/amf/ngap-handler.c:513)
[32m07/10 02:07:45.273[0m: [[33mamf[0m] [1;32mINFO[0m:     RAN_UE_NGAP_ID[2063597569] AMF_UE_NGAP_ID[2] TAC[1] CellID[0x1] (../src/amf/ngap-handler.c:596)
[32m07/10 02:07:45.273[0m: [[33mamf[0m] [1;32mINFO[0m: [suci-0-208-93-0-0-0-0000000001] Known UE by 5G-S_TMSI[AMF_ID:0x20040,M_TMSI:0xc00005d1] (../src/amf/context.c:1922)
[32m07/10 02:07:45.273[0m: [[33mgmm[0m] [1;32mINFO[0m: Service request (../src/amf/gmm-sm.c:1374)
[32m07/10 02:07:45.273[0m: [[33mgmm[0m] [1;33mERROR[0m: Non cleartext IEs is included [0x1] (../src/amf/gmm-handler.c:665)
[32m07/10 02:07:45.273[0m: [[33mgmm[0m] [1;33mERROR[0m: [suci-0-208-93-0-0-0-0000000001] gmm_handle_service_request() failed [95] (../src/amf/gmm-sm.c:1390)
[32m07/10 02:07:45.277[0m: [[33mamf[0m] [1;32mINFO[0m: [imsi-208930000000001:10] Release SM context [204] (../src/amf/amf-sm.c:536)
[32m07/10 02:07:45.277[0m: [[33mamf[0m] [1;32mINFO[0m: [imsi-208930000000001:10] Release SM Context [state:31] (../src/amf/nsmf-handler.c:1137)
[32m07/10 02:07:45.277[0m: [[33mamf[0m] [1;32mINFO[0m: [Removed] Number of AMF-Sessions is now 0 (../src/amf/context.c:2722)
[32m07/10 02:07:45.279[0m: [[33mamf[0m] [1;32mINFO[0m: UE Context Release [Action:3] (../src/amf/ngap-handler.c:1726)
[32m07/10 02:07:45.279[0m: [[33mamf[0m] [1;32mINFO[0m:     RAN_UE_NGAP_ID[2063597569] AMF_UE_NGAP_ID[2] (../src/amf/ngap-handler.c:1727)
[32m07/10 02:07:45.279[0m: [[33mamf[0m] [1;32mINFO[0m:     SUCI[suci-0-208-93-0-0-0-0000000001] (../src/amf/ngap-handler.c:1731)
[32m07/10 02:07:45.279[0m: [[33mamf[0m] [1;32mINFO[0m: [Removed] Number of gNB-UEs is now 0 (../src/amf/context.c:2701)
[32m07/10 02:07:45.279[0m: [[33mamf[0m] [1;32mINFO[0m: [Removed] Number of AMF-UEs is now 0 (../src/amf/context.c:1735)
[32m07/10 02:07:55.301[0m: [[33mamf[0m] [1;32mINFO[0m: gNB-N2[10.244.3.47] connection refused!!! (../src/amf/amf-sm.c:855)
[32m07/10 02:07:55.301[0m: [[33mamf[0m] [1;32mINFO[0m: [Removed] Number of gNBs is now 0 (../src/amf/context.c:1265)
