Open5GS daemon v2.7.2

[32m07/10 02:04:52.699[0m: [[33mapp[0m] [1;32mINFO[0m: Configuration: '/open5gs/config-map/udm.yaml' (../lib/app/ogs-init.c:133)
[32m07/10 02:04:52.699[0m: [[33mapp[0m] [1;32mINFO[0m: File Logging: '/var/log/open5gs/udm.log' (../lib/app/ogs-init.c:136)
[32m07/10 02:04:52.702[0m: [[33msbi[0m] [1;32mINFO[0m: NF EndPoint(fqdn) setup [open5gs-scp:80] (../lib/sbi/context.c:474)
[32m07/10 02:04:52.702[0m: [[33mudm[0m] [1;36mWARNING[0m: unknown key `metrics` (../src/udm/context.c:136)
[32m07/10 02:04:52.702[0m: [[33msbi[0m] [1;32mINFO[0m: NF Service [nudm-ueau] (../lib/sbi/context.c:1829)
[32m07/10 02:04:52.702[0m: [[33msbi[0m] [1;32mINFO[0m: NF Service [nudm-uecm] (../lib/sbi/context.c:1829)
[32m07/10 02:04:52.702[0m: [[33msbi[0m] [1;32mINFO[0m: NF Service [nudm-sdm] (../lib/sbi/context.c:1829)
[32m07/10 02:04:52.703[0m: [[33msbi[0m] [1;32mINFO[0m: nghttp2_server() [http://0.0.0.0]:80 (../lib/sbi/nghttp2-server.c:424)
[32m07/10 02:04:52.703[0m: [[33mapp[0m] [1;32mINFO[0m: UDM initialize...done (../src/udm/app.c:31)
[32m07/10 02:04:52.704[0m: [[33msbi[0m] [1;36mWARNING[0m: [7] Failed to connect to open5gs-scp port 80 after 1 ms: Connection refused (../lib/sbi/client.c:698)
[32m07/10 02:04:52.704[0m: [[33msbi[0m] [1;36mWARNING[0m: ogs_sbi_client_handler() failed [-1] (../lib/sbi/path.c:62)
[32m07/10 02:05:03.714[0m: [[33msbi[0m] [1;36mWARNING[0m: [cb8ab9e8-5d53-41f0-af8b-b3b15a17788f] Retry registration with NRF (../lib/sbi/nf-sm.c:169)
[32m07/10 02:05:03.717[0m: [[33msbi[0m] [1;32mINFO[0m: [cb8ab9e8-5d53-41f0-af8b-b3b15a17788f] NF registered [Heartbeat:10s] (../lib/sbi/nf-sm.c:208)
[32m07/10 02:05:03.718[0m: [[33msbi[0m] [1;32mINFO[0m: NF EndPoint(fqdn) setup [open5gs-nrf:0] (../lib/sbi/nnrf-handler.c:949)
[32m07/10 02:05:03.718[0m: [[33msbi[0m] [1;32mINFO[0m: [d21baf7e-5d53-41f0-bb38-49c5b981c6ea] Subscription created until 2025-07-11T02:05:03.718426-04:00 [duration:86400000000,validity:86400.000000,patch:43200.000000] (../lib/sbi/nnrf-handler.c:868)
[32m07/10 02:05:03.719[0m: [[33msbi[0m] [1;32mINFO[0m: NF EndPoint(fqdn) setup [open5gs-nrf:0] (../lib/sbi/nnrf-handler.c:949)
[32m07/10 02:05:03.719[0m: [[33msbi[0m] [1;32mINFO[0m: [d21bb708-5d53-41f0-bb38-49c5b981c6ea] Subscription created until 2025-07-11T02:05:03.718595-04:00 [duration:86400000000,validity:86400.000000,patch:43200.000000] (../lib/sbi/nnrf-handler.c:868)
[32m07/10 02:05:04.360[0m: [[33msbi[0m] [1;32mINFO[0m: [cbec8d80-5d53-41f0-897d-a92ca6331687] (NRF-notify) NF registered (../lib/sbi/nnrf-handler.c:1133)
[32m07/10 02:05:04.360[0m: [[33msbi[0m] [1;32mINFO[0m: [cbec8d80-5d53-41f0-897d-a92ca6331687] (NRF-notify) NF Profile updated [type:UDR] (../lib/sbi/nnrf-handler.c:1147)
[32m07/10 02:05:04.360[0m: [[33msbi[0m] [1;32mINFO[0m: NF EndPoint(fqdn) setup [open5gs-udr:0] (../lib/sbi/context.c:2195)
[32m07/10 02:05:04.360[0m: [[33msbi[0m] [1;32mINFO[0m: NF EndPoint(fqdn) setup [open5gs-udr:0] (../lib/sbi/context.c:1934)
[32m07/10 02:07:41.229[0m: [[33msbi[0m] [1;32mINFO[0m: [cbec8d80-5d53-41f0-897d-a92ca6331687] NF Instance setup [type:UDR validity:0s] (../lib/sbi/path.c:297)
[32m07/10 02:07:41.972[0m: [[33msbi[0m] [1;32mINFO[0m: [cbec8d80-5d53-41f0-897d-a92ca6331687] NF Instance setup [type:UDR validity:0s] (../lib/sbi/path.c:297)
