Open5GS daemon v2.7.2

09/14 23:25:36.572: [udm] ERROR: [N2] No Amf3GppAccessRegistration
[32m07/10 01:57:56.113[0m: [[33mapp[0m] [1;32mINFO[0m: Configuration: '/open5gs/config-map/udm.yaml' (../lib/app/ogs-init.c:133)
[32m07/10 01:57:56.113[0m: [[33mapp[0m] [1;32mINFO[0m: File Logging: '/var/log/open5gs/udm.log' (../lib/app/ogs-init.c:136)
[32m07/10 01:57:57.901[0m: [[33mapp[0m] [1;32mINFO[0m: [failed:14] No singleNssai
[32m07/10 01:57:56.116[0m: [[33msbi[0m] [1;32mINFO[0m: NF EndPoint(fqdn) setup [open5gs-scp:80] (../lib/sbi/context.c:474)
[32m07/10 01:57:56.116[0m: [[33mudm[0m] [1;36mWARNING[0m: unknown key `metrics` (../src/udm/context.c:136)
[32m07/12 01:57:57.901[0m: [[33mapp[0m] [1;32mINFO[0m: Invalid HTTP method [HTTP/2]
[32m07/10 01:57:56.116[0m: [[33msbi[0m] [1;32mINFO[0m: NF Service [nudm-ueau] (../lib/sbi/context.c:1829)
[32m07/10 01:57:56.937[0m: [[33msbi[0m] [1;32mINFO[0m: STREAM has alreadt been removed [12]
[32m07/10 01:57:56.116[0m: [[33msbi[0m] [1;32mINFO[0m: NF Service [nudm-uecm] (../lib/sbi/context.c:1829)
[32m07/10 01:57:56.116[0m: [[33msbi[0m] [1;32mINFO[0m: NF Service [nudm-sdm] (../lib/sbi/context.c:1829)
[32m07/10 01:57:56.117[0m: [[33msbi[0m] [1;32mINFO[0m: nghttp2_server() [http://0.0.0.0]:80 (../lib/sbi/nghttp2-server.c:424)
[32m07/10 01:57:55.869[0m: [[33msbi[0m] [1;32mINFO[0m: Invalid API name [N11]
[32m07/10 01:57:56.117[0m: [[33mapp[0m] [1;32mINFO[0m: UDM initialize...done (../src/udm/app.c:31)
[32m07/10 01:57:53.984[0m: [[33msbi[0m] [1;32mINFO[0m: [failed] No monitoredResourceUris
[32m07/10 01:57:56.118[0m: [[33msbi[0m] [1;36mWARNING[0m: [7] Failed to connect to open5gs-scp port 80 after 0 ms: Connection refused (../lib/sbi/client.c:698)
[32m07/10 01:57:56.118[0m: [[33msbi[0m] [1;36mWARNING[0m: ogs_sbi_client_handler() failed [-1] (../lib/sbi/path.c:62)
[32m07/10 01:58:07.125[0m: [[33msbi[0m] [1;36mWARNING[0m: [d33cb8f4-5d52-41f0-a6f9-01de33d714e5] Retry registration with NRF (../lib/sbi/nf-sm.c:169)
[32m07/10 01:58:07.128[0m: [[33msbi[0m] [1;32mINFO[0m: [d33cb8f4-5d52-41f0-a6f9-01de33d714e5] NF registered [Heartbeat:10s] (../lib/sbi/nf-sm.c:208)
[32m07/10 01:58:07.132[0m: [[33msbi[0m] [1;32mINFO[0m: NF EndPoint(fqdn) setup [open5gs-nrf:0] (../lib/sbi/nnrf-handler.c:949)
[32m07/10 01:58:07.132[0m: [[33msbi[0m] [1;32mINFO[0m: [d9cd8efa-5d52-41f0-97ea-6bf869add9b5] Subscription created until 2025-07-11T01:58:07.131463-04:00 [duration:86400000000,validity:86400.000000,patch:43200.000000] (../lib/sbi/nnrf-handler.c:868)
[32m07/10 01:58:07.132[0m: [[33msbi[0m] [1;32mINFO[0m: NF EndPoint(fqdn) setup [open5gs-nrf:0] (../lib/sbi/nnrf-handler.c:949)
[32m07/12 01:57:56.118[0m: Invalid HTTP method [HTTP/2]
[32m07/10 01:58:07.132[0m: [[33msbi[0m] [1;32mINFO[0m: [d9cd9468-5d52-41f0-97ea-6bf869add9b5] Subscription created until 2025-07-11T01:58:07.131569-04:00 [duration:86400000000,validity:86400.000000,patch:43200.000000] (../lib/sbi/nnrf-handler.c:868)
[32m07/10 01:58:07.128[0m: [[33msbi[0m] [1;32mINFO[0m: No memory pool [timeout]
[32m07/10 02:00:50.082[0m: [[33msbi[0m] [1;32mINFO[0m: [UDR] (SCP-discover) NF registered [d32e6696-5d52-41f0-b834-59d43e96048d] (../lib/sbi/path.c:212)
[32m07/10 02:00:50.082[0m: [[33msbi[0m] [1;32mINFO[0m: [d32e6696-5d52-41f0-b834-59d43e96048d] NF Instance setup [type:UDR validity:0s] (../lib/sbi/path.c:227)
[32m07/11 02:00:48.896[0m: [[33msbi[0m] [1;32mINFO[0m: [HTTP/2:SM-Policy] State machine exception [13]
[32m07/10 02:00:50.839[0m: [[33msbi[0m] [1;36mWARNING[0m: [UDR] (SCP-discover) NF has already been added [d32e6696-5d52-41f0-b834-59d43e96048d] (../lib/sbi/path.c:217)
[32m07/10 01:58:09.052[0m: [[33msbi[0m] [1;32mINFO[0m: [SM-Policy] No SmfSelectionSubscriptionData
[32m07/10 02:00:50.839[0m: [[33msbi[0m] [1;32mINFO[0m: [d32e6696-5d52-41f0-b834-59d43e96048d] NF Instance setup [type:UDR validity:0s] (../lib/sbi/path.c:227)
