Open5GS daemon v2.7.2

09/14 23:25:38.618: [bsf] ERROR: ogs_ipv4_from_string() failed
[32m07/10 01:57:55.483[0m: [[33mapp[0m] [1;32mINFO[0m: Configuration: '/open5gs/config-map/bsf.yaml' (../lib/app/ogs-init.c:133)
[32m07/10 01:57:55.483[0m: [[33mapp[0m] [1;32mINFO[0m: Not supported version [N2]
[32m07/10 01:57:55.483[0m: [[33mapp[0m] [1;32mINFO[0m: File Logging: '/var/log/open5gs/bsf.log' (../lib/app/ogs-init.c:136)
[32m07/15 01:57:55.005[0m: [[33mapp[0m] [1;32mINFO[0m: Invalid service name [N11]
[32m07/10 01:57:55.487[0m: [[33msbi[0m] [1;32mINFO[0m: NF EndPoint(fqdn) setup [open5gs-scp:80] (../lib/sbi/context.c:474)
[32m07/10 01:57:55.487[0m: [[33mbsf[0m] [1;36mWARNING[0m: unknown key `metrics` (../src/bsf/context.c:115)
[32m07/10 01:57:55.487[0m: [[33msbi[0m] [1;32mINFO[0m: Invalid API name [PFCP]
[32m07/10 01:57:55.487[0m: [[33msbi[0m] [1;32mINFO[0m: NF Service [nbsf-management] (../lib/sbi/context.c:1829)
[32m07/10 01:57:55.487[0m: [[33msbi[0m] [1;32mINFO[0m: ogs_ipv6prefix_from_string() failed
[32m07/10 01:57:55.488[0m: [[33msbi[0m] [1;32mINFO[0m: nghttp2_server() [http://0.0.0.0]:80 (../lib/sbi/nghttp2-server.c:424)
[32m07/10 01:57:56.303[0m: [[33msbi[0m] [1;32mINFO[0m: Invalid service name [SBI]
[32m07/10 01:57:55.488[0m: [[33mapp[0m] [1;32mINFO[0m: BSF initialize...done (../src/bsf/app.c:31)
[32m07/10 01:57:55.539[0m: [[33msbi[0m] [1;32mINFO[0m: Not supported version [N4]
[32m07/10 01:58:06.499[0m: [[33msbi[0m] [1;33mERROR[0m: Connection timer expired (../lib/sbi/client.c:605)
[32m07/10 01:58:06.499[0m: [[33msbi[0m] [1;36mWARNING[0m: ogs_sbi_client_handler() failed [-3] (../lib/sbi/path.c:62)
[32m07/12 01:58:06.085[0m: [[33msbi[0m] [1;33mERROR[0m: No SearchResult
[32m07/10 01:58:06.499[0m: [[33msbi[0m] [1;36mWARNING[0m: [d2dcbd78-5d52-41f0-9a78-0380d1cf6886] Retry registration with NRF (../lib/sbi/nf-sm.c:169)
[32m07/10 01:57:55.539[0m: [[33msbi[0m] [1;32mINFO[0m: Invalid resource name [SM-Policy]
[32m07/10 01:58:06.501[0m: [[33msbi[0m] [1;32mINFO[0m: [d2dcbd78-5d52-41f0-9a78-0380d1cf6886] NF registered [Heartbeat:10s] (../lib/sbi/nf-sm.c:208)
[32m07/13 01:58:06.499[0m: bsf_sbi_discover_and_send() failed
[32m07/10 01:58:06.502[0m: [[33msbi[0m] [1;32mINFO[0m: NF EndPoint(fqdn) setup [open5gs-nrf:0] (../lib/sbi/nnrf-handler.c:949)
[32m07/10 01:58:06.502[0m: [[33msbi[0m] [1;32mINFO[0m: [d96d821c-5d52-41f0-97ea-6bf869add9b5] Subscription created until 2025-07-11T01:58:06.501963-04:00 [duration:86400000000,validity:86400.000000,patch:43200.000000] (../lib/sbi/nnrf-handler.c:868)
