Open5GS daemon v2.7.2

[32m07/10 01:48:45.450[0m: [[33mapp[0m] [1;32mINFO[0m: Configuration: '/open5gs/config-map/amf.yaml' (../lib/app/ogs-init.c:133)
[32m07/10 01:48:45.450[0m: [[33mapp[0m] [1;32mINFO[0m: File Logging: '/var/log/open5gs/amf.log' (../lib/app/ogs-init.c:136)
[32m07/10 01:48:45.456[0m: [[33msbi[0m] [1;32mINFO[0m: NF EndPoint(fqdn) setup [open5gs-scp:80] (../lib/sbi/context.c:474)
[32m07/10 01:48:45.456[0m: [[33mmetrics[0m] [1;32mINFO[0m: metrics_server() [http://0.0.0.0]:9090 (../lib/metrics/prometheus/context.c:299)
[32m07/10 01:48:45.456[0m: [[33msbi[0m] [1;32mINFO[0m: NF Service [namf-comm] (../lib/sbi/context.c:1829)
[32m07/10 01:48:45.456[0m: [[33msbi[0m] [1;32mINFO[0m: nghttp2_server() [http://0.0.0.0]:80 (../lib/sbi/nghttp2-server.c:424)
[32m07/10 01:48:45.456[0m: [[33mamf[0m] [1;32mINFO[0m: ngap_server() [10.244.3.37]:38412 (../src/amf/ngap-sctp.c:61)
[32m07/10 01:48:45.457[0m: [[33msctp[0m] [1;32mINFO[0m: AMF initialize...done (../src/amf/app.c:33)
[32m07/10 01:48:56.468[0m: [[33msbi[0m] [1;33mERROR[0m: Connection timer expired (../lib/sbi/client.c:605)
[32m07/10 01:48:56.468[0m: [[33msbi[0m] [1;36mWARNING[0m: ogs_sbi_client_handler() failed [-3] (../lib/sbi/path.c:62)
[32m07/10 01:48:56.468[0m: [[33msbi[0m] [1;36mWARNING[0m: [8b044c2e-5d51-41f0-8200-315da53a093d] Retry registration with NRF (../lib/sbi/nf-sm.c:169)
[32m07/10 01:48:56.469[0m: [[33msbi[0m] [1;33mERROR[0m: [8b044c2e-5d51-41f0-8200-315da53a093d] HTTP Response Status Code [500] (../lib/sbi/nf-sm.c:145)
[32m07/10 01:48:58.471[0m: [[33msbi[0m] [1;36mWARNING[0m: [8b044c2e-5d51-41f0-8200-315da53a093d] Retry registration with NRF (../lib/sbi/nf-sm.c:395)
[32m07/10 01:49:09.472[0m: [[33msbi[0m] [1;33mERROR[0m: [8b044c2e-5d51-41f0-8200-315da53a093d] HTTP Response Status Code [500] (../lib/sbi/nf-sm.c:145)
[32m07/10 01:49:09.472[0m: [[33msbi[0m] [1;36mWARNING[0m: [8b044c2e-5d51-41f0-8200-315da53a093d] Retry registration with NRF (../lib/sbi/nf-sm.c:395)
[32m07/10 01:49:09.473[0m: [[33msbi[0m] [1;32mINFO[0m: [8b044c2e-5d51-41f0-8200-315da53a093d] NF registered [Heartbeat:10s] (../lib/sbi/nf-sm.c:208)
[32m07/10 01:49:09.476[0m: [[33msbi[0m] [1;32mINFO[0m: NF EndPoint(fqdn) setup [open5gs-nrf:0] (../lib/sbi/nnrf-handler.c:949)
[32m07/10 01:49:09.476[0m: [[33msbi[0m] [1;32mINFO[0m: [99559a58-5d51-41f0-897b-53f8cf9c8455] Subscription created until 2025-07-11T01:49:09.474385-04:00 [duration:86400000000,validity:86400.000000,patch:43200.000000] (../lib/sbi/nnrf-handler.c:868)
[32m07/10 01:49:09.476[0m: [[33msbi[0m] [1;32mINFO[0m: NF EndPoint(fqdn) setup [open5gs-nrf:0] (../lib/sbi/nnrf-handler.c:949)
[32m07/10 01:49:09.476[0m: [[33msbi[0m] [1;32mINFO[0m: [9955a188-5d51-41f0-897b-53f8cf9c8455] Subscription created until 2025-07-11T01:49:09.474564-04:00 [duration:86400000000,validity:86400.000000,patch:43200.000000] (../lib/sbi/nnrf-handler.c:868)
[32m07/10 01:49:09.476[0m: [[33msbi[0m] [1;32mINFO[0m: NF EndPoint(fqdn) setup [open5gs-nrf:0] (../lib/sbi/nnrf-handler.c:949)
[32m07/10 01:49:09.476[0m: [[33msbi[0m] [1;32mINFO[0m: [9955cde8-5d51-41f0-897b-53f8cf9c8455] Subscription created until 2025-07-11T01:49:09.475700-04:00 [duration:86400000000,validity:86400.000000,patch:43200.000000] (../lib/sbi/nnrf-handler.c:868)
[32m07/10 01:49:09.476[0m: [[33msbi[0m] [1;32mINFO[0m: NF EndPoint(fqdn) setup [open5gs-nrf:0] (../lib/sbi/nnrf-handler.c:949)
[32m07/10 01:49:09.476[0m: [[33msbi[0m] [1;32mINFO[0m: [9955cffa-5d51-41f0-897b-53f8cf9c8455] Subscription created until 2025-07-11T01:49:09.475753-04:00 [duration:86400000000,validity:86400.000000,patch:43200.000000] (../lib/sbi/nnrf-handler.c:868)
[32m07/10 01:49:09.477[0m: [[33msbi[0m] [1;32mINFO[0m: NF EndPoint(fqdn) setup [open5gs-nrf:0] (../lib/sbi/nnrf-handler.c:949)
[32m07/10 01:49:09.477[0m: [[33msbi[0m] [1;32mINFO[0m: [9955d25c-5d51-41f0-897b-53f8cf9c8455] Subscription created until 2025-07-11T01:49:09.475809-04:00 [duration:86400000000,validity:86400.000000,patch:43200.000000] (../lib/sbi/nnrf-handler.c:868)
[32m07/10 01:49:09.477[0m: [[33msbi[0m] [1;32mINFO[0m: NF EndPoint(fqdn) setup [open5gs-nrf:0] (../lib/sbi/nnrf-handler.c:949)
[32m07/10 01:49:09.477[0m: [[33msbi[0m] [1;32mINFO[0m: [9955d4aa-5d51-41f0-897b-53f8cf9c8455] Subscription created until 2025-07-11T01:49:09.475867-04:00 [duration:86400000000,validity:86400.000000,patch:43200.000000] (../lib/sbi/nnrf-handler.c:868)
[32m07/10 01:49:09.477[0m: [[33msbi[0m] [1;32mINFO[0m: NF EndPoint(fqdn) setup [open5gs-nrf:0] (../lib/sbi/nnrf-handler.c:949)
[32m07/10 01:49:09.477[0m: [[33msbi[0m] [1;32mINFO[0m: [9955d6bc-5d51-41f0-897b-53f8cf9c8455] Subscription created until 2025-07-11T01:49:09.475923-04:00 [duration:86400000000,validity:86400.000000,patch:43200.000000] (../lib/sbi/nnrf-handler.c:868)
[32m07/10 01:49:22.833[0m: [[33msbi[0m] [1;36mWARNING[0m: [b0eabbfe-5d50-41f0-8ff3-81fafbbc8379] (NRF-notify) Not found (../lib/sbi/nnrf-handler.c:1171)
[32m07/10 01:52:25.927[0m: [[33mamf[0m] [1;32mINFO[0m: gNB-N2 accepted[10.244.1.40]:9487 in ng-path module (../src/amf/ngap-sctp.c:113)
[32m07/10 01:52:25.927[0m: [[33mamf[0m] [1;32mINFO[0m: gNB-N2 accepted[10.244.1.40] in master_sm module (../src/amf/amf-sm.c:796)
[32m07/10 01:52:25.932[0m: [[33mamf[0m] [1;32mINFO[0m: [Added] Number of gNBs is now 1 (../src/amf/context.c:1238)
[32m07/10 01:52:25.932[0m: [[33mamf[0m] [1;32mINFO[0m: gNB-N2[10.244.1.40] max_num_of_ostreams : 30 (../src/amf/amf-sm.c:842)
[32m07/10 01:52:25.937[0m: [[33mamf[0m] [1;32mINFO[0m: InitialUEMessage (../src/amf/ngap-handler.c:435)
[32m07/10 01:52:25.937[0m: [[33mamf[0m] [1;32mINFO[0m: [Added] Number of gNB-UEs is now 1 (../src/amf/context.c:2694)
[32m07/10 01:52:25.937[0m: [[33mamf[0m] [1;32mINFO[0m:     RAN_UE_NGAP_ID[3573547008] AMF_UE_NGAP_ID[1] TAC[1] CellID[0x1] (../src/amf/ngap-handler.c:596)
[32m07/10 01:52:25.937[0m: [[33mamf[0m] [1;32mINFO[0m: [suci-0-208-93-0-0-0-0000000003] Unknown UE by SUCI (../src/amf/context.c:1861)
[32m07/10 01:52:25.937[0m: [[33mamf[0m] [1;32mINFO[0m: [Added] Number of AMF-UEs is now 1 (../src/amf/context.c:1638)
[32m07/10 01:52:25.937[0m: [[33mgmm[0m] [1;32mINFO[0m: Registration request (../src/amf/gmm-sm.c:1220)
[32m07/10 01:52:25.937[0m: [[33mgmm[0m] [1;32mINFO[0m: [suci-0-208-93-0-0-0-0000000003]    SUCI (../src/amf/gmm-handler.c:174)
[32m07/10 01:52:25.948[0m: [[33msbi[0m] [1;32mINFO[0m: [AUSF] (SCP-discover) NF registered [9402a398-5d51-41f0-a0c4-7905ab175a6d] (../lib/sbi/path.c:212)
[32m07/10 01:52:25.948[0m: [[33msbi[0m] [1;32mINFO[0m: [9402a398-5d51-41f0-a0c4-7905ab175a6d] NF Instance setup [type:AUSF validity:0s] (../lib/sbi/path.c:227)
[32m07/10 01:52:25.948[0m: [[33mamf[0m] [1;32mINFO[0m: NF EndPoint(fqdn) setup [open5gs-ausf:0] (../src/amf/nausf-handler.c:130)
[32m07/10 01:52:25.955[0m: [[33mnas[0m] [1;36mWARNING[0m: Spec warning : bcd[16] = 0x0, 0x30 (../lib/nas/common/conv.c:48)
[32m07/10 01:52:25.957[0m: [[33msbi[0m] [1;32mINFO[0m: [UDM] (SCP-discover) NF registered [8b60a3c0-5d51-41f0-ba36-b33c82d9cbd1] (../lib/sbi/path.c:212)
[32m07/10 01:52:25.957[0m: [[33msbi[0m] [1;32mINFO[0m: [8b60a3c0-5d51-41f0-ba36-b33c82d9cbd1] NF Instance setup [type:UDM validity:0s] (../lib/sbi/path.c:227)
[32m07/10 01:52:25.958[0m: [[33msbi[0m] [1;36mWARNING[0m: [UDM] (SCP-discover) NF has already been added [8b60a3c0-5d51-41f0-ba36-b33c82d9cbd1] (../lib/sbi/path.c:217)
[32m07/10 01:52:25.958[0m: [[33msbi[0m] [1;32mINFO[0m: [8b60a3c0-5d51-41f0-ba36-b33c82d9cbd1] NF Instance setup [type:UDM validity:0s] (../lib/sbi/path.c:227)
[32m07/10 01:52:25.960[0m: [[33mamf[0m] [1;32mINFO[0m: NF EndPoint(fqdn) setup [open5gs-udm:0] (../src/amf/nudm-handler.c:355)
[32m07/10 01:52:25.965[0m: [[33msbi[0m] [1;32mINFO[0m: [PCF] (SCP-discover) NF registered [949b1bc8-5d51-41f0-a86c-112b4e9614f6] (../lib/sbi/path.c:212)
[32m07/10 01:52:25.965[0m: [[33msbi[0m] [1;32mINFO[0m: [949b1bc8-5d51-41f0-a86c-112b4e9614f6] NF Instance setup [type:PCF validity:0s] (../lib/sbi/path.c:227)
[32m07/10 01:52:25.965[0m: [[33mamf[0m] [1;36mWARNING[0m: NF EndPoint(fqdn) updated [open5gs-udm:0] (../src/amf/npcf-handler.c:143)
[32m07/10 01:52:25.965[0m: [[33mamf[0m] [1;32mINFO[0m: NF EndPoint(fqdn) setup [open5gs-pcf:0] (../src/amf/npcf-handler.c:143)
[32m07/10 01:52:26.169[0m: [[33mgmm[0m] [1;32mINFO[0m: [imsi-208930000000003] Registration complete (../src/amf/gmm-sm.c:2288)
[32m07/10 01:52:26.169[0m: [[33mamf[0m] [1;32mINFO[0m: [imsi-208930000000003] Configuration update command (../src/amf/nas-path.c:607)
[32m07/10 01:52:26.169[0m: [[33mgmm[0m] [1;32mINFO[0m:     UTC [2025-07-10T05:52:26] Timezone[0]/DST[0] (../src/amf/gmm-build.c:558)
[32m07/10 01:52:26.169[0m: [[33mgmm[0m] [1;32mINFO[0m:     LOCAL [2025-07-10T01:52:26] Timezone[-14400]/DST[1] (../src/amf/gmm-build.c:563)
[32m07/10 01:52:26.169[0m: [[33mamf[0m] [1;32mINFO[0m: [Added] Number of AMF-Sessions is now 1 (../src/amf/context.c:2715)
[32m07/10 01:52:26.169[0m: [[33mgmm[0m] [1;32mINFO[0m: UE SUPI[imsi-208930000000003] DNN[internet] S_NSSAI[SST:1 SD:0xffffff] smContextRef[NULL] smContextResourceURI[NULL] (../src/amf/gmm-handler.c:1368)
[32m07/10 01:52:26.169[0m: [[33mgmm[0m] [1;32mINFO[0m: No SMF Instance (../src/amf/gmm-handler.c:1407)
[32m07/10 01:52:26.172[0m: [[33msbi[0m] [1;32mINFO[0m: [NSSF] (SCP-discover) NF registered [8afc95f6-5d51-41f0-a93b-ad6a5fe8dbea] (../lib/sbi/path.c:212)
[32m07/10 01:52:26.172[0m: [[33msbi[0m] [1;32mINFO[0m: [8afc95f6-5d51-41f0-a93b-ad6a5fe8dbea] NF Instance setup [type:NSSF validity:0s] (../lib/sbi/path.c:227)
[32m07/10 01:52:26.179[0m: [[33msbi[0m] [1;32mINFO[0m: [SMF] (SCP-discover) NF registered [8b2f93de-5d51-41f0-bfba-b7f58fd84515] (../lib/sbi/path.c:212)
[32m07/10 01:52:26.179[0m: [[33msbi[0m] [1;32mINFO[0m: [8b2f93de-5d51-41f0-bfba-b7f58fd84515] NF Instance setup [type:SMF validity:0s] (../lib/sbi/path.c:227)
[32m07/10 01:52:26.179[0m: [[33mamf[0m] [1;32mINFO[0m: NF EndPoint(fqdn) setup [open5gs-smf:0] (../src/amf/nsmf-handler.c:144)
[32m07/10 01:52:26.697[0m: [[33mamf[0m] [1;32mINFO[0m: [imsi-208930000000003:10:11][0:0:NULL] /nsmf-pdusession/v1/sm-contexts/{smContextRef}/modify (../src/amf/nsmf-handler.c:916)
[32m07/10 01:52:29.787[0m: [[33mgmm[0m] [1;32mINFO[0m: [imsi-208930000000003] Deregistration request (../src/amf/gmm-sm.c:1501)
[32m07/10 01:52:29.787[0m: [[33mgmm[0m] [1;32mINFO[0m: [suci-0-208-93-0-0-0-0000000003]    SUCI (../src/amf/gmm-handler.c:881)
[32m07/10 01:52:29.792[0m: [[33mamf[0m] [1;32mINFO[0m: [imsi-208930000000003:10] Release SM context [204] (../src/amf/amf-sm.c:536)
[32m07/10 01:52:29.792[0m: [[33mamf[0m] [1;32mINFO[0m: [imsi-208930000000003:10] Release SM Context [state:1] (../src/amf/nsmf-handler.c:1137)
[32m07/10 01:52:29.792[0m: [[33mamf[0m] [1;32mINFO[0m: [Removed] Number of AMF-Sessions is now 0 (../src/amf/context.c:2722)
[32m07/10 01:52:29.798[0m: [[33mamf[0m] [1;32mINFO[0m: UE Context Release [Action:2] (../src/amf/ngap-handler.c:1726)
[32m07/10 01:52:29.798[0m: [[33mamf[0m] [1;32mINFO[0m:     RAN_UE_NGAP_ID[3573547008] AMF_UE_NGAP_ID[1] (../src/amf/ngap-handler.c:1727)
[32m07/10 01:52:29.798[0m: [[33mamf[0m] [1;32mINFO[0m:     SUCI[suci-0-208-93-0-0-0-0000000003] (../src/amf/ngap-handler.c:1731)
[32m07/10 01:52:29.798[0m: [[33mamf[0m] [1;32mINFO[0m: [Removed] Number of gNB-UEs is now 0 (../src/amf/context.c:2701)
[32m07/10 01:52:39.820[0m: [[33mamf[0m] [1;32mINFO[0m: gNB-N2[10.244.1.40] connection refused!!! (../src/amf/amf-sm.c:855)
[32m07/10 01:52:39.820[0m: [[33mamf[0m] [1;32mINFO[0m: [Removed] Number of gNBs is now 0 (../src/amf/context.c:1265)
