Open5GS daemon v2.7.2

[32m07/10 01:49:00.098[0m: [[33mapp[0m] [1;32mINFO[0m: Configuration: '/open5gs/config-map/nrf.yaml' (../lib/app/ogs-init.c:133)
[32m07/10 01:49:00.098[0m: [[33mapp[0m] [1;32mINFO[0m: File Logging: '/var/log/open5gs/nrf.log' (../lib/app/ogs-init.c:136)
[32m07/10 01:49:00.102[0m: [[33msbi[0m] [1;32mINFO[0m: nghttp2_server() [http://0.0.0.0]:80 (../lib/sbi/nghttp2-server.c:424)
[32m07/10 01:49:00.102[0m: [[33mapp[0m] [1;32mINFO[0m: NRF initialize...done (../src/nrf/app.c:31)
[32m07/10 01:49:01.534[0m: [[33msbi[0m] [1;32mINFO[0m: NF EndPoint(fqdn) setup [open5gs-bsf:0] (../lib/sbi/context.c:2195)
[32m07/10 01:49:01.534[0m: [[33msbi[0m] [1;32mINFO[0m: NF EndPoint(fqdn) setup [open5gs-bsf:0] (../lib/sbi/context.c:1934)
[32m07/10 01:49:01.534[0m: [[33mnrf[0m] [1;32mINFO[0m: [8b07d614-5d51-41f0-89ee-87a2e8bfcabc] NF registered [Heartbeat:10s] (../src/nrf/nf-sm.c:202)
[32m07/10 01:49:01.535[0m: [[33mnrf[0m] [1;32mINFO[0m: NF EndPoint(fqdn) setup [open5gs-bsf:0] (../src/nrf/nnrf-handler.c:418)
[32m07/10 01:49:01.535[0m: [[33mnrf[0m] [1;32mINFO[0m: [949a498c-5d51-41f0-897b-53f8cf9c8455] Subscription created until 2025-07-11T01:49:01.535976-04:00 [duration:86400000000,validity:86400.000000] (../src/nrf/nnrf-handler.c:446)
[32m07/10 01:49:01.547[0m: [[33msbi[0m] [1;32mINFO[0m: NF EndPoint(fqdn) setup [open5gs-pcf:0] (../lib/sbi/context.c:2195)
[32m07/10 01:49:01.547[0m: [[33msbi[0m] [1;32mINFO[0m: NF EndPoint(fqdn) setup [open5gs-pcf:0] (../lib/sbi/context.c:1934)
[32m07/10 01:49:01.547[0m: [[33msbi[0m] [1;32mINFO[0m: NF EndPoint(fqdn) setup [open5gs-pcf:0] (../lib/sbi/context.c:1934)
[32m07/10 01:49:01.547[0m: [[33msbi[0m] [1;32mINFO[0m: NF EndPoint(fqdn) setup [open5gs-pcf:0] (../lib/sbi/context.c:1934)
[32m07/10 01:49:01.547[0m: [[33mnrf[0m] [1;32mINFO[0m: [949b1bc8-5d51-41f0-a86c-112b4e9614f6] NF registered [Heartbeat:10s] (../src/nrf/nf-sm.c:202)
[32m07/10 01:49:01.548[0m: [[33mnrf[0m] [1;32mINFO[0m: NF EndPoint(fqdn) setup [open5gs-pcf:0] (../src/nrf/nnrf-handler.c:418)
[32m07/10 01:49:01.548[0m: [[33mnrf[0m] [1;32mINFO[0m: [949c2d2e-5d51-41f0-897b-53f8cf9c8455] Subscription created until 2025-07-11T01:49:01.548295-04:00 [duration:86400000000,validity:86400.000000] (../src/nrf/nnrf-handler.c:446)
[32m07/10 01:49:01.548[0m: [[33mnrf[0m] [1;32mINFO[0m: NF EndPoint(fqdn) setup [open5gs-pcf:0] (../src/nrf/nnrf-handler.c:418)
[32m07/10 01:49:01.548[0m: [[33mnrf[0m] [1;32mINFO[0m: [949c33b4-5d51-41f0-897b-53f8cf9c8455] Subscription created until 2025-07-11T01:49:01.548451-04:00 [duration:86400000000,validity:86400.000000] (../src/nrf/nnrf-handler.c:446)
[32m07/10 01:49:01.548[0m: [[33mnrf[0m] [1;32mINFO[0m: NF EndPoint(fqdn) setup [open5gs-pcf:0] (../src/nrf/nnrf-handler.c:418)
[32m07/10 01:49:01.548[0m: [[33mnrf[0m] [1;32mINFO[0m: [949c3a30-5d51-41f0-897b-53f8cf9c8455] Subscription created until 2025-07-11T01:49:01.548613-04:00 [duration:86400000000,validity:86400.000000] (../src/nrf/nnrf-handler.c:446)
[32m07/10 01:49:01.565[0m: [[33msbi[0m] [1;32mINFO[0m: NF EndPoint(fqdn) setup [open5gs-ausf:0] (../lib/sbi/context.c:2195)
[32m07/10 01:49:01.565[0m: [[33msbi[0m] [1;32mINFO[0m: NF EndPoint(fqdn) setup [open5gs-ausf:0] (../lib/sbi/context.c:1934)
[32m07/10 01:49:01.565[0m: [[33mnrf[0m] [1;32mINFO[0m: [9402a398-5d51-41f0-a0c4-7905ab175a6d] NF registered [Heartbeat:10s] (../src/nrf/nf-sm.c:202)
[32m07/10 01:49:01.566[0m: [[33mnrf[0m] [1;32mINFO[0m: NF EndPoint(fqdn) setup [open5gs-ausf:0] (../src/nrf/nnrf-handler.c:418)
[32m07/10 01:49:01.566[0m: [[33mnrf[0m] [1;32mINFO[0m: [949ef3a6-5d51-41f0-897b-53f8cf9c8455] Subscription created until 2025-07-11T01:49:01.566469-04:00 [duration:86400000000,validity:86400.000000] (../src/nrf/nnrf-handler.c:446)
[32m07/10 01:49:01.566[0m: [[33mnrf[0m] [1;32mINFO[0m: NF EndPoint(fqdn) setup [open5gs-ausf:0] (../src/nrf/nnrf-handler.c:418)
[32m07/10 01:49:01.566[0m: [[33mnrf[0m] [1;32mINFO[0m: [949efa2c-5d51-41f0-897b-53f8cf9c8455] Subscription created until 2025-07-11T01:49:01.566635-04:00 [duration:86400000000,validity:86400.000000] (../src/nrf/nnrf-handler.c:446)
[32m07/10 01:49:01.789[0m: [[33msbi[0m] [1;32mINFO[0m: NF EndPoint(fqdn) setup [open5gs-smf:0] (../lib/sbi/context.c:2195)
[32m07/10 01:49:01.789[0m: [[33msbi[0m] [1;32mINFO[0m: NF EndPoint(fqdn) setup [open5gs-smf:0] (../lib/sbi/context.c:1934)
[32m07/10 01:49:01.789[0m: [[33mnrf[0m] [1;32mINFO[0m: [8b2f93de-5d51-41f0-bfba-b7f58fd84515] NF registered [Heartbeat:10s] (../src/nrf/nf-sm.c:202)
[32m07/10 01:49:01.790[0m: [[33mnrf[0m] [1;32mINFO[0m: NF EndPoint(fqdn) setup [open5gs-smf:0] (../src/nrf/nnrf-handler.c:418)
[32m07/10 01:49:01.790[0m: [[33mnrf[0m] [1;32mINFO[0m: [94c11f62-5d51-41f0-897b-53f8cf9c8455] Subscription created until 2025-07-11T01:49:01.790416-04:00 [duration:86400000000,validity:86400.000000] (../src/nrf/nnrf-handler.c:446)
[32m07/10 01:49:01.790[0m: [[33mnrf[0m] [1;32mINFO[0m: NF EndPoint(fqdn) setup [open5gs-smf:0] (../src/nrf/nnrf-handler.c:418)
[32m07/10 01:49:01.790[0m: [[33mnrf[0m] [1;32mINFO[0m: [94c127be-5d51-41f0-897b-53f8cf9c8455] Subscription created until 2025-07-11T01:49:01.790624-04:00 [duration:86400000000,validity:86400.000000] (../src/nrf/nnrf-handler.c:446)
[32m07/10 01:49:01.790[0m: [[33mnrf[0m] [1;32mINFO[0m: NF EndPoint(fqdn) setup [open5gs-smf:0] (../src/nrf/nnrf-handler.c:418)
[32m07/10 01:49:01.790[0m: [[33mnrf[0m] [1;32mINFO[0m: [94c12d72-5d51-41f0-897b-53f8cf9c8455] Subscription created until 2025-07-11T01:49:01.790770-04:00 [duration:86400000000,validity:86400.000000] (../src/nrf/nnrf-handler.c:446)
[32m07/10 01:49:01.790[0m: [[33mnrf[0m] [1;32mINFO[0m: NF EndPoint(fqdn) setup [open5gs-smf:0] (../src/nrf/nnrf-handler.c:418)
[32m07/10 01:49:01.790[0m: [[33mnrf[0m] [1;32mINFO[0m: [94c131a0-5d51-41f0-897b-53f8cf9c8455] Subscription created until 2025-07-11T01:49:01.790878-04:00 [duration:86400000000,validity:86400.000000] (../src/nrf/nnrf-handler.c:446)
[32m07/10 01:49:01.791[0m: [[33mnrf[0m] [1;32mINFO[0m: NF EndPoint(fqdn) setup [open5gs-smf:0] (../src/nrf/nnrf-handler.c:418)
[32m07/10 01:49:01.791[0m: [[33mnrf[0m] [1;32mINFO[0m: [94c1381c-5d51-41f0-897b-53f8cf9c8455] Subscription created until 2025-07-11T01:49:01.791043-04:00 [duration:86400000000,validity:86400.000000] (../src/nrf/nnrf-handler.c:446)
[32m07/10 01:49:01.821[0m: [[33msbi[0m] [1;32mINFO[0m: NF EndPoint(fqdn) setup [open5gs-smf:0] (../lib/sbi/context.c:2195)
[32m07/10 01:49:01.821[0m: [[33msbi[0m] [1;32mINFO[0m: NF EndPoint(fqdn) setup [open5gs-smf:0] (../lib/sbi/context.c:1934)
[32m07/10 01:49:01.821[0m: [[33mnrf[0m] [1;32mINFO[0m: [b0eabbfe-5d50-41f0-8ff3-81fafbbc8379] NF registered [Heartbeat:10s] (../src/nrf/nf-sm.c:202)
[32m07/10 01:49:01.822[0m: [[33mnrf[0m] [1;32mINFO[0m: NF EndPoint(fqdn) setup [open5gs-smf:0] (../src/nrf/nnrf-handler.c:418)
[32m07/10 01:49:01.822[0m: [[33mnrf[0m] [1;32mINFO[0m: [94c5fd66-5d51-41f0-897b-53f8cf9c8455] Subscription created until 2025-07-11T01:49:01.822315-04:00 [duration:86400000000,validity:86400.000000] (../src/nrf/nnrf-handler.c:446)
[32m07/10 01:49:01.822[0m: [[33mnrf[0m] [1;32mINFO[0m: NF EndPoint(fqdn) setup [open5gs-smf:0] (../src/nrf/nnrf-handler.c:418)
[32m07/10 01:49:01.822[0m: [[33mnrf[0m] [1;32mINFO[0m: [94c60324-5d51-41f0-897b-53f8cf9c8455] Subscription created until 2025-07-11T01:49:01.822458-04:00 [duration:86400000000,validity:86400.000000] (../src/nrf/nnrf-handler.c:446)
[32m07/10 01:49:01.822[0m: [[33mnrf[0m] [1;32mINFO[0m: NF EndPoint(fqdn) setup [open5gs-smf:0] (../src/nrf/nnrf-handler.c:418)
[32m07/10 01:49:01.822[0m: [[33mnrf[0m] [1;32mINFO[0m: [94c60b30-5d51-41f0-897b-53f8cf9c8455] Subscription created until 2025-07-11T01:49:01.822662-04:00 [duration:86400000000,validity:86400.000000] (../src/nrf/nnrf-handler.c:446)
[32m07/10 01:49:01.822[0m: [[33mnrf[0m] [1;32mINFO[0m: NF EndPoint(fqdn) setup [open5gs-smf:0] (../src/nrf/nnrf-handler.c:418)
[32m07/10 01:49:01.822[0m: [[33mnrf[0m] [1;32mINFO[0m: [94c610da-5d51-41f0-897b-53f8cf9c8455] Subscription created until 2025-07-11T01:49:01.822806-04:00 [duration:86400000000,validity:86400.000000] (../src/nrf/nnrf-handler.c:446)
[32m07/10 01:49:01.822[0m: [[33mnrf[0m] [1;32mINFO[0m: NF EndPoint(fqdn) setup [open5gs-smf:0] (../src/nrf/nnrf-handler.c:418)
[32m07/10 01:49:01.822[0m: [[33mnrf[0m] [1;32mINFO[0m: [94c61288-5d51-41f0-897b-53f8cf9c8455] Subscription created until 2025-07-11T01:49:01.822845-04:00 [duration:86400000000,validity:86400.000000] (../src/nrf/nnrf-handler.c:446)
[32m07/10 01:49:02.425[0m: [[33msbi[0m] [1;32mINFO[0m: NF EndPoint(fqdn) setup [open5gs-nssf:0] (../lib/sbi/context.c:2195)
[32m07/10 01:49:02.425[0m: [[33msbi[0m] [1;32mINFO[0m: NF EndPoint(fqdn) setup [open5gs-nssf:0] (../lib/sbi/context.c:1934)
[32m07/10 01:49:02.425[0m: [[33mnrf[0m] [1;32mINFO[0m: [8afc95f6-5d51-41f0-a93b-ad6a5fe8dbea] NF registered [Heartbeat:10s] (../src/nrf/nf-sm.c:202)
[32m07/10 01:49:02.426[0m: [[33mnrf[0m] [1;32mINFO[0m: NF EndPoint(fqdn) setup [open5gs-nssf:0] (../src/nrf/nnrf-handler.c:418)
[32m07/10 01:49:02.426[0m: [[33mnrf[0m] [1;32mINFO[0m: [95221eac-5d51-41f0-897b-53f8cf9c8455] Subscription created until 2025-07-11T01:49:02.426095-04:00 [duration:86400000000,validity:86400.000000] (../src/nrf/nnrf-handler.c:446)
[32m07/10 01:49:02.590[0m: [[33msbi[0m] [1;32mINFO[0m: NF EndPoint(fqdn) setup [open5gs-udr:0] (../lib/sbi/context.c:2195)
[32m07/10 01:49:02.590[0m: [[33msbi[0m] [1;32mINFO[0m: NF EndPoint(fqdn) setup [open5gs-udr:0] (../lib/sbi/context.c:1934)
[32m07/10 01:49:02.590[0m: [[33mnrf[0m] [1;32mINFO[0m: [8baaefc0-5d51-41f0-8067-5b9cd8e9afc3] NF registered [Heartbeat:10s] (../src/nrf/nf-sm.c:202)
[32m07/10 01:49:02.591[0m: [[33mnrf[0m] [1;32mINFO[0m: NF EndPoint(fqdn) setup [open5gs-udr:0] (../src/nrf/nnrf-handler.c:418)
[32m07/10 01:49:02.591[0m: [[33mnrf[0m] [1;32mINFO[0m: [953b6952-5d51-41f0-897b-53f8cf9c8455] Subscription created until 2025-07-11T01:49:02.591858-04:00 [duration:86400000000,validity:86400.000000] (../src/nrf/nnrf-handler.c:446)
[32m07/10 01:49:04.254[0m: [[33msbi[0m] [1;32mINFO[0m: NF EndPoint(fqdn) setup [open5gs-udm:0] (../lib/sbi/context.c:2195)
[32m07/10 01:49:04.254[0m: [[33msbi[0m] [1;32mINFO[0m: NF EndPoint(fqdn) setup [open5gs-udm:0] (../lib/sbi/context.c:1934)
[32m07/10 01:49:04.254[0m: [[33msbi[0m] [1;32mINFO[0m: NF EndPoint(fqdn) setup [open5gs-udm:0] (../lib/sbi/context.c:1934)
[32m07/10 01:49:04.254[0m: [[33msbi[0m] [1;32mINFO[0m: NF EndPoint(fqdn) setup [open5gs-udm:0] (../lib/sbi/context.c:1934)
[32m07/10 01:49:04.254[0m: [[33mnrf[0m] [1;32mINFO[0m: [8b60a3c0-5d51-41f0-ba36-b33c82d9cbd1] NF registered [Heartbeat:10s] (../src/nrf/nf-sm.c:202)
[32m07/10 01:49:04.258[0m: [[33mnrf[0m] [1;32mINFO[0m: NF EndPoint(fqdn) setup [open5gs-udm:0] (../src/nrf/nnrf-handler.c:418)
[32m07/10 01:49:04.258[0m: [[33mnrf[0m] [1;32mINFO[0m: [9639ae22-5d51-41f0-897b-53f8cf9c8455] Subscription created until 2025-07-11T01:49:04.258266-04:00 [duration:86400000000,validity:86400.000000] (../src/nrf/nnrf-handler.c:446)
[32m07/10 01:49:04.258[0m: [[33mnrf[0m] [1;32mINFO[0m: NF EndPoint(fqdn) setup [open5gs-udm:0] (../src/nrf/nnrf-handler.c:418)
[32m07/10 01:49:04.258[0m: [[33mnrf[0m] [1;32mINFO[0m: [9639b3f4-5d51-41f0-897b-53f8cf9c8455] Subscription created until 2025-07-11T01:49:04.258371-04:00 [duration:86400000000,validity:86400.000000] (../src/nrf/nnrf-handler.c:446)
[32m07/10 01:49:07.837[0m: [[33msbi[0m] [1;32mINFO[0m: NF EndPoint(fqdn) setup [open5gs-scp:80] (../lib/sbi/context.c:2195)
[32m07/10 01:49:07.837[0m: [[33mnrf[0m] [1;32mINFO[0m: [8b3e7f48-5d51-41f0-a8b7-9d3532440919] NF registered [Heartbeat:10s] (../src/nrf/nf-sm.c:202)
[32m07/10 01:49:07.838[0m: [[33mnrf[0m] [1;32mINFO[0m: NF EndPoint(fqdn) setup [open5gs-scp:0] (../src/nrf/nnrf-handler.c:418)
[32m07/10 01:49:07.838[0m: [[33mnrf[0m] [1;32mINFO[0m: [985bfba6-5d51-41f0-897b-53f8cf9c8455] Subscription created until 2025-07-11T01:49:07.838505-04:00 [duration:86400000000,validity:86400.000000] (../src/nrf/nnrf-handler.c:446)
[32m07/10 01:49:07.838[0m: [[33mnrf[0m] [1;32mINFO[0m: NF EndPoint(fqdn) setup [open5gs-scp:0] (../src/nrf/nnrf-handler.c:418)
[32m07/10 01:49:07.838[0m: [[33mnrf[0m] [1;32mINFO[0m: [985c034e-5d51-41f0-897b-53f8cf9c8455] Subscription created until 2025-07-11T01:49:07.838665-04:00 [duration:86400000000,validity:86400.000000] (../src/nrf/nnrf-handler.c:446)
[32m07/10 01:49:07.838[0m: [[33mnrf[0m] [1;32mINFO[0m: NF EndPoint(fqdn) setup [open5gs-scp:0] (../src/nrf/nnrf-handler.c:418)
[32m07/10 01:49:07.838[0m: [[33mnrf[0m] [1;32mINFO[0m: [985c056a-5d51-41f0-897b-53f8cf9c8455] Subscription created until 2025-07-11T01:49:07.838715-04:00 [duration:86400000000,validity:86400.000000] (../src/nrf/nnrf-handler.c:446)
[32m07/10 01:49:07.838[0m: [[33mnrf[0m] [1;32mINFO[0m: NF EndPoint(fqdn) setup [open5gs-scp:0] (../src/nrf/nnrf-handler.c:418)
[32m07/10 01:49:07.838[0m: [[33mnrf[0m] [1;32mINFO[0m: [985c0c40-5d51-41f0-897b-53f8cf9c8455] Subscription created until 2025-07-11T01:49:07.838893-04:00 [duration:86400000000,validity:86400.000000] (../src/nrf/nnrf-handler.c:446)
[32m07/10 01:49:07.838[0m: [[33mnrf[0m] [1;32mINFO[0m: NF EndPoint(fqdn) setup [open5gs-scp:0] (../src/nrf/nnrf-handler.c:418)
[32m07/10 01:49:07.838[0m: [[33mnrf[0m] [1;32mINFO[0m: [985c0e16-5d51-41f0-897b-53f8cf9c8455] Subscription created until 2025-07-11T01:49:07.838936-04:00 [duration:86400000000,validity:86400.000000] (../src/nrf/nnrf-handler.c:446)
[32m07/10 01:49:07.838[0m: [[33mnrf[0m] [1;32mINFO[0m: NF EndPoint(fqdn) setup [open5gs-scp:0] (../src/nrf/nnrf-handler.c:418)
[32m07/10 01:49:07.838[0m: [[33mnrf[0m] [1;32mINFO[0m: [985c0f74-5d51-41f0-897b-53f8cf9c8455] Subscription created until 2025-07-11T01:49:07.838971-04:00 [duration:86400000000,validity:86400.000000] (../src/nrf/nnrf-handler.c:446)
[32m07/10 01:49:07.839[0m: [[33mnrf[0m] [1;32mINFO[0m: NF EndPoint(fqdn) setup [open5gs-scp:0] (../src/nrf/nnrf-handler.c:418)
[32m07/10 01:49:07.839[0m: [[33mnrf[0m] [1;32mINFO[0m: [985c1474-5d51-41f0-897b-53f8cf9c8455] Subscription created until 2025-07-11T01:49:07.839103-04:00 [duration:86400000000,validity:86400.000000] (../src/nrf/nnrf-handler.c:446)
[32m07/10 01:49:07.839[0m: [[33mnrf[0m] [1;32mINFO[0m: NF EndPoint(fqdn) setup [open5gs-scp:0] (../src/nrf/nnrf-handler.c:418)
[32m07/10 01:49:07.839[0m: [[33mnrf[0m] [1;32mINFO[0m: [985c1618-5d51-41f0-897b-53f8cf9c8455] Subscription created until 2025-07-11T01:49:07.839141-04:00 [duration:86400000000,validity:86400.000000] (../src/nrf/nnrf-handler.c:446)
[32m07/10 01:49:07.839[0m: [[33mnrf[0m] [1;32mINFO[0m: NF EndPoint(fqdn) setup [open5gs-scp:0] (../src/nrf/nnrf-handler.c:418)
[32m07/10 01:49:07.839[0m: [[33mnrf[0m] [1;32mINFO[0m: [985c18d4-5d51-41f0-897b-53f8cf9c8455] Subscription created until 2025-07-11T01:49:07.839213-04:00 [duration:86400000000,validity:86400.000000] (../src/nrf/nnrf-handler.c:446)
[32m07/10 01:49:09.473[0m: [[33msbi[0m] [1;32mINFO[0m: NF EndPoint(fqdn) setup [open5gs-amf:0] (../lib/sbi/context.c:2195)
[32m07/10 01:49:09.473[0m: [[33msbi[0m] [1;32mINFO[0m: NF EndPoint(fqdn) setup [open5gs-amf:0] (../lib/sbi/context.c:1934)
[32m07/10 01:49:09.473[0m: [[33mnrf[0m] [1;32mINFO[0m: [8b044c2e-5d51-41f0-8200-315da53a093d] NF registered [Heartbeat:10s] (../src/nrf/nf-sm.c:202)
[32m07/10 01:49:09.474[0m: [[33mnrf[0m] [1;32mINFO[0m: NF EndPoint(fqdn) setup [open5gs-amf:0] (../src/nrf/nnrf-handler.c:418)
[32m07/10 01:49:09.474[0m: [[33mnrf[0m] [1;32mINFO[0m: [99559a58-5d51-41f0-897b-53f8cf9c8455] Subscription created until 2025-07-11T01:49:09.474385-04:00 [duration:86400000000,validity:86400.000000] (../src/nrf/nnrf-handler.c:446)
[32m07/10 01:49:09.474[0m: [[33mnrf[0m] [1;32mINFO[0m: NF EndPoint(fqdn) setup [open5gs-amf:0] (../src/nrf/nnrf-handler.c:418)
[32m07/10 01:49:09.474[0m: [[33mnrf[0m] [1;32mINFO[0m: [9955a188-5d51-41f0-897b-53f8cf9c8455] Subscription created until 2025-07-11T01:49:09.474564-04:00 [duration:86400000000,validity:86400.000000] (../src/nrf/nnrf-handler.c:446)
[32m07/10 01:49:09.475[0m: [[33mnrf[0m] [1;32mINFO[0m: NF EndPoint(fqdn) setup [open5gs-amf:0] (../src/nrf/nnrf-handler.c:418)
[32m07/10 01:49:09.475[0m: [[33mnrf[0m] [1;32mINFO[0m: [9955cde8-5d51-41f0-897b-53f8cf9c8455] Subscription created until 2025-07-11T01:49:09.475700-04:00 [duration:86400000000,validity:86400.000000] (../src/nrf/nnrf-handler.c:446)
[32m07/10 01:49:09.475[0m: [[33mnrf[0m] [1;32mINFO[0m: NF EndPoint(fqdn) setup [open5gs-amf:0] (../src/nrf/nnrf-handler.c:418)
[32m07/10 01:49:09.475[0m: [[33mnrf[0m] [1;32mINFO[0m: [9955cffa-5d51-41f0-897b-53f8cf9c8455] Subscription created until 2025-07-11T01:49:09.475753-04:00 [duration:86400000000,validity:86400.000000] (../src/nrf/nnrf-handler.c:446)
[32m07/10 01:49:09.475[0m: [[33mnrf[0m] [1;32mINFO[0m: NF EndPoint(fqdn) setup [open5gs-amf:0] (../src/nrf/nnrf-handler.c:418)
[32m07/10 01:49:09.475[0m: [[33mnrf[0m] [1;32mINFO[0m: [9955d25c-5d51-41f0-897b-53f8cf9c8455] Subscription created until 2025-07-11T01:49:09.475809-04:00 [duration:86400000000,validity:86400.000000] (../src/nrf/nnrf-handler.c:446)
[32m07/10 01:49:09.475[0m: [[33mnrf[0m] [1;32mINFO[0m: NF EndPoint(fqdn) setup [open5gs-amf:0] (../src/nrf/nnrf-handler.c:418)
[32m07/10 01:49:09.475[0m: [[33mnrf[0m] [1;32mINFO[0m: [9955d4aa-5d51-41f0-897b-53f8cf9c8455] Subscription created until 2025-07-11T01:49:09.475867-04:00 [duration:86400000000,validity:86400.000000] (../src/nrf/nnrf-handler.c:446)
[32m07/10 01:49:09.475[0m: [[33mnrf[0m] [1;32mINFO[0m: NF EndPoint(fqdn) setup [open5gs-amf:0] (../src/nrf/nnrf-handler.c:418)
[32m07/10 01:49:09.475[0m: [[33mnrf[0m] [1;32mINFO[0m: [9955d6bc-5d51-41f0-897b-53f8cf9c8455] Subscription created until 2025-07-11T01:49:09.475923-04:00 [duration:86400000000,validity:86400.000000] (../src/nrf/nnrf-handler.c:446)
[32m07/10 01:49:22.831[0m: [[33mnrf[0m] [1;36mWARNING[0m: [b0eabbfe-5d50-41f0-8ff3-81fafbbc8379] No heartbeat (../src/nrf/nrf-sm.c:278)
[32m07/10 01:49:22.831[0m: [[33mnrf[0m] [1;32mINFO[0m: [b0eabbfe-5d50-41f0-8ff3-81fafbbc8379] NF de-registered (../src/nrf/nf-sm.c:218)
[32m07/10 01:49:22.832[0m: [[33mnrf[0m] [1;36mWARNING[0m: Subscription notification failed [404] (../src/nrf/sbi-path.c:155)
[32m07/10 01:49:22.834[0m: [[33mnrf[0m] [1;36mWARNING[0m: Subscription notification failed [404] (../src/nrf/sbi-path.c:155)
