Open5GS daemon v2.7.2

[32m07/10 01:48:45.658[0m: [[33mapp[0m] [1;32mINFO[0m: Configuration: '/open5gs/config-map/smf.yaml' (../lib/app/ogs-init.c:133)
[32m07/10 01:48:45.658[0m: [[33mapp[0m] [1;32mINFO[0m: File Logging: '/var/log/open5gs/smf.log' (../lib/app/ogs-init.c:136)
[32m07/10 01:48:45.747[0m: [[33mpfcp[0m] [1;36mWARNING[0m: Please change the configuration files of smf.yaml and upf.yaml as below. (../lib/pfcp/context.c:2194)

<OLD Format>
smf:
  session:
    - subnet: 10.45.0.1/16

<NEW Format>
smf:
  session:
    - subnet: 10.45.0.0/16
      gateway: 10.45.0.1


[32m07/10 01:48:45.747[0m: [[33mpfcp[0m] [1;36mWARNING[0m: Please change the configuration files of smf.yaml and upf.yaml as below. (../lib/pfcp/context.c:2194)

<OLD Format>
smf:
  session:
    - subnet: 2001:db8:cafe::1/48

<NEW Format>
smf:
  session:
    - subnet: 2001:db8:cafe::/48
      gateway: 2001:db8:cafe::1


[32m07/10 01:48:45.748[0m: [[33msbi[0m] [1;32mINFO[0m: NF EndPoint(fqdn) setup [open5gs-scp:80] (../lib/sbi/context.c:474)
[32m07/10 01:48:45.749[0m: [[33mmetrics[0m] [1;32mINFO[0m: metrics_server() [http://0.0.0.0]:9090 (../lib/metrics/prometheus/context.c:299)
[32m07/10 01:48:45.749[0m: [[33msmf[0m] [1;36mWARNING[0m: No diameter configuration (../src/smf/fd-path.c:30)
[32m07/10 01:48:45.749[0m: [[33mgtp[0m] [1;32mINFO[0m: gtp_server() [10.244.3.40]:2123 (../lib/gtp/path.c:30)
[32m07/10 01:48:45.749[0m: [[33mgtp[0m] [1;32mINFO[0m: gtp_server() [10.244.3.40]:2152 (../lib/gtp/path.c:30)
[32m07/10 01:48:45.749[0m: [[33mpfcp[0m] [1;32mINFO[0m: pfcp_server() [10.244.3.40]:8805 (../lib/pfcp/path.c:30)
[32m07/10 01:48:45.749[0m: [[33mpfcp[0m] [1;32mINFO[0m: ogs_pfcp_connect() [10.96.184.90]:8805 (../lib/pfcp/path.c:61)
[32m07/10 01:48:45.749[0m: [[33msbi[0m] [1;32mINFO[0m: NF Service [nsmf-pdusession] (../lib/sbi/context.c:1829)
[32m07/10 01:48:45.749[0m: [[33msbi[0m] [1;32mINFO[0m: nghttp2_server() [http://0.0.0.0]:80 (../lib/sbi/nghttp2-server.c:424)
[32m07/10 01:48:45.749[0m: [[33mapp[0m] [1;32mINFO[0m: SMF initialize...done (../src/smf/app.c:31)
[32m07/10 01:48:45.750[0m: [[33msmf[0m] [1;32mINFO[0m: PFCP associated [10.96.184.90]:8805 (../src/smf/pfcp-sm.c:203)
[32m07/10 01:48:45.750[0m: [[33msbi[0m] [1;36mWARNING[0m: [7] Failed to connect to open5gs-scp port 80 after 0 ms: Connection refused (../lib/sbi/client.c:698)
[32m07/10 01:48:45.750[0m: [[33msbi[0m] [1;36mWARNING[0m: ogs_sbi_client_handler() failed [-1] (../lib/sbi/path.c:62)
[32m07/10 01:48:56.755[0m: [[33msbi[0m] [1;36mWARNING[0m: [8b2f93de-5d51-41f0-bfba-b7f58fd84515] Retry registration with NRF (../lib/sbi/nf-sm.c:169)
[32m07/10 01:48:56.756[0m: [[33msbi[0m] [1;33mERROR[0m: [8b2f93de-5d51-41f0-bfba-b7f58fd84515] HTTP Response Status Code [500] (../lib/sbi/nf-sm.c:145)
[32m07/10 01:48:58.758[0m: [[33msbi[0m] [1;36mWARNING[0m: [8b2f93de-5d51-41f0-bfba-b7f58fd84515] Retry registration with NRF (../lib/sbi/nf-sm.c:395)
[32m07/10 01:49:01.790[0m: [[33msbi[0m] [1;32mINFO[0m: [8b2f93de-5d51-41f0-bfba-b7f58fd84515] NF registered [Heartbeat:10s] (../lib/sbi/nf-sm.c:208)
[32m07/10 01:49:01.791[0m: [[33msbi[0m] [1;32mINFO[0m: NF EndPoint(fqdn) setup [open5gs-nrf:0] (../lib/sbi/nnrf-handler.c:949)
[32m07/10 01:49:01.791[0m: [[33msbi[0m] [1;32mINFO[0m: [94c11f62-5d51-41f0-897b-53f8cf9c8455] Subscription created until 2025-07-11T01:49:01.790416-04:00 [duration:86400000000,validity:86400.000000,patch:43200.000000] (../lib/sbi/nnrf-handler.c:868)
[32m07/10 01:49:01.791[0m: [[33msbi[0m] [1;32mINFO[0m: NF EndPoint(fqdn) setup [open5gs-nrf:0] (../lib/sbi/nnrf-handler.c:949)
[32m07/10 01:49:01.791[0m: [[33msbi[0m] [1;32mINFO[0m: [94c127be-5d51-41f0-897b-53f8cf9c8455] Subscription created until 2025-07-11T01:49:01.790624-04:00 [duration:86400000000,validity:86400.000000,patch:43200.000000] (../lib/sbi/nnrf-handler.c:868)
[32m07/10 01:49:01.791[0m: [[33msbi[0m] [1;32mINFO[0m: NF EndPoint(fqdn) setup [open5gs-nrf:0] (../lib/sbi/nnrf-handler.c:949)
[32m07/10 01:49:01.791[0m: [[33msbi[0m] [1;32mINFO[0m: [94c12d72-5d51-41f0-897b-53f8cf9c8455] Subscription created until 2025-07-11T01:49:01.790770-04:00 [duration:86400000000,validity:86400.000000,patch:43200.000000] (../lib/sbi/nnrf-handler.c:868)
[32m07/10 01:49:01.791[0m: [[33msbi[0m] [1;32mINFO[0m: NF EndPoint(fqdn) setup [open5gs-nrf:0] (../lib/sbi/nnrf-handler.c:949)
[32m07/10 01:49:01.791[0m: [[33msbi[0m] [1;32mINFO[0m: [94c131a0-5d51-41f0-897b-53f8cf9c8455] Subscription created until 2025-07-11T01:49:01.790878-04:00 [duration:86400000000,validity:86400.000000,patch:43200.000000] (../lib/sbi/nnrf-handler.c:868)
[32m07/10 01:49:01.791[0m: [[33msbi[0m] [1;32mINFO[0m: NF EndPoint(fqdn) setup [open5gs-nrf:0] (../lib/sbi/nnrf-handler.c:949)
[32m07/10 01:49:01.791[0m: [[33msbi[0m] [1;32mINFO[0m: [94c1381c-5d51-41f0-897b-53f8cf9c8455] Subscription created until 2025-07-11T01:49:01.791043-04:00 [duration:86400000000,validity:86400.000000,patch:43200.000000] (../lib/sbi/nnrf-handler.c:868)
[32m07/10 01:49:04.257[0m: [[33msbi[0m] [1;32mINFO[0m: [8b60a3c0-5d51-41f0-ba36-b33c82d9cbd1] (NRF-notify) NF registered (../lib/sbi/nnrf-handler.c:1133)
[32m07/10 01:49:04.257[0m: [[33msbi[0m] [1;32mINFO[0m: [8b60a3c0-5d51-41f0-ba36-b33c82d9cbd1] (NRF-notify) NF Profile updated [type:UDM] (../lib/sbi/nnrf-handler.c:1147)
[32m07/10 01:49:04.257[0m: [[33msbi[0m] [1;32mINFO[0m: NF EndPoint(fqdn) setup [open5gs-udm:0] (../lib/sbi/context.c:2195)
[32m07/10 01:49:04.257[0m: [[33msbi[0m] [1;32mINFO[0m: NF EndPoint(fqdn) setup [open5gs-udm:0] (../lib/sbi/context.c:1934)
[32m07/10 01:49:04.257[0m: [[33msbi[0m] [1;36mWARNING[0m: [8b60a3c0-5d51-41f0-ba36-b33c82d9cbd1] (NRF-notify) NF has already been added [type:UDM] (../lib/sbi/nnrf-handler.c:1135)
[32m07/10 01:49:04.257[0m: [[33msbi[0m] [1;32mINFO[0m: [8b60a3c0-5d51-41f0-ba36-b33c82d9cbd1] (NRF-notify) NF Profile updated [type:UDM] (../lib/sbi/nnrf-handler.c:1147)
[32m07/10 01:49:04.257[0m: [[33msbi[0m] [1;36mWARNING[0m: NF EndPoint(fqdn) updated [open5gs-udm:0] (../lib/sbi/context.c:2195)
[32m07/10 01:49:04.257[0m: [[33msbi[0m] [1;32mINFO[0m: NF EndPoint(fqdn) setup [open5gs-udm:0] (../lib/sbi/context.c:2195)
[32m07/10 01:49:04.257[0m: [[33msbi[0m] [1;36mWARNING[0m: NF EndPoint(fqdn) updated [open5gs-udm:0] (../lib/sbi/context.c:1934)
[32m07/10 01:49:04.257[0m: [[33msbi[0m] [1;32mINFO[0m: NF EndPoint(fqdn) setup [open5gs-udm:0] (../lib/sbi/context.c:1934)
[32m07/10 01:49:04.257[0m: [[33msbi[0m] [1;36mWARNING[0m: [8b60a3c0-5d51-41f0-ba36-b33c82d9cbd1] (NRF-notify) NF has already been added [type:UDM] (../lib/sbi/nnrf-handler.c:1135)
[32m07/10 01:49:04.257[0m: [[33msbi[0m] [1;32mINFO[0m: [8b60a3c0-5d51-41f0-ba36-b33c82d9cbd1] (NRF-notify) NF Profile updated [type:UDM] (../lib/sbi/nnrf-handler.c:1147)
[32m07/10 01:49:04.257[0m: [[33msbi[0m] [1;36mWARNING[0m: NF EndPoint(fqdn) updated [open5gs-udm:0] (../lib/sbi/context.c:2195)
[32m07/10 01:49:04.257[0m: [[33msbi[0m] [1;32mINFO[0m: NF EndPoint(fqdn) setup [open5gs-udm:0] (../lib/sbi/context.c:2195)
[32m07/10 01:49:04.257[0m: [[33msbi[0m] [1;36mWARNING[0m: NF EndPoint(fqdn) updated [open5gs-udm:0] (../lib/sbi/context.c:1934)
[32m07/10 01:49:04.257[0m: [[33msbi[0m] [1;32mINFO[0m: NF EndPoint(fqdn) setup [open5gs-udm:0] (../lib/sbi/context.c:1934)
[32m07/10 01:49:04.257[0m: [[33msbi[0m] [1;32mINFO[0m: NF EndPoint(fqdn) setup [open5gs-udm:0] (../lib/sbi/context.c:1934)
[32m07/10 01:49:04.258[0m: [[33msbi[0m] [1;36mWARNING[0m: [8b60a3c0-5d51-41f0-ba36-b33c82d9cbd1] (NRF-notify) NF has already been added [type:UDM] (../lib/sbi/nnrf-handler.c:1135)
[32m07/10 01:49:04.258[0m: [[33msbi[0m] [1;32mINFO[0m: [8b60a3c0-5d51-41f0-ba36-b33c82d9cbd1] (NRF-notify) NF Profile updated [type:UDM] (../lib/sbi/nnrf-handler.c:1147)
[32m07/10 01:49:04.258[0m: [[33msbi[0m] [1;36mWARNING[0m: NF EndPoint(fqdn) updated [open5gs-udm:0] (../lib/sbi/context.c:2195)
[32m07/10 01:49:04.258[0m: [[33msbi[0m] [1;32mINFO[0m: NF EndPoint(fqdn) setup [open5gs-udm:0] (../lib/sbi/context.c:2195)
[32m07/10 01:49:04.258[0m: [[33msbi[0m] [1;36mWARNING[0m: NF EndPoint(fqdn) updated [open5gs-udm:0] (../lib/sbi/context.c:1934)
[32m07/10 01:49:04.258[0m: [[33msbi[0m] [1;32mINFO[0m: NF EndPoint(fqdn) setup [open5gs-udm:0] (../lib/sbi/context.c:1934)
[32m07/10 01:49:04.258[0m: [[33msbi[0m] [1;36mWARNING[0m: NF EndPoint(fqdn) updated [open5gs-udm:0] (../lib/sbi/context.c:1934)
[32m07/10 01:49:04.258[0m: [[33msbi[0m] [1;32mINFO[0m: NF EndPoint(fqdn) setup [open5gs-udm:0] (../lib/sbi/context.c:1934)
[32m07/10 01:49:09.476[0m: [[33msbi[0m] [1;32mINFO[0m: [8b044c2e-5d51-41f0-8200-315da53a093d] (NRF-notify) NF registered (../lib/sbi/nnrf-handler.c:1133)
[32m07/10 01:49:09.476[0m: [[33msbi[0m] [1;32mINFO[0m: [8b044c2e-5d51-41f0-8200-315da53a093d] (NRF-notify) NF Profile updated [type:AMF] (../lib/sbi/nnrf-handler.c:1147)
[32m07/10 01:49:09.476[0m: [[33msbi[0m] [1;32mINFO[0m: NF EndPoint(fqdn) setup [open5gs-amf:0] (../lib/sbi/context.c:2195)
[32m07/10 01:49:09.476[0m: [[33msbi[0m] [1;32mINFO[0m: NF EndPoint(fqdn) setup [open5gs-amf:0] (../lib/sbi/context.c:1934)
[32m07/10 01:49:09.476[0m: [[33msbi[0m] [1;36mWARNING[0m: [8b044c2e-5d51-41f0-8200-315da53a093d] (NRF-notify) NF has already been added [type:AMF] (../lib/sbi/nnrf-handler.c:1135)
[32m07/10 01:49:09.476[0m: [[33msbi[0m] [1;32mINFO[0m: [8b044c2e-5d51-41f0-8200-315da53a093d] (NRF-notify) NF Profile updated [type:AMF] (../lib/sbi/nnrf-handler.c:1147)
[32m07/10 01:49:09.476[0m: [[33msbi[0m] [1;36mWARNING[0m: NF EndPoint(fqdn) updated [open5gs-amf:0] (../lib/sbi/context.c:2195)
[32m07/10 01:49:09.476[0m: [[33msbi[0m] [1;32mINFO[0m: NF EndPoint(fqdn) setup [open5gs-amf:0] (../lib/sbi/context.c:2195)
[32m07/10 01:49:09.476[0m: [[33msbi[0m] [1;36mWARNING[0m: NF EndPoint(fqdn) updated [open5gs-amf:0] (../lib/sbi/context.c:1934)
[32m07/10 01:49:09.476[0m: [[33msbi[0m] [1;32mINFO[0m: NF EndPoint(fqdn) setup [open5gs-amf:0] (../lib/sbi/context.c:1934)
[32m07/10 01:49:18.768[0m: [[33mpfcp[0m] [1;33mERROR[0m: Remote PFCP restarted [3961114977<3961115325] in Heartbeat RSP (../lib/pfcp/handler.c:76)
[32m07/10 01:49:18.768[0m: [[33msmf[0m] [1;32mINFO[0m: PFCP de-associated [10.96.184.90]:8805 (../src/smf/pfcp-sm.c:218)
[32m07/10 01:49:18.768[0m: [[33msmf[0m] [1;32mINFO[0m: PFCP associated [10.96.184.90]:8805 (../src/smf/pfcp-sm.c:203)
[32m07/10 01:49:18.768[0m: [[33msmf[0m] [1;33mERROR[0m: PFCP restoration (../src/smf/pfcp-sm.c:214)
[32m07/10 01:52:26.175[0m: [[33msmf[0m] [1;32mINFO[0m: [Added] Number of SMF-UEs is now 1 (../src/smf/context.c:1029)
[32m07/10 01:52:26.175[0m: [[33msmf[0m] [1;32mINFO[0m: [Added] Number of SMF-Sessions is now 1 (../src/smf/context.c:3113)
[32m07/10 01:52:26.175[0m: [[33msmf[0m] [1;32mINFO[0m: NF EndPoint(fqdn) setup [open5gs-amf:0] (../src/smf/nsmf-handler.c:269)
[32m07/10 01:52:26.175[0m: [[33msbi[0m] [1;32mINFO[0m: [8b60a3c0-5d51-41f0-ba36-b33c82d9cbd1] NF Instance setup [type:UDM validity:0s] (../lib/sbi/path.c:297)
[32m07/10 01:52:26.184[0m: [[33msbi[0m] [1;32mINFO[0m: [PCF] (SCP-discover) NF registered [949b1bc8-5d51-41f0-a86c-112b4e9614f6] (../lib/sbi/path.c:212)
[32m07/10 01:52:26.184[0m: [[33msbi[0m] [1;32mINFO[0m: [949b1bc8-5d51-41f0-a86c-112b4e9614f6] NF Instance setup [type:PCF validity:0s] (../lib/sbi/path.c:227)
[32m07/10 01:52:26.184[0m: [[33msmf[0m] [1;32mINFO[0m: NF EndPoint(fqdn) setup [open5gs-pcf:0] (../src/smf/npcf-handler.c:367)
[32m07/10 01:52:26.184[0m: [[33msmf[0m] [1;32mINFO[0m: UE SUPI[imsi-208930000000003] DNN[internet] IPv4[10.45.0.2] IPv6[] (../src/smf/npcf-handler.c:578)
[32m07/10 01:52:26.184[0m: [[33mgtp[0m] [1;32mINFO[0m: gtp_connect() [10.244.2.33]:2152 (../lib/gtp/path.c:60)
[32m07/10 01:52:26.185[0m: [[33msbi[0m] [1;32mINFO[0m: [8b044c2e-5d51-41f0-8200-315da53a093d] NF Instance setup [type:AMF validity:0s] (../lib/sbi/path.c:297)
[32m07/10 01:52:26.693[0m: [[33msbi[0m] [1;32mINFO[0m: [8b60a3c0-5d51-41f0-ba36-b33c82d9cbd1] NF Instance setup [type:UDM validity:0s] (../lib/sbi/path.c:297)
[32m07/10 01:52:29.791[0m: [[33msmf[0m] [1;32mINFO[0m: Removed Session: UE IMSI:[imsi-208930000000003] DNN:[internet:10] IPv4:[10.45.0.2] IPv6:[] (../src/smf/context.c:1689)
[32m07/10 01:52:29.791[0m: [[33msmf[0m] [1;32mINFO[0m: [Removed] Number of SMF-Sessions is now 0 (../src/smf/context.c:3121)
[32m07/10 01:52:29.791[0m: [[33msmf[0m] [1;32mINFO[0m: [Removed] Number of SMF-UEs is now 0 (../src/smf/context.c:1090)
