Open5GS daemon v2.7.2

[32m07/10 01:48:46.055[0m: [[33mapp[0m] [1;32mINFO[0m: Configuration: '/open5gs/config-map/udm.yaml' (../lib/app/ogs-init.c:133)
[32m07/10 01:48:46.055[0m: [[33mapp[0m] [1;32mINFO[0m: File Logging: '/var/log/open5gs/udm.log' (../lib/app/ogs-init.c:136)
[32m07/10 01:48:46.059[0m: [[33msbi[0m] [1;32mINFO[0m: NF EndPoint(fqdn) setup [open5gs-scp:80] (../lib/sbi/context.c:474)
[32m07/10 01:48:46.059[0m: [[33mudm[0m] [1;36mWARNING[0m: unknown key `metrics` (../src/udm/context.c:136)
[32m07/10 01:48:46.059[0m: [[33msbi[0m] [1;32mINFO[0m: NF Service [nudm-ueau] (../lib/sbi/context.c:1829)
[32m07/10 01:48:46.059[0m: [[33msbi[0m] [1;32mINFO[0m: NF Service [nudm-uecm] (../lib/sbi/context.c:1829)
[32m07/10 01:48:46.059[0m: [[33msbi[0m] [1;32mINFO[0m: NF Service [nudm-sdm] (../lib/sbi/context.c:1829)
[32m07/10 01:48:46.060[0m: [[33msbi[0m] [1;32mINFO[0m: nghttp2_server() [http://0.0.0.0]:80 (../lib/sbi/nghttp2-server.c:424)
[32m07/10 01:48:46.060[0m: [[33mapp[0m] [1;32mINFO[0m: UDM initialize...done (../src/udm/app.c:31)
[32m07/10 01:48:46.061[0m: [[33msbi[0m] [1;36mWARNING[0m: [7] Failed to connect to open5gs-scp port 80 after 0 ms: Connection refused (../lib/sbi/client.c:698)
[32m07/10 01:48:46.061[0m: [[33msbi[0m] [1;36mWARNING[0m: ogs_sbi_client_handler() failed [-1] (../lib/sbi/path.c:62)
[32m07/10 01:48:57.071[0m: [[33msbi[0m] [1;36mWARNING[0m: [8b60a3c0-5d51-41f0-ba36-b33c82d9cbd1] Retry registration with NRF (../lib/sbi/nf-sm.c:169)
[32m07/10 01:49:04.256[0m: [[33msbi[0m] [1;32mINFO[0m: [8b60a3c0-5d51-41f0-ba36-b33c82d9cbd1] NF registered [Heartbeat:10s] (../lib/sbi/nf-sm.c:208)
[32m07/10 01:49:04.259[0m: [[33msbi[0m] [1;32mINFO[0m: NF EndPoint(fqdn) setup [open5gs-nrf:0] (../lib/sbi/nnrf-handler.c:949)
[32m07/10 01:49:04.259[0m: [[33msbi[0m] [1;32mINFO[0m: [9639ae22-5d51-41f0-897b-53f8cf9c8455] Subscription created until 2025-07-11T01:49:04.258266-04:00 [duration:86400000000,validity:86400.000000,patch:43200.000000] (../lib/sbi/nnrf-handler.c:868)
[32m07/10 01:49:04.259[0m: [[33msbi[0m] [1;32mINFO[0m: NF EndPoint(fqdn) setup [open5gs-nrf:0] (../lib/sbi/nnrf-handler.c:949)
[32m07/10 01:49:04.259[0m: [[33msbi[0m] [1;32mINFO[0m: [9639b3f4-5d51-41f0-897b-53f8cf9c8455] Subscription created until 2025-07-11T01:49:04.258371-04:00 [duration:86400000000,validity:86400.000000,patch:43200.000000] (../lib/sbi/nnrf-handler.c:868)
[32m07/10 01:52:25.947[0m: [[33msbi[0m] [1;32mINFO[0m: [UDR] (SCP-discover) NF registered [8baaefc0-5d51-41f0-8067-5b9cd8e9afc3] (../lib/sbi/path.c:212)
[32m07/10 01:52:25.947[0m: [[33msbi[0m] [1;32mINFO[0m: [8baaefc0-5d51-41f0-8067-5b9cd8e9afc3] NF Instance setup [type:UDR validity:0s] (../lib/sbi/path.c:227)
[32m07/10 01:52:26.696[0m: [[33msbi[0m] [1;36mWARNING[0m: [UDR] (SCP-discover) NF has already been added [8baaefc0-5d51-41f0-8067-5b9cd8e9afc3] (../lib/sbi/path.c:217)
[32m07/10 01:52:26.696[0m: [[33msbi[0m] [1;32mINFO[0m: [8baaefc0-5d51-41f0-8067-5b9cd8e9afc3] NF Instance setup [type:UDR validity:0s] (../lib/sbi/path.c:227)
