1
MongoDB is ready!
Open5GS daemon v2.7.2

[32m07/10 01:49:01.538[0m: [[33mapp[0m] [1;32mINFO[0m: Configuration: '/open5gs/config-map/pcf.yaml' (../lib/app/ogs-init.c:133)
[32m07/10 01:49:01.538[0m: [[33mapp[0m] [1;32mINFO[0m: File Logging: '/var/log/open5gs/pcf.log' (../lib/app/ogs-init.c:136)
[32m07/10 01:49:01.542[0m: [[33msbi[0m] [1;32mINFO[0m: NF EndPoint(fqdn) setup [open5gs-scp:80] (../lib/sbi/context.c:474)
[32m07/10 01:49:01.542[0m: [[33mmetrics[0m] [1;32mINFO[0m: metrics_server() [http://0.0.0.0]:9090 (../lib/metrics/prometheus/context.c:299)
[32m07/10 01:49:01.544[0m: [[33mdbi[0m] [1;32mINFO[0m: MongoDB URI: 'mongodb://mongodb-svc/open5gs' (../lib/dbi/ogs-mongoc.c:130)
[32m07/10 01:49:01.544[0m: [[33msbi[0m] [1;32mINFO[0m: NF Service [npcf-am-policy-control] (../lib/sbi/context.c:1829)
[32m07/10 01:49:01.544[0m: [[33msbi[0m] [1;32mINFO[0m: NF Service [npcf-smpolicycontrol] (../lib/sbi/context.c:1829)
[32m07/10 01:49:01.544[0m: [[33msbi[0m] [1;32mINFO[0m: NF Service [npcf-policyauthorization] (../lib/sbi/context.c:1829)
[32m07/10 01:49:01.545[0m: [[33msbi[0m] [1;32mINFO[0m: nghttp2_server() [http://0.0.0.0]:80 (../lib/sbi/nghttp2-server.c:424)
[32m07/10 01:49:01.545[0m: [[33mapp[0m] [1;32mINFO[0m: PCF initialize...done (../src/pcf/app.c:31)
[32m07/10 01:49:01.547[0m: [[33msbi[0m] [1;32mINFO[0m: [949b1bc8-5d51-41f0-a86c-112b4e9614f6] NF registered [Heartbeat:10s] (../lib/sbi/nf-sm.c:208)
[32m07/10 01:49:01.548[0m: [[33msbi[0m] [1;32mINFO[0m: NF EndPoint(fqdn) setup [open5gs-nrf:0] (../lib/sbi/nnrf-handler.c:949)
[32m07/10 01:49:01.548[0m: [[33msbi[0m] [1;32mINFO[0m: [949c2d2e-5d51-41f0-897b-53f8cf9c8455] Subscription created until 2025-07-11T01:49:01.548295-04:00 [duration:86400000000,validity:86400.000000,patch:43200.000000] (../lib/sbi/nnrf-handler.c:868)
[32m07/10 01:49:01.548[0m: [[33msbi[0m] [1;32mINFO[0m: NF EndPoint(fqdn) setup [open5gs-nrf:0] (../lib/sbi/nnrf-handler.c:949)
[32m07/10 01:49:01.548[0m: [[33msbi[0m] [1;32mINFO[0m: [949c33b4-5d51-41f0-897b-53f8cf9c8455] Subscription created until 2025-07-11T01:49:01.548451-04:00 [duration:86400000000,validity:86400.000000,patch:43200.000000] (../lib/sbi/nnrf-handler.c:868)
[32m07/10 01:49:01.549[0m: [[33msbi[0m] [1;32mINFO[0m: NF EndPoint(fqdn) setup [open5gs-nrf:0] (../lib/sbi/nnrf-handler.c:949)
[32m07/10 01:49:01.549[0m: [[33msbi[0m] [1;32mINFO[0m: [949c3a30-5d51-41f0-897b-53f8cf9c8455] Subscription created until 2025-07-11T01:49:01.548613-04:00 [duration:86400000000,validity:86400.000000,patch:43200.000000] (../lib/sbi/nnrf-handler.c:868)
[32m07/10 01:49:02.592[0m: [[33msbi[0m] [1;32mINFO[0m: [8baaefc0-5d51-41f0-8067-5b9cd8e9afc3] (NRF-notify) NF registered (../lib/sbi/nnrf-handler.c:1133)
[32m07/10 01:49:02.593[0m: [[33msbi[0m] [1;32mINFO[0m: [8baaefc0-5d51-41f0-8067-5b9cd8e9afc3] (NRF-notify) NF Profile updated [type:UDR] (../lib/sbi/nnrf-handler.c:1147)
[32m07/10 01:49:02.593[0m: [[33msbi[0m] [1;32mINFO[0m: NF EndPoint(fqdn) setup [open5gs-udr:0] (../lib/sbi/context.c:2195)
[32m07/10 01:49:02.593[0m: [[33msbi[0m] [1;32mINFO[0m: NF EndPoint(fqdn) setup [open5gs-udr:0] (../lib/sbi/context.c:1934)
[32m07/10 01:52:25.962[0m: [[33mpcf[0m] [1;32mINFO[0m: NF EndPoint(fqdn) setup [open5gs-amf:0] (../src/pcf/npcf-handler.c:114)
[32m07/10 01:52:25.962[0m: [[33msbi[0m] [1;32mINFO[0m: [8baaefc0-5d51-41f0-8067-5b9cd8e9afc3] NF Instance setup [type:UDR validity:0s] (../lib/sbi/path.c:297)
[32m07/10 01:52:26.180[0m: [[33mpcf[0m] [1;32mINFO[0m: NF EndPoint(fqdn) setup [open5gs-smf:0] (../src/pcf/npcf-handler.c:447)
[32m07/10 01:52:26.180[0m: [[33msbi[0m] [1;32mINFO[0m: [8baaefc0-5d51-41f0-8067-5b9cd8e9afc3] NF Instance setup [type:UDR validity:0s] (../lib/sbi/path.c:297)
[32m07/10 01:52:26.181[0m: [[33mpcf[0m] [1;32mINFO[0m: [949b1bc8-5d51-41f0-a86c-112b4e9614f6] NF Instance setup [type:PCF validity:0s] (../src/pcf/nudr-handler.c:227)
[32m07/10 01:52:26.183[0m: [[33msbi[0m] [1;32mINFO[0m: [BSF] (SCP-discover) NF registered [8b07d614-5d51-41f0-89ee-87a2e8bfcabc] (../lib/sbi/path.c:212)
[32m07/10 01:52:26.183[0m: [[33msbi[0m] [1;32mINFO[0m: [8b07d614-5d51-41f0-89ee-87a2e8bfcabc] NF Instance setup [type:BSF validity:0s] (../lib/sbi/path.c:227)
[32m07/10 01:52:26.183[0m: [[33mpcf[0m] [1;32mINFO[0m: NF EndPoint(fqdn) setup [open5gs-bsf:0] (../src/pcf/nbsf-handler.c:151)
