Open5GS daemon v2.7.2

[32m07/10 01:48:45.399[0m: [[33mapp[0m] [1;32mINFO[0m: Configuration: '/open5gs/config-map/nssf.yaml' (../lib/app/ogs-init.c:133)
[32m07/10 01:48:45.399[0m: [[33mapp[0m] [1;32mINFO[0m: File Logging: '/var/log/open5gs/nssf.log' (../lib/app/ogs-init.c:136)
[32m07/10 01:48:45.403[0m: [[33msbi[0m] [1;32mINFO[0m: NF EndPoint(fqdn) setup [open5gs-scp:80] (../lib/sbi/context.c:474)
[32m07/10 01:48:45.403[0m: [[33mnssf[0m] [1;36mWARNING[0m: unknown key `metrics` (../src/nssf/context.c:266)
[32m07/10 01:48:45.403[0m: [[33msbi[0m] [1;32mINFO[0m: NF Service [nnssf-nsselection] (../lib/sbi/context.c:1829)
[32m07/10 01:48:45.403[0m: [[33msbi[0m] [1;32mINFO[0m: nghttp2_server() [http://0.0.0.0]:80 (../lib/sbi/nghttp2-server.c:424)
[32m07/10 01:48:45.404[0m: [[33mapp[0m] [1;32mINFO[0m: NSSF initialize...done (../src/nssf/app.c:31)
[32m07/10 01:48:56.415[0m: [[33msbi[0m] [1;33mERROR[0m: Connection timer expired (../lib/sbi/client.c:605)
[32m07/10 01:48:56.415[0m: [[33msbi[0m] [1;36mWARNING[0m: ogs_sbi_client_handler() failed [-3] (../lib/sbi/path.c:62)
[32m07/10 01:48:56.415[0m: [[33msbi[0m] [1;36mWARNING[0m: [8afc95f6-5d51-41f0-a93b-ad6a5fe8dbea] Retry registration with NRF (../lib/sbi/nf-sm.c:169)
[32m07/10 01:48:56.416[0m: [[33msbi[0m] [1;33mERROR[0m: [8afc95f6-5d51-41f0-a93b-ad6a5fe8dbea] HTTP Response Status Code [500] (../lib/sbi/nf-sm.c:145)
[32m07/10 01:48:58.418[0m: [[33msbi[0m] [1;36mWARNING[0m: [8afc95f6-5d51-41f0-a93b-ad6a5fe8dbea] Retry registration with NRF (../lib/sbi/nf-sm.c:395)
[32m07/10 01:48:58.419[0m: [[33msbi[0m] [1;33mERROR[0m: [8afc95f6-5d51-41f0-a93b-ad6a5fe8dbea] HTTP Response Status Code [500] (../lib/sbi/nf-sm.c:145)
[32m07/10 01:49:00.421[0m: [[33msbi[0m] [1;36mWARNING[0m: [8afc95f6-5d51-41f0-a93b-ad6a5fe8dbea] Retry registration with NRF (../lib/sbi/nf-sm.c:395)
[32m07/10 01:49:00.422[0m: [[33msbi[0m] [1;33mERROR[0m: [8afc95f6-5d51-41f0-a93b-ad6a5fe8dbea] HTTP Response Status Code [500] (../lib/sbi/nf-sm.c:145)
[32m07/10 01:49:02.424[0m: [[33msbi[0m] [1;36mWARNING[0m: [8afc95f6-5d51-41f0-a93b-ad6a5fe8dbea] Retry registration with NRF (../lib/sbi/nf-sm.c:395)
[32m07/10 01:49:02.425[0m: [[33msbi[0m] [1;32mINFO[0m: [8afc95f6-5d51-41f0-a93b-ad6a5fe8dbea] NF registered [Heartbeat:10s] (../lib/sbi/nf-sm.c:208)
[32m07/10 01:49:02.426[0m: [[33msbi[0m] [1;32mINFO[0m: NF EndPoint(fqdn) setup [open5gs-nrf:0] (../lib/sbi/nnrf-handler.c:949)
[32m07/10 01:49:02.426[0m: [[33msbi[0m] [1;32mINFO[0m: [95221eac-5d51-41f0-897b-53f8cf9c8455] Subscription created until 2025-07-11T01:49:02.426095-04:00 [duration:86400000000,validity:86400.000000,patch:43200.000000] (../lib/sbi/nnrf-handler.c:868)
