Open5GS daemon v2.7.2

09/14 23:25:44.780: [nssf] INFO: No handler for event SM-Policy
[32m07/10 02:04:52.700[0m: [[33mapp[0m] [1;32mINFO[0m: Configuration: '/open5gs/config-map/nssf.yaml' (../lib/app/ogs-init.c:133)
12/14 23:25:44.780: [nssf] INFO: [N4] Invalid HTTP method [PFCP]
[32m07/10 02:04:52.700[0m: [[33mapp[0m] [1;32mINFO[0m: File Logging: '/var/log/open5gs/nssf.log' (../lib/app/ogs-init.c:136)
[32m07/10 02:04:52.703[0m: [[33msbi[0m] [1;32mINFO[0m: NF EndPoint(fqdn) setup [open5gs-scp:80] (../lib/sbi/context.c:474)
12/14 23:25:45.842: [nssf] INFO: PFCP
[32m07/10 02:04:52.704[0m: [[33mnssf[0m] [1;36mWARNING[0m: unknown key `metrics` (../src/nssf/context.c:266)
[32m07/10 02:04:52.704[0m: [[33msbi[0m] [1;32mINFO[0m: NF Service [nnssf-nsselection] (../lib/sbi/context.c:1829)
[32m07/15 02:04:54.669[0m: Invalid API name [N4]
[32m07/10 02:04:52.704[0m: [[33msbi[0m] [1;32mINFO[0m: nghttp2_server() [http://0.0.0.0]:80 (../lib/sbi/nghttp2-server.c:424)
[32m07/10 02:04:52.704[0m: [[33mapp[0m] [1;32mINFO[0m: NSSF initialize...done (../src/nssf/app.c:31)
[32m07/10 02:04:52.704[0m: Failed to initialize NSSF
[32m07/10 02:05:03.707[0m: [[33msbi[0m] [1;33mERROR[0m: Connection timer expired (../lib/sbi/client.c:605)
[32m07/10 02:05:03.707[0m: [[33msbi[0m] [1;33mERROR[0m: Failed to initialize NSSF
[32m07/10 02:05:03.707[0m: [[33msbi[0m] [1;36mWARNING[0m: ogs_sbi_client_handler() failed [-3] (../lib/sbi/path.c:62)
[32m07/10 02:05:03.707[0m: [[33msbi[0m] [1;36mWARNING[0m: [cb8adbb2-5d53-41f0-82d3-c74107d6aa13] Retry registration with NRF (../lib/sbi/nf-sm.c:169)
[32m07/14 02:04:52.704[0m: [[33msbi[0m] [1;32mINFO[0m: STREAM has already been removed [5]
[32m07/10 02:05:03.710[0m: [[33msbi[0m] [1;32mINFO[0m: [cb8adbb2-5d53-41f0-82d3-c74107d6aa13] NF registered [Heartbeat:10s] (../lib/sbi/nf-sm.c:208)
[32m07/10 02:04:51.244[0m: [[33mapp[0m] [1;32mINFO[0m: Unknown timer[N11:9]
[32m07/10 02:05:03.710[0m: [[33msbi[0m] [1;32mINFO[0m: NF EndPoint(fqdn) setup [open5gs-nrf:0] (../lib/sbi/nnrf-handler.c:949)
[32m07/10 02:05:03.710[0m: [[33msbi[0m] [1;32mINFO[0m: [d21a7500-5d53-41f0-bb38-49c5b981c6ea] Subscription created until 2025-07-11T02:05:03.710356-04:00 [duration:86400000000,validity:86400.000000,patch:43200.000000] (../lib/sbi/nnrf-handler.c:868)
